Using pre-set license
Built from '2022.3/release' branch; Version is '2022.3.48f1 (8bf49c377ebf) revision 9172124'; Using compiler version '192829333'; Build Type 'Release'
OS: 'Windows 11  (10.0.22631) 64bit Core' Language: 'ru' Physical Memory: 15693 MB
BatchMode: 1, IsHumanControllingUs: 0, StartBugReporterOnCrash: 0, Is64bit: 1, IsPro: 1

COMMAND LINE ARGUMENTS:
C:\Program Files\Unity\Hub\Editor\2022.3.48f1\Editor\Unity.exe
-adb2
-batchMode
-noUpm
-name
AssetImportWorker8
-projectPath
C:/Users/annam/unity_workspace/cellProject1
-logFile
Logs/AssetImportWorker8.log
-srvPort
64163
Successfully changed project path to: C:/Users/annam/unity_workspace/cellProject1
C:/Users/annam/unity_workspace/cellProject1
[UnityMemory] Configuration Parameters - Can be set up in boot.config
    "memorysetup-bucket-allocator-granularity=16"
    "memorysetup-bucket-allocator-bucket-count=8"
    "memorysetup-bucket-allocator-block-size=33554432"
    "memorysetup-bucket-allocator-block-count=8"
    "memorysetup-main-allocator-block-size=16777216"
    "memorysetup-thread-allocator-block-size=16777216"
    "memorysetup-gfx-main-allocator-block-size=16777216"
    "memorysetup-gfx-thread-allocator-block-size=16777216"
    "memorysetup-cache-allocator-block-size=4194304"
    "memorysetup-typetree-allocator-block-size=2097152"
    "memorysetup-profiler-bucket-allocator-granularity=16"
    "memorysetup-profiler-bucket-allocator-bucket-count=8"
    "memorysetup-profiler-bucket-allocator-block-size=33554432"
    "memorysetup-profiler-bucket-allocator-block-count=8"
    "memorysetup-profiler-allocator-block-size=16777216"
    "memorysetup-profiler-editor-allocator-block-size=1048576"
    "memorysetup-temp-allocator-size-main=16777216"
    "memorysetup-job-temp-allocator-block-size=2097152"
    "memorysetup-job-temp-allocator-block-size-background=1048576"
    "memorysetup-job-temp-allocator-reduction-small-platforms=262144"
    "memorysetup-allocator-temp-initial-block-size-main=262144"
    "memorysetup-allocator-temp-initial-block-size-worker=262144"
    "memorysetup-temp-allocator-size-background-worker=32768"
    "memorysetup-temp-allocator-size-job-worker=262144"
    "memorysetup-temp-allocator-size-preload-manager=33554432"
    "memorysetup-temp-allocator-size-nav-mesh-worker=65536"
    "memorysetup-temp-allocator-size-audio-worker=65536"
    "memorysetup-temp-allocator-size-cloud-worker=32768"
    "memorysetup-temp-allocator-size-gi-baking-worker=262144"
    "memorysetup-temp-allocator-size-gfx=262144"
Player connection [79952]  Target information:

Player connection [79952]  * "[IP] 192.168.56.1 [Port] 0 [Flags] 2 [Guid] 3121133675 [EditorId] 3121133675 [Version] 1048832 [Id] WindowsEditor(7,annamy) [Debug] 1 [PackageName] WindowsEditor [ProjectName] Editor" 

Player connection [79952]  * "[IP] 192.168.1.104 [Port] 0 [Flags] 2 [Guid] 3121133675 [EditorId] 3121133675 [Version] 1048832 [Id] WindowsEditor(7,annamy) [Debug] 1 [PackageName] WindowsEditor [ProjectName] Editor" 

Player connection [79952] Host joined multi-casting on [225.0.0.222:54997]...
Player connection [79952] Host joined alternative multi-casting on [225.0.0.222:34997]...
[PhysX] Initialized MultithreadedTaskDispatcher with 12 workers.
Refreshing native plugins compatible for Editor in 29.53 ms, found 4 plugins.
Preloading 0 native plugins for Editor in 0.00 ms.
Initialize engine version: 2022.3.48f1 (8bf49c377ebf)
[Subsystems] Discovering subsystems at path C:/Program Files/Unity/Hub/Editor/2022.3.48f1/Editor/Data/Resources/UnitySubsystems
[Subsystems] Discovering subsystems at path C:/Users/annam/unity_workspace/cellProject1/Assets
GfxDevice: creating device client; threaded=0; jobified=0
Direct3D:
    Version:  Direct3D 11.0 [level 11.1]
    Renderer: AMD Radeon(TM) Graphics (ID=0x164c)
    Vendor:   ATI
    VRAM:     7846 MB
    Driver:   31.0.21910.4002
Initialize mono
Mono path[0] = 'C:/Program Files/Unity/Hub/Editor/2022.3.48f1/Editor/Data/Managed'
Mono path[1] = 'C:/Program Files/Unity/Hub/Editor/2022.3.48f1/Editor/Data/MonoBleedingEdge/lib/mono/unityjit-win32'
Mono config path = 'C:/Program Files/Unity/Hub/Editor/2022.3.48f1/Editor/Data/MonoBleedingEdge/etc'
Using monoOptions --debugger-agent=transport=dt_socket,embedding=1,server=y,suspend=n,address=127.0.0.1:56248
Begin MonoManager ReloadAssembly
Registering precompiled unity dll's ...
Register platform support module: C:/Program Files/Unity/Hub/Editor/2022.3.48f1/Editor/Data/PlaybackEngines/WebGLSupport/UnityEditor.WebGL.Extensions.dll
Register platform support module: C:/Program Files/Unity/Hub/Editor/2022.3.48f1/Editor/Data/PlaybackEngines/AndroidPlayer/UnityEditor.Android.Extensions.dll
Register platform support module: C:/Program Files/Unity/Hub/Editor/2022.3.48f1/Editor/Data/PlaybackEngines/WindowsStandaloneSupport/UnityEditor.WindowsStandalone.Extensions.dll
Registered in 0.022789 seconds.
- Loaded All Assemblies, in  0.604 seconds
Native extension for WindowsStandalone target not found
Native extension for Android target not found
Android Extension - Scanning For ADB Devices 421 ms
Native extension for WebGL target not found
Mono: successfully reloaded assembly
- Finished resetting the current domain, in  0.856 seconds
Domain Reload Profiling: 1456ms
	BeginReloadAssembly (176ms)
		ExecutionOrderSort (0ms)
		DisableScriptedObjects (0ms)
		BackupInstance (0ms)
		ReleaseScriptingObjects (0ms)
		CreateAndSetChildDomain (1ms)
	RebuildCommonClasses (62ms)
	RebuildNativeTypeToScriptingClass (18ms)
	initialDomainReloadingComplete (102ms)
	LoadAllAssembliesAndSetupDomain (242ms)
		LoadAssemblies (174ms)
		RebuildTransferFunctionScriptingTraits (0ms)
		AnalyzeDomain (237ms)
			TypeCache.Refresh (235ms)
				TypeCache.ScanAssembly (216ms)
			ScanForSourceGeneratedMonoScriptInfo (1ms)
			ResolveRequiredComponents (1ms)
	FinalizeReload (856ms)
		ReleaseScriptCaches (0ms)
		RebuildScriptCaches (0ms)
		SetupLoadedEditorAssemblies (791ms)
			LogAssemblyErrors (0ms)
			InitializePlatformSupportModulesInManaged (546ms)
			SetLoadedEditorAssemblies (6ms)
			RefreshPlugins (0ms)
			BeforeProcessingInitializeOnLoad (3ms)
			ProcessInitializeOnLoadAttributes (173ms)
			ProcessInitializeOnLoadMethodAttributes (63ms)
			AfterProcessingInitializeOnLoad (0ms)
			EditorAssembliesLoaded (0ms)
		ExecutionOrderSort2 (0ms)
		AwakeInstancesAfterBackupRestoration (0ms)
========================================================================
Worker process is ready to serve import requests
Caller must complete domain reload
0x00007ff7780ceb4d (Unity) StackWalker::GetCurrentCallstack
0x00007ff7780d3c29 (Unity) StackWalker::ShowCallstack
0x00007ff7790c5041 (Unity) GetStacktrace
0x00007ff77978020e (Unity) DebugStringToFile
0x00007ff77977ff4a (Unity) AssertImplementation
0x00007ff778f629cc (Unity) Internal_ADB_WorkerOnly_DomainReload
0x00007ff779449774 (Unity) WorkerDomainReloadV2
0x00007ff77946a39f (Unity) <lambda_943be6b2c5671afd01d59371cf3ef730>::operator()
0x00007ff7794a61b2 (Unity) asio::detail::completion_handler<core::mutable_function<void __cdecl(void)>,asio::io_context::basic_executor_type<std::allocator<void>,0> >::do_complete
0x00007ff77949215e (Unity) asio::detail::win_iocp_io_context::do_one
0x00007ff779493d8e (Unity) asio::detail::win_iocp_io_context::run
0x00007ff7794a455c (Unity) IOService::Run
0x00007ff7794779bf (Unity) AssetImportWorkerClient::Run
0x00007ff779443327 (Unity) RunAssetImportWorkerClientV2
0x00007ff7794433ab (Unity) RunAssetImporterV2
0x00007ff778c3bdfe (Unity) Application::InitializeProject
0x00007ff7790cfcd5 (Unity) WinMain
0x00007ff77a481d4e (Unity) __scrt_common_main_seh
0x00007ffbfbff259d (KERNEL32) BaseThreadInitThunk
0x00007ffbfe00af38 (ntdll) RtlUserThreadStart

Begin MonoManager ReloadAssembly
- Loaded All Assemblies, in  1.109 seconds
Native extension for WindowsStandalone target not found
Native extension for Android target not found
Native extension for WebGL target not found
System.Exception: Error! Visual Scripting: couldn't find visual scripting package
  at Unity.VisualScripting.PackageVersionUtility.get_version () [0x00043] in .\Library\PackageCache\com.unity.visualscripting@1.9.4\Editor\VisualScripting.Core\Utilities\PackageVersionUtility.cs:31 
  at Unity.VisualScripting.BoltCoreManifest.get_version () [0x00000] in .\Library\PackageCache\com.unity.visualscripting@1.9.4\Editor\VisualScripting.Core\Plugin\BoltCoreManifest.cs:11 
  at Unity.VisualScripting.PluginManifest.get_currentVersion () [0x00000] in .\Library\PackageCache\com.unity.visualscripting@1.9.4\Editor\VisualScripting.Core\Plugins\PluginManifest.cs:33 
  at Unity.VisualScripting.PluginManifest.get_versionMismatch () [0x00000] in .\Library\PackageCache\com.unity.visualscripting@1.9.4\Editor\VisualScripting.Core\Plugins\PluginManifest.cs:48 
  at Unity.VisualScripting.PluginContainer.Initialize () [0x00525] in .\Library\PackageCache\com.unity.visualscripting@1.9.4\Editor\VisualScripting.Core\Plugins\PluginContainer.cs:208 
  at Unity.VisualScripting.PluginContainer.InitializeOnLoad () [0x00009] in .\Library\PackageCache\com.unity.visualscripting@1.9.4\Editor\VisualScripting.Core\Plugins\PluginContainer.cs:32 
  at Unity.VisualScripting.VSUsageUtility.DoInitializeOnLoadCalls () [0x00034] in .\Library\PackageCache\com.unity.visualscripting@1.9.4\Editor\VisualScripting.Core\Utilities\VSUsageUtility.cs:76 
  at Unity.VisualScripting.VSUsageUtility.set_isVisualScriptingUsed (System.Boolean value) [0x0002c] in .\Library\PackageCache\com.unity.visualscripting@1.9.4\Editor\VisualScripting.Core\Utilities\VSUsageUtility.cs:114 
  at Unity.VisualScripting.VSUsageUtility.CheckAndSetIsVisualScriptingUsed () [0x00032] in .\Library\PackageCache\com.unity.visualscripting@1.9.4\Editor\VisualScripting.Core\Utilities\VSUsageUtility.cs:48 
  at Unity.VisualScripting.VSUsageUtility..cctor () [0x00000] in .\Library\PackageCache\com.unity.visualscripting@1.9.4\Editor\VisualScripting.Core\Utilities\VSUsageUtility.cs:22 
0x00007ff7780ceb4d (Unity) StackWalker::GetCurrentCallstack
0x00007ff7780d3c29 (Unity) StackWalker::ShowCallstack
0x00007ff7790c5041 (Unity) GetStacktrace
0x00007ff77978020e (Unity) DebugStringToFile
0x00007ff7770111b8 (Unity) DebugLogHandler_CUSTOM_Internal_Log
0x00000124ffe9d753 (Mono JIT Code) (wrapper managed-to-native) UnityEngine.DebugLogHandler:Internal_Log (UnityEngine.LogType,UnityEngine.LogOption,string,UnityEngine.Object)
0x00000124ffe9d43b (Mono JIT Code) UnityEngine.DebugLogHandler:LogFormat (UnityEngine.LogType,UnityEngine.Object,string,object[])
0x00000124ffe9b590 (Mono JIT Code) UnityEngine.Logger:Log (UnityEngine.LogType,object)
0x00000124ffe9b455 (Mono JIT Code) UnityEngine.Debug:LogError (object)
0x000001232212b10b (Mono JIT Code) UnityEditor.EditorAssemblies:ProcessInitializeOnLoadAttributes (System.Type[])
0x00000124ffe794d8 (Mono JIT Code) (wrapper runtime-invoke) <Module>:runtime_invoke_void_object (object,intptr,intptr,intptr)
0x00007ffb99f04c2e (mono-2.0-bdwgc) mono_jit_runtime_invoke (at C:/build/output/Unity-Technologies/mono/mono/mini/mini-runtime.c:3445)
0x00007ffb99e3d254 (mono-2.0-bdwgc) do_runtime_invoke (at C:/build/output/Unity-Technologies/mono/mono/metadata/object.c:3068)
0x00007ffb99e3d3cc (mono-2.0-bdwgc) mono_runtime_invoke (at C:/build/output/Unity-Technologies/mono/mono/metadata/object.c:3115)
0x00007ff777fe7114 (Unity) scripting_method_invoke
0x00007ff777fc4d24 (Unity) ScriptingInvocation::Invoke
0x00007ff777fbf845 (Unity) ScriptingInvocation::Invoke<void>
0x00007ff778110e13 (Unity) Scripting::UnityEditor::EditorAssembliesProxy::ProcessInitializeOnLoadAttributes
0x00007ff777fb96f8 (Unity) MonoManager::SetupLoadedEditorAssemblies
0x00007ff777faf584 (Unity) MonoManager::FinalizeReload
0x00007ff777fb6d39 (Unity) MonoManager::ReloadAssembly
0x00007ff778f62b3b (Unity) LoadDomainAndUserAssemblies
0x00007ff779449774 (Unity) WorkerDomainReloadV2
0x00007ff77946a39f (Unity) <lambda_943be6b2c5671afd01d59371cf3ef730>::operator()
0x00007ff7794a61b2 (Unity) asio::detail::completion_handler<core::mutable_function<void __cdecl(void)>,asio::io_context::basic_executor_type<std::allocator<void>,0> >::do_complete
0x00007ff77949215e (Unity) asio::detail::win_iocp_io_context::do_one
0x00007ff779493d8e (Unity) asio::detail::win_iocp_io_context::run
0x00007ff7794a455c (Unity) IOService::Run
0x00007ff7794779bf (Unity) AssetImportWorkerClient::Run
0x00007ff779443327 (Unity) RunAssetImportWorkerClientV2
0x00007ff7794433ab (Unity) RunAssetImporterV2
0x00007ff778c3bdfe (Unity) Application::InitializeProject
0x00007ff7790cfcd5 (Unity) WinMain
0x00007ff77a481d4e (Unity) __scrt_common_main_seh
0x00007ffbfbff259d (KERNEL32) BaseThreadInitThunk
0x00007ffbfe00af38 (ntdll) RtlUserThreadStart

Package Manager log level set to [2]
[Package Manager] Server::EnsureServerProcessIsRunning -- launch failed, reason: Unity was launched with the -noUpm command-line argument
[Package Manager] UpmClient::Send -- Unable to send message (not connected to UPM process).
[Package Manager] Cannot connect to Unity Package Manager local server
Mono: successfully reloaded assembly
[Package Manager] Server::EnsureServerProcessIsRunning -- launch failed, reason: Unity was launched with the -noUpm command-line argument
[Package Manager] UpmClient::Send -- Unable to send message (not connected to UPM process).
[Package Manager] Cannot connect to Unity Package Manager local server
[Package Manager] Server::EnsureServerProcessIsRunning -- launch failed, reason: Unity was launched with the -noUpm command-line argument
[Package Manager] UpmClient::Send -- Unable to send message (not connected to UPM process).
[Package Manager] Cannot connect to Unity Package Manager local server
- Finished resetting the current domain, in  1.825 seconds
Domain Reload Profiling: 2926ms
	BeginReloadAssembly (233ms)
		ExecutionOrderSort (0ms)
		DisableScriptedObjects (7ms)
		BackupInstance (0ms)
		ReleaseScriptingObjects (0ms)
		CreateAndSetChildDomain (34ms)
	RebuildCommonClasses (57ms)
	RebuildNativeTypeToScriptingClass (16ms)
	initialDomainReloadingComplete (79ms)
	LoadAllAssembliesAndSetupDomain (716ms)
		LoadAssemblies (568ms)
		RebuildTransferFunctionScriptingTraits (0ms)
		AnalyzeDomain (285ms)
			TypeCache.Refresh (242ms)
				TypeCache.ScanAssembly (216ms)
			ScanForSourceGeneratedMonoScriptInfo (34ms)
			ResolveRequiredComponents (8ms)
	FinalizeReload (1825ms)
		ReleaseScriptCaches (0ms)
		RebuildScriptCaches (0ms)
		SetupLoadedEditorAssemblies (1579ms)
			LogAssemblyErrors (0ms)
			InitializePlatformSupportModulesInManaged (36ms)
			SetLoadedEditorAssemblies (5ms)
			RefreshPlugins (0ms)
			BeforeProcessingInitializeOnLoad (129ms)
			ProcessInitializeOnLoadAttributes (1340ms)
			ProcessInitializeOnLoadMethodAttributes (55ms)
			AfterProcessingInitializeOnLoad (14ms)
			EditorAssembliesLoaded (0ms)
		ExecutionOrderSort2 (0ms)
		AwakeInstancesAfterBackupRestoration (8ms)
Launched and connected shader compiler UnityShaderCompiler.exe after 0.08 seconds
Refreshing native plugins compatible for Editor in 16.18 ms, found 4 plugins.
Preloading 0 native plugins for Editor in 0.00 ms.
Unloading 4390 Unused Serialized files (Serialized files now loaded: 0)
Unloading 32 unused Assets / (57.1 KB). Loaded Objects now: 4866.
Memory consumption went from 152.0 MB to 151.9 MB.
Total: 18.188300 ms (FindLiveObjects: 0.854700 ms CreateObjectMapping: 0.332100 ms MarkObjects: 16.817800 ms  DeleteObjects: 0.180500 ms)

AssetImportParameters requested are different than current active one (requested -> active):
  custom:container-demuxer-ogg: 62fdf1f143b41e24485cea50d1cbac27 -> 
  custom:video-decoder-ogg-theora: a1e56fd34408186e4bbccfd4996cb3dc -> 
  custom:framework-win-MediaFoundation: 216162199b28c13a410421893ffa2e32 -> 
  custom:CustomObjectIndexerAttribute: 9a22284fe3817be447336de3de66b15e -> 
  custom:container-demuxer-webm: 4f35f7cbe854078d1ac9338744f61a02 -> 
  custom:container-muxer-webm: aa71ff27fc2769a1b78a27578f13a17b -> 
  custom:video-decoder-webm-vp8: 9c59270c3fd7afecdb556c50c9e8de78 -> 
  custom:SearchIndexIgnoredProperties: e643bd26f0fe6173181afceb89e7c659 -> 
  custom:AudioImporter_EditorPlatform: d09bf68614088b80899f8185d706f6e7 -> 
  custom:video-encoder-webm-vp8: eb34c28f22e8b96e1ab97ce403110664 -> 
  custom:audio-decoder-ogg-vorbis: bf7c407c2cedff20999df2af8eb42d56 -> 
  custom:audio-encoder-webm-vorbis: bf7c407c2cedff20999df2af8eb42d56 -> 
========================================================================
Received Import Request.
  Time since last request: 731552.883981 seconds.
  path: Assets/Apps/endGame.uxml
  artifactKey: Guid(90029a5b3b01c1a499839f2e4f641047) Importer(815301076,1909f56bfc062723c751e8b465ee728b)
Start importing Assets/Apps/endGame.uxml using Guid(90029a5b3b01c1a499839f2e4f641047) Importer(815301076,1909f56bfc062723c751e8b465ee728b) [PhysX] Initialized MultithreadedTaskDispatcher with 12 workers.
 -> (artifact id: '4611b1414af20c4f4ab999a3290fe2c3') in 0.052716 seconds
Number of updated asset objects reloaded before import = 0
Number of asset objects unloaded after import = 8
========================================================================
Received Prepare
Refreshing native plugins compatible for Editor in 18.06 ms, found 4 plugins.
Preloading 0 native plugins for Editor in 0.00 ms.
Unloading 1 Unused Serialized files (Serialized files now loaded: 0)
Unloading 1 unused Assets / (3.1 KB). Loaded Objects now: 4868.
Memory consumption went from 78.7 MB to 78.7 MB.
Total: 21.320100 ms (FindLiveObjects: 0.446400 ms CreateObjectMapping: 0.198100 ms MarkObjects: 20.630200 ms  DeleteObjects: 0.043300 ms)

Prepare: number of updated asset objects reloaded= 0
AssetImportParameters requested are different than current active one (requested -> active):
  custom:container-demuxer-ogg: 62fdf1f143b41e24485cea50d1cbac27 -> 
  custom:video-decoder-ogg-theora: a1e56fd34408186e4bbccfd4996cb3dc -> 
  custom:framework-win-MediaFoundation: 216162199b28c13a410421893ffa2e32 -> 
  custom:CustomObjectIndexerAttribute: 9a22284fe3817be447336de3de66b15e -> 
  custom:container-demuxer-webm: 4f35f7cbe854078d1ac9338744f61a02 -> 
  custom:container-muxer-webm: aa71ff27fc2769a1b78a27578f13a17b -> 
  custom:video-decoder-webm-vp8: 9c59270c3fd7afecdb556c50c9e8de78 -> 
  custom:SearchIndexIgnoredProperties: e643bd26f0fe6173181afceb89e7c659 -> 
  custom:AudioImporter_EditorPlatform: d09bf68614088b80899f8185d706f6e7 -> 
  custom:video-encoder-webm-vp8: eb34c28f22e8b96e1ab97ce403110664 -> 
  custom:audio-decoder-ogg-vorbis: bf7c407c2cedff20999df2af8eb42d56 -> 
  custom:audio-encoder-webm-vorbis: bf7c407c2cedff20999df2af8eb42d56 -> 
========================================================================
Received Prepare
Caller must complete domain reload
0x00007ff7780ceb4d (Unity) StackWalker::GetCurrentCallstack
0x00007ff7780d3c29 (Unity) StackWalker::ShowCallstack
0x00007ff7790c5041 (Unity) GetStacktrace
0x00007ff77978020e (Unity) DebugStringToFile
0x00007ff77977ff4a (Unity) AssertImplementation
0x00007ff778f629cc (Unity) Internal_ADB_WorkerOnly_DomainReload
0x00007ff779449774 (Unity) WorkerDomainReloadV2
0x00007ff77946a985 (Unity) <lambda_b37b41f03089e3cb3f55061bbc93253d>::operator()
0x00007ff7794a61b2 (Unity) asio::detail::completion_handler<core::mutable_function<void __cdecl(void)>,asio::io_context::basic_executor_type<std::allocator<void>,0> >::do_complete
0x00007ff77949215e (Unity) asio::detail::win_iocp_io_context::do_one
0x00007ff779493dc4 (Unity) asio::detail::win_iocp_io_context::run
0x00007ff7794a455c (Unity) IOService::Run
0x00007ff7794779bf (Unity) AssetImportWorkerClient::Run
0x00007ff779443327 (Unity) RunAssetImportWorkerClientV2
0x00007ff7794433ab (Unity) RunAssetImporterV2
0x00007ff778c3bdfe (Unity) Application::InitializeProject
0x00007ff7790cfcd5 (Unity) WinMain
0x00007ff77a481d4e (Unity) __scrt_common_main_seh
0x00007ffbfbff259d (KERNEL32) BaseThreadInitThunk
0x00007ffbfe00af38 (ntdll) RtlUserThreadStart

Begin MonoManager ReloadAssembly
- Loaded All Assemblies, in  1.944 seconds
Native extension for WindowsStandalone target not found
Native extension for Android target not found
Native extension for WebGL target not found
Could not load the file 'NiceIO'.
0x00007ff7780ceb4d (Unity) StackWalker::GetCurrentCallstack
0x00007ff7780d3c29 (Unity) StackWalker::ShowCallstack
0x00007ff7790c5041 (Unity) GetStacktrace
0x00007ff77978020e (Unity) DebugStringToFile
0x00007ff7770111b8 (Unity) DebugLogHandler_CUSTOM_Internal_Log
0x00000124ff7fb3a3 (Mono JIT Code) (wrapper managed-to-native) UnityEngine.DebugLogHandler:Internal_Log (UnityEngine.LogType,UnityEngine.LogOption,string,UnityEngine.Object)
0x00000124ff7fb08b (Mono JIT Code) UnityEngine.DebugLogHandler:LogFormat (UnityEngine.LogType,UnityEngine.Object,string,object[])
0x00000124ff7fae10 (Mono JIT Code) UnityEngine.Logger:Log (UnityEngine.LogType,object)
0x00000124ff7facd8 (Mono JIT Code) UnityEngine.Debug:LogWarning (object)
0x00000124ff7f6f1b (Mono JIT Code) Unity.VisualScripting.Codebase:IsEditorAssembly (System.Reflection.Assembly,System.Collections.Generic.HashSet`1<string>) (at ./Library/PackageCache/com.unity.visualscripting@1.9.4/Editor/VisualScripting.Core/Reflection/Codebase.cs:384)
0x00000124ff7f6b03 (Mono JIT Code) Unity.VisualScripting.Codebase:IsRuntimeAssembly (System.Reflection.Assembly) (at ./Library/PackageCache/com.unity.visualscripting@1.9.4/Editor/VisualScripting.Core/Reflection/Codebase.cs:404)
0x00000124ff7f5823 (Mono JIT Code) Unity.VisualScripting.Codebase:.cctor () (at ./Library/PackageCache/com.unity.visualscripting@1.9.4/Editor/VisualScripting.Core/Reflection/Codebase.cs:46)
0x00000124ff7e51e5 (Mono JIT Code) (wrapper runtime-invoke) object:runtime_invoke_void (object,intptr,intptr,intptr)
0x00007ffb99f04c2e (mono-2.0-bdwgc) mono_jit_runtime_invoke (at C:/build/output/Unity-Technologies/mono/mono/mini/mini-runtime.c:3445)
0x00007ffb99e3d254 (mono-2.0-bdwgc) do_runtime_invoke (at C:/build/output/Unity-Technologies/mono/mono/metadata/object.c:3068)
0x00007ffb99e37ff9 (mono-2.0-bdwgc) mono_runtime_class_init_full (at C:/build/output/Unity-Technologies/mono/mono/metadata/object.c:563)
0x00007ffb99efbbb5 (mono-2.0-bdwgc) mono_jit_compile_method_inner (at C:/build/output/Unity-Technologies/mono/mono/mini/mini.c:4228)
0x00007ffb99f0281c (mono-2.0-bdwgc) mono_jit_compile_method_with_opt (at C:/build/output/Unity-Technologies/mono/mono/mini/mini-runtime.c:2700)
0x00007ffb99ffce24 (mono-2.0-bdwgc) common_call_trampoline (at C:/build/output/Unity-Technologies/mono/mono/mini/mini-trampolines.c:641)
0x00007ffb99ffd8e8 (mono-2.0-bdwgc) mono_magic_trampoline (at C:/build/output/Unity-Technologies/mono/mono/mini/mini-trampolines.c:792)
0x00000124b77e03a6 ((<unknown>)) 
0x00000124ff7f1053 (Mono JIT Code) Unity.VisualScripting.PluginContainer:Initialize () (at ./Library/PackageCache/com.unity.visualscripting@1.9.4/Editor/VisualScripting.Core/Plugins/PluginContainer.cs:86)
0x00000124ff7f0b13 (Mono JIT Code) Unity.VisualScripting.PluginContainer:InitializeOnLoad () (at ./Library/PackageCache/com.unity.visualscripting@1.9.4/Editor/VisualScripting.Core/Plugins/PluginContainer.cs:33)
0x00000124ff7e6073 (Mono JIT Code) Unity.VisualScripting.VSUsageUtility:DoInitializeOnLoadCalls () (at ./Library/PackageCache/com.unity.visualscripting@1.9.4/Editor/VisualScripting.Core/Utilities/VSUsageUtility.cs:78)
0x00000124ff7e5cdb (Mono JIT Code) Unity.VisualScripting.VSUsageUtility:set_isVisualScriptingUsed (bool) (at ./Library/PackageCache/com.unity.visualscripting@1.9.4/Editor/VisualScripting.Core/Utilities/VSUsageUtility.cs:117)
0x00000124ff7e5b5b (Mono JIT Code) Unity.VisualScripting.VSUsageUtility:CheckAndSetIsVisualScriptingUsed () (at ./Library/PackageCache/com.unity.visualscripting@1.9.4/Editor/VisualScripting.Core/Utilities/VSUsageUtility.cs:34)
0x00000124ff7e50f3 (Mono JIT Code) Unity.VisualScripting.VSUsageUtility:.cctor () (at ./Library/PackageCache/com.unity.visualscripting@1.9.4/Editor/VisualScripting.Core/Utilities/VSUsageUtility.cs:23)
0x00000124ff7e51e5 (Mono JIT Code) (wrapper runtime-invoke) object:runtime_invoke_void (object,intptr,intptr,intptr)
0x00007ffb99f04c2e (mono-2.0-bdwgc) mono_jit_runtime_invoke (at C:/build/output/Unity-Technologies/mono/mono/mini/mini-runtime.c:3445)
0x00007ffb99e3d254 (mono-2.0-bdwgc) do_runtime_invoke (at C:/build/output/Unity-Technologies/mono/mono/metadata/object.c:3068)
0x00007ffb99e37ff9 (mono-2.0-bdwgc) mono_runtime_class_init_full (at C:/build/output/Unity-Technologies/mono/mono/metadata/object.c:563)
0x00007ffb99d6de07 (mono-2.0-bdwgc) ves_icall_System_Runtime_CompilerServices_RuntimeHelpers_RunClassConstructor (at C:/build/output/Unity-Technologies/mono/mono/metadata/icall.c:1292)
0x00007ffb99d9feec (mono-2.0-bdwgc) ves_icall_System_Runtime_CompilerServices_RuntimeHelpers_RunClassConstructor_raw (at C:/build/output/Unity-Technologies/mono/mono/metadata/icall-def.h:756)
0x000001232fdf994a (Mono JIT Code) (wrapper managed-to-native) System.Runtime.CompilerServices.RuntimeHelpers:RunClassConstructor (intptr)
0x000001232fdf983b (Mono JIT Code) System.Runtime.CompilerServices.RuntimeHelpers:RunClassConstructor (System.RuntimeTypeHandle)
0x000001232fdf568b (Mono JIT Code) UnityEditor.EditorAssemblies:ProcessInitializeOnLoadAttributes (System.Type[])
0x00000124de8494d8 (Mono JIT Code) (wrapper runtime-invoke) <Module>:runtime_invoke_void_object (object,intptr,intptr,intptr)
0x00007ffb99f04c2e (mono-2.0-bdwgc) mono_jit_runtime_invoke (at C:/build/output/Unity-Technologies/mono/mono/mini/mini-runtime.c:3445)
0x00007ffb99e3d254 (mono-2.0-bdwgc) do_runtime_invoke (at C:/build/output/Unity-Technologies/mono/mono/metadata/object.c:3068)
0x00007ffb99e3d3cc (mono-2.0-bdwgc) mono_runtime_invoke (at C:/build/output/Unity-Technologies/mono/mono/metadata/object.c:3115)
0x00007ff777fe7114 (Unity) scripting_method_invoke
0x00007ff777fc4d24 (Unity) ScriptingInvocation::Invoke
0x00007ff777fbf845 (Unity) ScriptingInvocation::Invoke<void>
0x00007ff778110e13 (Unity) Scripting::UnityEditor::EditorAssembliesProxy::ProcessInitializeOnLoadAttributes
0x00007ff777fb96f8 (Unity) MonoManager::SetupLoadedEditorAssemblies
0x00007ff777faf584 (Unity) MonoManager::FinalizeReload
0x00007ff777fb6d39 (Unity) MonoManager::ReloadAssembly
0x00007ff778f62b3b (Unity) LoadDomainAndUserAssemblies
0x00007ff779449774 (Unity) WorkerDomainReloadV2
0x00007ff77946a985 (Unity) <lambda_b37b41f03089e3cb3f55061bbc93253d>::operator()
0x00007ff7794a61b2 (Unity) asio::detail::completion_handler<core::mutable_function<void __cdecl(void)>,asio::io_context::basic_executor_type<std::allocator<void>,0> >::do_complete
0x00007ff77949215e (Unity) asio::detail::win_iocp_io_context::do_one
0x00007ff779493dc4 (Unity) asio::detail::win_iocp_io_context::run
0x00007ff7794a455c (Unity) IOService::Run
0x00007ff7794779bf (Unity) AssetImportWorkerClient::Run
0x00007ff779443327 (Unity) RunAssetImportWorkerClientV2
0x00007ff7794433ab (Unity) RunAssetImporterV2
0x00007ff778c3bdfe (Unity) Application::InitializeProject
0x00007ff7790cfcd5 (Unity) WinMain
0x00007ff77a481d4e (Unity) __scrt_common_main_seh
0x00007ffbfbff259d (KERNEL32) BaseThreadInitThunk
0x00007ffbfe00af38 (ntdll) RtlUserThreadStart

System.Exception: Error! Visual Scripting: couldn't find visual scripting package
  at Unity.VisualScripting.PackageVersionUtility.get_version () [0x00043] in .\Library\PackageCache\com.unity.visualscripting@1.9.4\Editor\VisualScripting.Core\Utilities\PackageVersionUtility.cs:31 
  at Unity.VisualScripting.BoltCoreManifest.get_version () [0x00000] in .\Library\PackageCache\com.unity.visualscripting@1.9.4\Editor\VisualScripting.Core\Plugin\BoltCoreManifest.cs:11 
  at Unity.VisualScripting.PluginManifest.get_currentVersion () [0x00000] in .\Library\PackageCache\com.unity.visualscripting@1.9.4\Editor\VisualScripting.Core\Plugins\PluginManifest.cs:33 
  at Unity.VisualScripting.PluginManifest.get_versionMismatch () [0x00000] in .\Library\PackageCache\com.unity.visualscripting@1.9.4\Editor\VisualScripting.Core\Plugins\PluginManifest.cs:48 
  at Unity.VisualScripting.PluginContainer.Initialize () [0x00525] in .\Library\PackageCache\com.unity.visualscripting@1.9.4\Editor\VisualScripting.Core\Plugins\PluginContainer.cs:208 
  at Unity.VisualScripting.PluginContainer.InitializeOnLoad () [0x00009] in .\Library\PackageCache\com.unity.visualscripting@1.9.4\Editor\VisualScripting.Core\Plugins\PluginContainer.cs:32 
  at Unity.VisualScripting.VSUsageUtility.DoInitializeOnLoadCalls () [0x00034] in .\Library\PackageCache\com.unity.visualscripting@1.9.4\Editor\VisualScripting.Core\Utilities\VSUsageUtility.cs:76 
  at Unity.VisualScripting.VSUsageUtility.set_isVisualScriptingUsed (System.Boolean value) [0x0002c] in .\Library\PackageCache\com.unity.visualscripting@1.9.4\Editor\VisualScripting.Core\Utilities\VSUsageUtility.cs:114 
  at Unity.VisualScripting.VSUsageUtility.CheckAndSetIsVisualScriptingUsed () [0x0000d] in .\Library\PackageCache\com.unity.visualscripting@1.9.4\Editor\VisualScripting.Core\Utilities\VSUsageUtility.cs:33 
  at Unity.VisualScripting.VSUsageUtility..cctor () [0x00000] in .\Library\PackageCache\com.unity.visualscripting@1.9.4\Editor\VisualScripting.Core\Utilities\VSUsageUtility.cs:22 
0x00007ff7780ceb4d (Unity) StackWalker::GetCurrentCallstack
0x00007ff7780d3c29 (Unity) StackWalker::ShowCallstack
0x00007ff7790c5041 (Unity) GetStacktrace
0x00007ff77978020e (Unity) DebugStringToFile
0x00007ff7770111b8 (Unity) DebugLogHandler_CUSTOM_Internal_Log
0x00000124ff7fb3a3 (Mono JIT Code) (wrapper managed-to-native) UnityEngine.DebugLogHandler:Internal_Log (UnityEngine.LogType,UnityEngine.LogOption,string,UnityEngine.Object)
0x00000124ff7fb08b (Mono JIT Code) UnityEngine.DebugLogHandler:LogFormat (UnityEngine.LogType,UnityEngine.Object,string,object[])
0x00000124ff7fae10 (Mono JIT Code) UnityEngine.Logger:Log (UnityEngine.LogType,object)
0x000001254f43beb5 (Mono JIT Code) UnityEngine.Debug:LogError (object)
0x000001232fdf573b (Mono JIT Code) UnityEditor.EditorAssemblies:ProcessInitializeOnLoadAttributes (System.Type[])
0x00000124de8494d8 (Mono JIT Code) (wrapper runtime-invoke) <Module>:runtime_invoke_void_object (object,intptr,intptr,intptr)
0x00007ffb99f04c2e (mono-2.0-bdwgc) mono_jit_runtime_invoke (at C:/build/output/Unity-Technologies/mono/mono/mini/mini-runtime.c:3445)
0x00007ffb99e3d254 (mono-2.0-bdwgc) do_runtime_invoke (at C:/build/output/Unity-Technologies/mono/mono/metadata/object.c:3068)
0x00007ffb99e3d3cc (mono-2.0-bdwgc) mono_runtime_invoke (at C:/build/output/Unity-Technologies/mono/mono/metadata/object.c:3115)
0x00007ff777fe7114 (Unity) scripting_method_invoke
0x00007ff777fc4d24 (Unity) ScriptingInvocation::Invoke
0x00007ff777fbf845 (Unity) ScriptingInvocation::Invoke<void>
0x00007ff778110e13 (Unity) Scripting::UnityEditor::EditorAssembliesProxy::ProcessInitializeOnLoadAttributes
0x00007ff777fb96f8 (Unity) MonoManager::SetupLoadedEditorAssemblies
0x00007ff777faf584 (Unity) MonoManager::FinalizeReload
0x00007ff777fb6d39 (Unity) MonoManager::ReloadAssembly
0x00007ff778f62b3b (Unity) LoadDomainAndUserAssemblies
0x00007ff779449774 (Unity) WorkerDomainReloadV2
0x00007ff77946a985 (Unity) <lambda_b37b41f03089e3cb3f55061bbc93253d>::operator()
0x00007ff7794a61b2 (Unity) asio::detail::completion_handler<core::mutable_function<void __cdecl(void)>,asio::io_context::basic_executor_type<std::allocator<void>,0> >::do_complete
0x00007ff77949215e (Unity) asio::detail::win_iocp_io_context::do_one
0x00007ff779493dc4 (Unity) asio::detail::win_iocp_io_context::run
0x00007ff7794a455c (Unity) IOService::Run
0x00007ff7794779bf (Unity) AssetImportWorkerClient::Run
0x00007ff779443327 (Unity) RunAssetImportWorkerClientV2
0x00007ff7794433ab (Unity) RunAssetImporterV2
0x00007ff778c3bdfe (Unity) Application::InitializeProject
0x00007ff7790cfcd5 (Unity) WinMain
0x00007ff77a481d4e (Unity) __scrt_common_main_seh
0x00007ffbfbff259d (KERNEL32) BaseThreadInitThunk
0x00007ffbfe00af38 (ntdll) RtlUserThreadStart

[Package Manager] Server::EnsureServerProcessIsRunning -- launch failed, reason: Unity was launched with the -noUpm command-line argument
[Package Manager] UpmClient::Send -- Unable to send message (not connected to UPM process).
[Package Manager] Cannot connect to Unity Package Manager local server
Mono: successfully reloaded assembly
[Package Manager] Server::EnsureServerProcessIsRunning -- launch failed, reason: Unity was launched with the -noUpm command-line argument
[Package Manager] UpmClient::Send -- Unable to send message (not connected to UPM process).
[Package Manager] Cannot connect to Unity Package Manager local server
- Finished resetting the current domain, in  2.320 seconds
Domain Reload Profiling: 4257ms
	BeginReloadAssembly (1337ms)
		ExecutionOrderSort (0ms)
		DisableScriptedObjects (1065ms)
		BackupInstance (0ms)
		ReleaseScriptingObjects (0ms)
		CreateAndSetChildDomain (76ms)
	RebuildCommonClasses (64ms)
	RebuildNativeTypeToScriptingClass (18ms)
	initialDomainReloadingComplete (62ms)
	LoadAllAssembliesAndSetupDomain (455ms)
		LoadAssemblies (558ms)
		RebuildTransferFunctionScriptingTraits (0ms)
		AnalyzeDomain (27ms)
			TypeCache.Refresh (10ms)
				TypeCache.ScanAssembly (0ms)
			ScanForSourceGeneratedMonoScriptInfo (0ms)
			ResolveRequiredComponents (16ms)
	FinalizeReload (2321ms)
		ReleaseScriptCaches (0ms)
		RebuildScriptCaches (0ms)
		SetupLoadedEditorAssemblies (1664ms)
			LogAssemblyErrors (0ms)
			InitializePlatformSupportModulesInManaged (38ms)
			SetLoadedEditorAssemblies (4ms)
			RefreshPlugins (0ms)
			BeforeProcessingInitializeOnLoad (134ms)
			ProcessInitializeOnLoadAttributes (1418ms)
			ProcessInitializeOnLoadMethodAttributes (54ms)
			AfterProcessingInitializeOnLoad (15ms)
			EditorAssembliesLoaded (0ms)
		ExecutionOrderSort2 (0ms)
		AwakeInstancesAfterBackupRestoration (19ms)
Refreshing native plugins compatible for Editor in 13.32 ms, found 4 plugins.
Preloading 0 native plugins for Editor in 0.00 ms.
Unloading 4366 Unused Serialized files (Serialized files now loaded: 0)
Unloading 20 unused Assets / (31.8 KB). Loaded Objects now: 4873.
Memory consumption went from 146.8 MB to 146.7 MB.
Total: 13.505600 ms (FindLiveObjects: 0.529600 ms CreateObjectMapping: 0.345100 ms MarkObjects: 12.560200 ms  DeleteObjects: 0.068200 ms)

Prepare: number of updated asset objects reloaded= 0
AssetImportParameters requested are different than current active one (requested -> active):
  custom:container-demuxer-ogg: 62fdf1f143b41e24485cea50d1cbac27 -> 
  custom:video-decoder-ogg-theora: a1e56fd34408186e4bbccfd4996cb3dc -> 
  custom:framework-win-MediaFoundation: 216162199b28c13a410421893ffa2e32 -> 
  custom:CustomObjectIndexerAttribute: 9a22284fe3817be447336de3de66b15e -> 
  custom:container-demuxer-webm: 4f35f7cbe854078d1ac9338744f61a02 -> 
  custom:container-muxer-webm: aa71ff27fc2769a1b78a27578f13a17b -> 
  custom:video-decoder-webm-vp8: 9c59270c3fd7afecdb556c50c9e8de78 -> 
  custom:SearchIndexIgnoredProperties: e643bd26f0fe6173181afceb89e7c659 -> 
  custom:AudioImporter_EditorPlatform: d09bf68614088b80899f8185d706f6e7 -> 
  custom:video-encoder-webm-vp8: eb34c28f22e8b96e1ab97ce403110664 -> 
  custom:audio-decoder-ogg-vorbis: bf7c407c2cedff20999df2af8eb42d56 -> 
  custom:audio-encoder-webm-vorbis: bf7c407c2cedff20999df2af8eb42d56 -> 
========================================================================
Received Import Request.
  Time since last request: 131.896663 seconds.
  path: Assets/Apps/endGame.uxml
  artifactKey: Guid(90029a5b3b01c1a499839f2e4f641047) Importer(815301076,1909f56bfc062723c751e8b465ee728b)
Start importing Assets/Apps/endGame.uxml using Guid(90029a5b3b01c1a499839f2e4f641047) Importer(815301076,1909f56bfc062723c751e8b465ee728b) [PhysX] Initialized MultithreadedTaskDispatcher with 12 workers.
 -> (artifact id: '07f80c0fc9dde5f228deed2c4fe9f9f3') in 0.044618 seconds
Number of updated asset objects reloaded before import = 0
Number of asset objects unloaded after import = 8
========================================================================
Received Import Request.
  Time since last request: 0.000044 seconds.
  path: Assets/Apps/listitem.uxml
  artifactKey: Guid(7246948c5d85e6b45a4d7a3a0136ea5d) Importer(815301076,1909f56bfc062723c751e8b465ee728b)
Start importing Assets/Apps/listitem.uxml using Guid(7246948c5d85e6b45a4d7a3a0136ea5d) Importer(815301076,1909f56bfc062723c751e8b465ee728b) [PhysX] Initialized MultithreadedTaskDispatcher with 12 workers.
 -> (artifact id: 'f986ab6c279a9654239f01706019e452') in 0.011620 seconds
Number of updated asset objects reloaded before import = 0
Number of asset objects unloaded after import = 7
========================================================================
Received Import Request.
  Time since last request: 0.000032 seconds.
  path: Assets/Apps/main.uxml
  artifactKey: Guid(9b5afdba04e02574f911aadc5ea76f12) Importer(815301076,1909f56bfc062723c751e8b465ee728b)
Start importing Assets/Apps/main.uxml using Guid(9b5afdba04e02574f911aadc5ea76f12) Importer(815301076,1909f56bfc062723c751e8b465ee728b) [PhysX] Initialized MultithreadedTaskDispatcher with 12 workers.
 -> (artifact id: 'bf91c0e38d161e860763f79ebdb8554a') in 0.028609 seconds
Number of updated asset objects reloaded before import = 0
Number of asset objects unloaded after import = 13
========================================================================
Received Import Request.
  Time since last request: 35.291514 seconds.
  path: Assets/Apps/endGame.uxml
  artifactKey: Guid(90029a5b3b01c1a499839f2e4f641047) Importer(815301076,1909f56bfc062723c751e8b465ee728b)
Start importing Assets/Apps/endGame.uxml using Guid(90029a5b3b01c1a499839f2e4f641047) Importer(815301076,1909f56bfc062723c751e8b465ee728b) [PhysX] Initialized MultithreadedTaskDispatcher with 12 workers.
 -> (artifact id: 'b05fcdd566338861c0d4c8522414f955') in 0.011598 seconds
Number of updated asset objects reloaded before import = 0
Number of asset objects unloaded after import = 8
========================================================================
Received Import Request.
  Time since last request: 0.000031 seconds.
  path: Assets/Apps/settings.uxml
  artifactKey: Guid(1d48ef9c42539104ab8575249ce71c2e) Importer(815301076,1909f56bfc062723c751e8b465ee728b)
Start importing Assets/Apps/settings.uxml using Guid(1d48ef9c42539104ab8575249ce71c2e) Importer(815301076,1909f56bfc062723c751e8b465ee728b) [PhysX] Initialized MultithreadedTaskDispatcher with 12 workers.
 -> (artifact id: 'e3c7b95ef06c141d22967ccd7679753a') in 0.008192 seconds
Number of updated asset objects reloaded before import = 0
Number of asset objects unloaded after import = 7
========================================================================
Received Import Request.
  Time since last request: 0.000048 seconds.
  path: Assets/Apps/onecard.uxml
  artifactKey: Guid(99896c9b265cfb54081d156b88bf2a2f) Importer(815301076,1909f56bfc062723c751e8b465ee728b)
Start importing Assets/Apps/onecard.uxml using Guid(99896c9b265cfb54081d156b88bf2a2f) Importer(815301076,1909f56bfc062723c751e8b465ee728b) [PhysX] Initialized MultithreadedTaskDispatcher with 12 workers.
 -> (artifact id: 'd8d674b9dacb527200a49f5b3971e76d') in 0.014383 seconds
Number of updated asset objects reloaded before import = 0
Number of asset objects unloaded after import = 8
========================================================================
Received Import Request.
  Time since last request: 8.015177 seconds.
  path: Assets/Apps/endGame.uxml
  artifactKey: Guid(90029a5b3b01c1a499839f2e4f641047) Importer(815301076,1909f56bfc062723c751e8b465ee728b)
Start importing Assets/Apps/endGame.uxml using Guid(90029a5b3b01c1a499839f2e4f641047) Importer(815301076,1909f56bfc062723c751e8b465ee728b) [PhysX] Initialized MultithreadedTaskDispatcher with 12 workers.
 -> (artifact id: '899b2721b502511c016668de7d5cd7dc') in 0.013649 seconds
Number of updated asset objects reloaded before import = 0
Number of asset objects unloaded after import = 8
========================================================================
Received Import Request.
  Time since last request: 0.000025 seconds.
  path: Assets/Apps/main.uxml
  artifactKey: Guid(9b5afdba04e02574f911aadc5ea76f12) Importer(815301076,1909f56bfc062723c751e8b465ee728b)
Start importing Assets/Apps/main.uxml using Guid(9b5afdba04e02574f911aadc5ea76f12) Importer(815301076,1909f56bfc062723c751e8b465ee728b) [PhysX] Initialized MultithreadedTaskDispatcher with 12 workers.
 -> (artifact id: '9448ff524b6646a0e059366f0d764c9f') in 0.022571 seconds
Number of updated asset objects reloaded before import = 0
Number of asset objects unloaded after import = 13
========================================================================
Received Import Request.
  Time since last request: 6.901244 seconds.
  path: Assets/Apps/endGame.uxml
  artifactKey: Guid(90029a5b3b01c1a499839f2e4f641047) Importer(815301076,1909f56bfc062723c751e8b465ee728b)
Start importing Assets/Apps/endGame.uxml using Guid(90029a5b3b01c1a499839f2e4f641047) Importer(815301076,1909f56bfc062723c751e8b465ee728b) [PhysX] Initialized MultithreadedTaskDispatcher with 12 workers.
 -> (artifact id: '8e04d0fc2e6fca01f369379ac72699a2') in 0.012398 seconds
Number of updated asset objects reloaded before import = 0
Number of asset objects unloaded after import = 8
========================================================================
Received Import Request.
  Time since last request: 0.000029 seconds.
  path: Assets/Apps/main.uxml
  artifactKey: Guid(9b5afdba04e02574f911aadc5ea76f12) Importer(815301076,1909f56bfc062723c751e8b465ee728b)
Start importing Assets/Apps/main.uxml using Guid(9b5afdba04e02574f911aadc5ea76f12) Importer(815301076,1909f56bfc062723c751e8b465ee728b) [PhysX] Initialized MultithreadedTaskDispatcher with 12 workers.
 -> (artifact id: 'ba3b3fffd5440c2388cad478c1cdab66') in 0.025128 seconds
Number of updated asset objects reloaded before import = 0
Number of asset objects unloaded after import = 13
========================================================================
Received Prepare
Refreshing native plugins compatible for Editor in 16.63 ms, found 4 plugins.
Preloading 0 native plugins for Editor in 0.00 ms.
Unloading 1 Unused Serialized files (Serialized files now loaded: 0)
Unloading 1 unused Assets / (3.1 KB). Loaded Objects now: 4874.
Memory consumption went from 78.8 MB to 78.8 MB.
Total: 16.112100 ms (FindLiveObjects: 0.593300 ms CreateObjectMapping: 0.247200 ms MarkObjects: 15.222700 ms  DeleteObjects: 0.046500 ms)

Prepare: number of updated asset objects reloaded= 0
AssetImportParameters requested are different than current active one (requested -> active):
  custom:container-demuxer-ogg: 62fdf1f143b41e24485cea50d1cbac27 -> 
  custom:video-decoder-ogg-theora: a1e56fd34408186e4bbccfd4996cb3dc -> 
  custom:framework-win-MediaFoundation: 216162199b28c13a410421893ffa2e32 -> 
  custom:CustomObjectIndexerAttribute: 9a22284fe3817be447336de3de66b15e -> 
  custom:container-demuxer-webm: 4f35f7cbe854078d1ac9338744f61a02 -> 
  custom:container-muxer-webm: aa71ff27fc2769a1b78a27578f13a17b -> 
  custom:video-decoder-webm-vp8: 9c59270c3fd7afecdb556c50c9e8de78 -> 
  custom:SearchIndexIgnoredProperties: e643bd26f0fe6173181afceb89e7c659 -> 
  custom:AudioImporter_EditorPlatform: d09bf68614088b80899f8185d706f6e7 -> 
  custom:video-encoder-webm-vp8: eb34c28f22e8b96e1ab97ce403110664 -> 
  custom:audio-decoder-ogg-vorbis: bf7c407c2cedff20999df2af8eb42d56 -> 
  custom:audio-encoder-webm-vorbis: bf7c407c2cedff20999df2af8eb42d56 -> 
========================================================================
Received Prepare
Caller must complete domain reload
0x00007ff7780ceb4d (Unity) StackWalker::GetCurrentCallstack
0x00007ff7780d3c29 (Unity) StackWalker::ShowCallstack
0x00007ff7790c5041 (Unity) GetStacktrace
0x00007ff77978020e (Unity) DebugStringToFile
0x00007ff77977ff4a (Unity) AssertImplementation
0x00007ff778f629cc (Unity) Internal_ADB_WorkerOnly_DomainReload
0x00007ff779449774 (Unity) WorkerDomainReloadV2
0x00007ff77946a985 (Unity) <lambda_b37b41f03089e3cb3f55061bbc93253d>::operator()
0x00007ff7794a61b2 (Unity) asio::detail::completion_handler<core::mutable_function<void __cdecl(void)>,asio::io_context::basic_executor_type<std::allocator<void>,0> >::do_complete
0x00007ff77949215e (Unity) asio::detail::win_iocp_io_context::do_one
0x00007ff779493dc4 (Unity) asio::detail::win_iocp_io_context::run
0x00007ff7794a455c (Unity) IOService::Run
0x00007ff7794779bf (Unity) AssetImportWorkerClient::Run
0x00007ff779443327 (Unity) RunAssetImportWorkerClientV2
0x00007ff7794433ab (Unity) RunAssetImporterV2
0x00007ff778c3bdfe (Unity) Application::InitializeProject
0x00007ff7790cfcd5 (Unity) WinMain
0x00007ff77a481d4e (Unity) __scrt_common_main_seh
0x00007ffbfbff259d (KERNEL32) BaseThreadInitThunk
0x00007ffbfe00af38 (ntdll) RtlUserThreadStart

Begin MonoManager ReloadAssembly
- Loaded All Assemblies, in  0.851 seconds
Native extension for WindowsStandalone target not found
Native extension for Android target not found
Native extension for WebGL target not found
Could not load the file 'NiceIO'.
0x00007ff7780ceb4d (Unity) StackWalker::GetCurrentCallstack
0x00007ff7780d3c29 (Unity) StackWalker::ShowCallstack
0x00007ff7790c5041 (Unity) GetStacktrace
0x00007ff77978020e (Unity) DebugStringToFile
0x00007ff7770111b8 (Unity) DebugLogHandler_CUSTOM_Internal_Log
0x00000125515fb183 (Mono JIT Code) (wrapper managed-to-native) UnityEngine.DebugLogHandler:Internal_Log (UnityEngine.LogType,UnityEngine.LogOption,string,UnityEngine.Object)
0x00000125515fae2b (Mono JIT Code) UnityEngine.DebugLogHandler:LogFormat (UnityEngine.LogType,UnityEngine.Object,string,object[])
0x00000125515fab70 (Mono JIT Code) UnityEngine.Logger:Log (UnityEngine.LogType,object)
0x00000125515faa38 (Mono JIT Code) UnityEngine.Debug:LogWarning (object)
0x00000125515f622b (Mono JIT Code) Unity.VisualScripting.Codebase:IsEditorAssembly (System.Reflection.Assembly,System.Collections.Generic.HashSet`1<string>) (at ./Library/PackageCache/com.unity.visualscripting@1.9.4/Editor/VisualScripting.Core/Reflection/Codebase.cs:384)
0x00000125515f5e13 (Mono JIT Code) Unity.VisualScripting.Codebase:IsRuntimeAssembly (System.Reflection.Assembly) (at ./Library/PackageCache/com.unity.visualscripting@1.9.4/Editor/VisualScripting.Core/Reflection/Codebase.cs:404)
0x00000125515f4893 (Mono JIT Code) Unity.VisualScripting.Codebase:.cctor () (at ./Library/PackageCache/com.unity.visualscripting@1.9.4/Editor/VisualScripting.Core/Reflection/Codebase.cs:46)
0x00000125515dfcb5 (Mono JIT Code) (wrapper runtime-invoke) object:runtime_invoke_void (object,intptr,intptr,intptr)
0x00007ffb99f04c2e (mono-2.0-bdwgc) mono_jit_runtime_invoke (at C:/build/output/Unity-Technologies/mono/mono/mini/mini-runtime.c:3445)
0x00007ffb99e3d254 (mono-2.0-bdwgc) do_runtime_invoke (at C:/build/output/Unity-Technologies/mono/mono/metadata/object.c:3068)
0x00007ffb99e37ff9 (mono-2.0-bdwgc) mono_runtime_class_init_full (at C:/build/output/Unity-Technologies/mono/mono/metadata/object.c:563)
0x00007ffb99efbbb5 (mono-2.0-bdwgc) mono_jit_compile_method_inner (at C:/build/output/Unity-Technologies/mono/mono/mini/mini.c:4228)
0x00007ffb99f0281c (mono-2.0-bdwgc) mono_jit_compile_method_with_opt (at C:/build/output/Unity-Technologies/mono/mono/mini/mini-runtime.c:2700)
0x00007ffb99ffce24 (mono-2.0-bdwgc) common_call_trampoline (at C:/build/output/Unity-Technologies/mono/mono/mini/mini-trampolines.c:641)
0x00007ffb99ffd8e8 (mono-2.0-bdwgc) mono_magic_trampoline (at C:/build/output/Unity-Technologies/mono/mono/mini/mini-trampolines.c:792)
0x00000124b77e03a6 ((<unknown>)) 
0x00000125515f0163 (Mono JIT Code) Unity.VisualScripting.PluginContainer:Initialize () (at ./Library/PackageCache/com.unity.visualscripting@1.9.4/Editor/VisualScripting.Core/Plugins/PluginContainer.cs:86)
0x00000125515ec533 (Mono JIT Code) Unity.VisualScripting.PluginContainer:InitializeOnLoad () (at ./Library/PackageCache/com.unity.visualscripting@1.9.4/Editor/VisualScripting.Core/Plugins/PluginContainer.cs:33)
0x00000125515e0cf3 (Mono JIT Code) Unity.VisualScripting.VSUsageUtility:DoInitializeOnLoadCalls () (at ./Library/PackageCache/com.unity.visualscripting@1.9.4/Editor/VisualScripting.Core/Utilities/VSUsageUtility.cs:78)
0x00000125515e08eb (Mono JIT Code) Unity.VisualScripting.VSUsageUtility:set_isVisualScriptingUsed (bool) (at ./Library/PackageCache/com.unity.visualscripting@1.9.4/Editor/VisualScripting.Core/Utilities/VSUsageUtility.cs:117)
0x00000125515e070b (Mono JIT Code) Unity.VisualScripting.VSUsageUtility:CheckAndSetIsVisualScriptingUsed () (at ./Library/PackageCache/com.unity.visualscripting@1.9.4/Editor/VisualScripting.Core/Utilities/VSUsageUtility.cs:34)
0x00000125515dfb83 (Mono JIT Code) Unity.VisualScripting.VSUsageUtility:.cctor () (at ./Library/PackageCache/com.unity.visualscripting@1.9.4/Editor/VisualScripting.Core/Utilities/VSUsageUtility.cs:23)
0x00000125515dfcb5 (Mono JIT Code) (wrapper runtime-invoke) object:runtime_invoke_void (object,intptr,intptr,intptr)
0x00007ffb99f04c2e (mono-2.0-bdwgc) mono_jit_runtime_invoke (at C:/build/output/Unity-Technologies/mono/mono/mini/mini-runtime.c:3445)
0x00007ffb99e3d254 (mono-2.0-bdwgc) do_runtime_invoke (at C:/build/output/Unity-Technologies/mono/mono/metadata/object.c:3068)
0x00007ffb99e37ff9 (mono-2.0-bdwgc) mono_runtime_class_init_full (at C:/build/output/Unity-Technologies/mono/mono/metadata/object.c:563)
0x00007ffb99d6de07 (mono-2.0-bdwgc) ves_icall_System_Runtime_CompilerServices_RuntimeHelpers_RunClassConstructor (at C:/build/output/Unity-Technologies/mono/mono/metadata/icall.c:1292)
0x00007ffb99d9feec (mono-2.0-bdwgc) ves_icall_System_Runtime_CompilerServices_RuntimeHelpers_RunClassConstructor_raw (at C:/build/output/Unity-Technologies/mono/mono/metadata/icall-def.h:756)
0x00000125514c11ca (Mono JIT Code) (wrapper managed-to-native) System.Runtime.CompilerServices.RuntimeHelpers:RunClassConstructor (intptr)
0x00000125514c10bb (Mono JIT Code) System.Runtime.CompilerServices.RuntimeHelpers:RunClassConstructor (System.RuntimeTypeHandle)
0x000001254f46d10b (Mono JIT Code) UnityEditor.EditorAssemblies:ProcessInitializeOnLoadAttributes (System.Type[])
0x00000124ff7e94d8 (Mono JIT Code) (wrapper runtime-invoke) <Module>:runtime_invoke_void_object (object,intptr,intptr,intptr)
0x00007ffb99f04c2e (mono-2.0-bdwgc) mono_jit_runtime_invoke (at C:/build/output/Unity-Technologies/mono/mono/mini/mini-runtime.c:3445)
0x00007ffb99e3d254 (mono-2.0-bdwgc) do_runtime_invoke (at C:/build/output/Unity-Technologies/mono/mono/metadata/object.c:3068)
0x00007ffb99e3d3cc (mono-2.0-bdwgc) mono_runtime_invoke (at C:/build/output/Unity-Technologies/mono/mono/metadata/object.c:3115)
0x00007ff777fe7114 (Unity) scripting_method_invoke
0x00007ff777fc4d24 (Unity) ScriptingInvocation::Invoke
0x00007ff777fbf845 (Unity) ScriptingInvocation::Invoke<void>
0x00007ff778110e13 (Unity) Scripting::UnityEditor::EditorAssembliesProxy::ProcessInitializeOnLoadAttributes
0x00007ff777fb96f8 (Unity) MonoManager::SetupLoadedEditorAssemblies
0x00007ff777faf584 (Unity) MonoManager::FinalizeReload
0x00007ff777fb6d39 (Unity) MonoManager::ReloadAssembly
0x00007ff778f62b3b (Unity) LoadDomainAndUserAssemblies
0x00007ff779449774 (Unity) WorkerDomainReloadV2
0x00007ff77946a985 (Unity) <lambda_b37b41f03089e3cb3f55061bbc93253d>::operator()
0x00007ff7794a61b2 (Unity) asio::detail::completion_handler<core::mutable_function<void __cdecl(void)>,asio::io_context::basic_executor_type<std::allocator<void>,0> >::do_complete
0x00007ff77949215e (Unity) asio::detail::win_iocp_io_context::do_one
0x00007ff779493dc4 (Unity) asio::detail::win_iocp_io_context::run
0x00007ff7794a455c (Unity) IOService::Run
0x00007ff7794779bf (Unity) AssetImportWorkerClient::Run
0x00007ff779443327 (Unity) RunAssetImportWorkerClientV2
0x00007ff7794433ab (Unity) RunAssetImporterV2
0x00007ff778c3bdfe (Unity) Application::InitializeProject
0x00007ff7790cfcd5 (Unity) WinMain
0x00007ff77a481d4e (Unity) __scrt_common_main_seh
0x00007ffbfbff259d (KERNEL32) BaseThreadInitThunk
0x00007ffbfe00af38 (ntdll) RtlUserThreadStart

System.Exception: Error! Visual Scripting: couldn't find visual scripting package
  at Unity.VisualScripting.PackageVersionUtility.get_version () [0x00043] in .\Library\PackageCache\com.unity.visualscripting@1.9.4\Editor\VisualScripting.Core\Utilities\PackageVersionUtility.cs:31 
  at Unity.VisualScripting.BoltCoreManifest.get_version () [0x00000] in .\Library\PackageCache\com.unity.visualscripting@1.9.4\Editor\VisualScripting.Core\Plugin\BoltCoreManifest.cs:11 
  at Unity.VisualScripting.PluginManifest.get_currentVersion () [0x00000] in .\Library\PackageCache\com.unity.visualscripting@1.9.4\Editor\VisualScripting.Core\Plugins\PluginManifest.cs:33 
  at Unity.VisualScripting.PluginManifest.get_versionMismatch () [0x00000] in .\Library\PackageCache\com.unity.visualscripting@1.9.4\Editor\VisualScripting.Core\Plugins\PluginManifest.cs:48 
  at Unity.VisualScripting.PluginContainer.Initialize () [0x00525] in .\Library\PackageCache\com.unity.visualscripting@1.9.4\Editor\VisualScripting.Core\Plugins\PluginContainer.cs:208 
  at Unity.VisualScripting.PluginContainer.InitializeOnLoad () [0x00009] in .\Library\PackageCache\com.unity.visualscripting@1.9.4\Editor\VisualScripting.Core\Plugins\PluginContainer.cs:32 
  at Unity.VisualScripting.VSUsageUtility.DoInitializeOnLoadCalls () [0x00034] in .\Library\PackageCache\com.unity.visualscripting@1.9.4\Editor\VisualScripting.Core\Utilities\VSUsageUtility.cs:76 
  at Unity.VisualScripting.VSUsageUtility.set_isVisualScriptingUsed (System.Boolean value) [0x0002c] in .\Library\PackageCache\com.unity.visualscripting@1.9.4\Editor\VisualScripting.Core\Utilities\VSUsageUtility.cs:114 
  at Unity.VisualScripting.VSUsageUtility.CheckAndSetIsVisualScriptingUsed () [0x0000d] in .\Library\PackageCache\com.unity.visualscripting@1.9.4\Editor\VisualScripting.Core\Utilities\VSUsageUtility.cs:33 
  at Unity.VisualScripting.VSUsageUtility..cctor () [0x00000] in .\Library\PackageCache\com.unity.visualscripting@1.9.4\Editor\VisualScripting.Core\Utilities\VSUsageUtility.cs:22 
0x00007ff7780ceb4d (Unity) StackWalker::GetCurrentCallstack
0x00007ff7780d3c29 (Unity) StackWalker::ShowCallstack
0x00007ff7790c5041 (Unity) GetStacktrace
0x00007ff77978020e (Unity) DebugStringToFile
0x00007ff7770111b8 (Unity) DebugLogHandler_CUSTOM_Internal_Log
0x00000125515fb183 (Mono JIT Code) (wrapper managed-to-native) UnityEngine.DebugLogHandler:Internal_Log (UnityEngine.LogType,UnityEngine.LogOption,string,UnityEngine.Object)
0x00000125515fae2b (Mono JIT Code) UnityEngine.DebugLogHandler:LogFormat (UnityEngine.LogType,UnityEngine.Object,string,object[])
0x00000125515fab70 (Mono JIT Code) UnityEngine.Logger:Log (UnityEngine.LogType,object)
0x0000012551628d65 (Mono JIT Code) UnityEngine.Debug:LogError (object)
0x000001254f46d1bb (Mono JIT Code) UnityEditor.EditorAssemblies:ProcessInitializeOnLoadAttributes (System.Type[])
0x00000124ff7e94d8 (Mono JIT Code) (wrapper runtime-invoke) <Module>:runtime_invoke_void_object (object,intptr,intptr,intptr)
0x00007ffb99f04c2e (mono-2.0-bdwgc) mono_jit_runtime_invoke (at C:/build/output/Unity-Technologies/mono/mono/mini/mini-runtime.c:3445)
0x00007ffb99e3d254 (mono-2.0-bdwgc) do_runtime_invoke (at C:/build/output/Unity-Technologies/mono/mono/metadata/object.c:3068)
0x00007ffb99e3d3cc (mono-2.0-bdwgc) mono_runtime_invoke (at C:/build/output/Unity-Technologies/mono/mono/metadata/object.c:3115)
0x00007ff777fe7114 (Unity) scripting_method_invoke
0x00007ff777fc4d24 (Unity) ScriptingInvocation::Invoke
0x00007ff777fbf845 (Unity) ScriptingInvocation::Invoke<void>
0x00007ff778110e13 (Unity) Scripting::UnityEditor::EditorAssembliesProxy::ProcessInitializeOnLoadAttributes
0x00007ff777fb96f8 (Unity) MonoManager::SetupLoadedEditorAssemblies
0x00007ff777faf584 (Unity) MonoManager::FinalizeReload
0x00007ff777fb6d39 (Unity) MonoManager::ReloadAssembly
0x00007ff778f62b3b (Unity) LoadDomainAndUserAssemblies
0x00007ff779449774 (Unity) WorkerDomainReloadV2
0x00007ff77946a985 (Unity) <lambda_b37b41f03089e3cb3f55061bbc93253d>::operator()
0x00007ff7794a61b2 (Unity) asio::detail::completion_handler<core::mutable_function<void __cdecl(void)>,asio::io_context::basic_executor_type<std::allocator<void>,0> >::do_complete
0x00007ff77949215e (Unity) asio::detail::win_iocp_io_context::do_one
0x00007ff779493dc4 (Unity) asio::detail::win_iocp_io_context::run
0x00007ff7794a455c (Unity) IOService::Run
0x00007ff7794779bf (Unity) AssetImportWorkerClient::Run
0x00007ff779443327 (Unity) RunAssetImportWorkerClientV2
0x00007ff7794433ab (Unity) RunAssetImporterV2
0x00007ff778c3bdfe (Unity) Application::InitializeProject
0x00007ff7790cfcd5 (Unity) WinMain
0x00007ff77a481d4e (Unity) __scrt_common_main_seh
0x00007ffbfbff259d (KERNEL32) BaseThreadInitThunk
0x00007ffbfe00af38 (ntdll) RtlUserThreadStart

[Package Manager] Server::EnsureServerProcessIsRunning -- launch failed, reason: Unity was launched with the -noUpm command-line argument
[Package Manager] UpmClient::Send -- Unable to send message (not connected to UPM process).
[Package Manager] Cannot connect to Unity Package Manager local server
Mono: successfully reloaded assembly
[Package Manager] Server::EnsureServerProcessIsRunning -- launch failed, reason: Unity was launched with the -noUpm command-line argument
[Package Manager] UpmClient::Send -- Unable to send message (not connected to UPM process).
[Package Manager] Cannot connect to Unity Package Manager local server
- Finished resetting the current domain, in  3.098 seconds
Domain Reload Profiling: 3940ms
	BeginReloadAssembly (290ms)
		ExecutionOrderSort (0ms)
		DisableScriptedObjects (23ms)
		BackupInstance (0ms)
		ReleaseScriptingObjects (0ms)
		CreateAndSetChildDomain (68ms)
	RebuildCommonClasses (61ms)
	RebuildNativeTypeToScriptingClass (18ms)
	initialDomainReloadingComplete (53ms)
	LoadAllAssembliesAndSetupDomain (420ms)
		LoadAssemblies (535ms)
		RebuildTransferFunctionScriptingTraits (0ms)
		AnalyzeDomain (19ms)
			TypeCache.Refresh (7ms)
				TypeCache.ScanAssembly (0ms)
			ScanForSourceGeneratedMonoScriptInfo (0ms)
			ResolveRequiredComponents (10ms)
	FinalizeReload (3099ms)
		ReleaseScriptCaches (0ms)
		RebuildScriptCaches (0ms)
		SetupLoadedEditorAssemblies (1154ms)
			LogAssemblyErrors (0ms)
			InitializePlatformSupportModulesInManaged (38ms)
			SetLoadedEditorAssemblies (14ms)
			RefreshPlugins (0ms)
			BeforeProcessingInitializeOnLoad (134ms)
			ProcessInitializeOnLoadAttributes (900ms)
			ProcessInitializeOnLoadMethodAttributes (53ms)
			AfterProcessingInitializeOnLoad (15ms)
			EditorAssembliesLoaded (0ms)
		ExecutionOrderSort2 (0ms)
		AwakeInstancesAfterBackupRestoration (24ms)
Refreshing native plugins compatible for Editor in 16.38 ms, found 4 plugins.
Preloading 0 native plugins for Editor in 0.00 ms.
Unloading 4366 Unused Serialized files (Serialized files now loaded: 0)
Unloading 20 unused Assets / (31.6 KB). Loaded Objects now: 4878.
Memory consumption went from 146.8 MB to 146.8 MB.
Total: 14.211000 ms (FindLiveObjects: 0.569100 ms CreateObjectMapping: 0.304300 ms MarkObjects: 13.246800 ms  DeleteObjects: 0.088500 ms)

Prepare: number of updated asset objects reloaded= 0
AssetImportParameters requested are different than current active one (requested -> active):
  custom:container-demuxer-ogg: 62fdf1f143b41e24485cea50d1cbac27 -> 
  custom:video-decoder-ogg-theora: a1e56fd34408186e4bbccfd4996cb3dc -> 
  custom:framework-win-MediaFoundation: 216162199b28c13a410421893ffa2e32 -> 
  custom:CustomObjectIndexerAttribute: 9a22284fe3817be447336de3de66b15e -> 
  custom:container-demuxer-webm: 4f35f7cbe854078d1ac9338744f61a02 -> 
  custom:container-muxer-webm: aa71ff27fc2769a1b78a27578f13a17b -> 
  custom:video-decoder-webm-vp8: 9c59270c3fd7afecdb556c50c9e8de78 -> 
  custom:SearchIndexIgnoredProperties: e643bd26f0fe6173181afceb89e7c659 -> 
  custom:AudioImporter_EditorPlatform: d09bf68614088b80899f8185d706f6e7 -> 
  custom:video-encoder-webm-vp8: eb34c28f22e8b96e1ab97ce403110664 -> 
  custom:audio-decoder-ogg-vorbis: bf7c407c2cedff20999df2af8eb42d56 -> 
  custom:audio-encoder-webm-vorbis: bf7c407c2cedff20999df2af8eb42d56 -> 
========================================================================
Received Import Request.
  Time since last request: 116.710438 seconds.
  path: Assets/Apps/endGame.uxml
  artifactKey: Guid(90029a5b3b01c1a499839f2e4f641047) Importer(815301076,1909f56bfc062723c751e8b465ee728b)
Start importing Assets/Apps/endGame.uxml using Guid(90029a5b3b01c1a499839f2e4f641047) Importer(815301076,1909f56bfc062723c751e8b465ee728b) [PhysX] Initialized MultithreadedTaskDispatcher with 12 workers.
 -> (artifact id: '1698e374fd9dda95e2d7c13c31ba35c1') in 0.034144 seconds
Number of updated asset objects reloaded before import = 0
Number of asset objects unloaded after import = 8
========================================================================
Received Import Request.
  Time since last request: 0.000034 seconds.
  path: Assets/Apps/listitem.uxml
  artifactKey: Guid(7246948c5d85e6b45a4d7a3a0136ea5d) Importer(815301076,1909f56bfc062723c751e8b465ee728b)
Start importing Assets/Apps/listitem.uxml using Guid(7246948c5d85e6b45a4d7a3a0136ea5d) Importer(815301076,1909f56bfc062723c751e8b465ee728b) [PhysX] Initialized MultithreadedTaskDispatcher with 12 workers.
 -> (artifact id: 'f1e56c74ebb9c7b521d92fa864da3360') in 0.011694 seconds
Number of updated asset objects reloaded before import = 0
Number of asset objects unloaded after import = 7
========================================================================
Received Import Request.
  Time since last request: 0.000042 seconds.
  path: Assets/Apps/main.uxml
  artifactKey: Guid(9b5afdba04e02574f911aadc5ea76f12) Importer(815301076,1909f56bfc062723c751e8b465ee728b)
Start importing Assets/Apps/main.uxml using Guid(9b5afdba04e02574f911aadc5ea76f12) Importer(815301076,1909f56bfc062723c751e8b465ee728b) [PhysX] Initialized MultithreadedTaskDispatcher with 12 workers.
 -> (artifact id: 'b7f0585aeae3b9b3f2858313d7ff1044') in 0.026995 seconds
Number of updated asset objects reloaded before import = 0
Number of asset objects unloaded after import = 13
========================================================================
Received Prepare
Refreshing native plugins compatible for Editor in 18.48 ms, found 4 plugins.
Preloading 0 native plugins for Editor in 0.00 ms.
Unloading 1 Unused Serialized files (Serialized files now loaded: 0)
Unloading 1 unused Assets / (3.1 KB). Loaded Objects now: 4879.
Memory consumption went from 78.8 MB to 78.8 MB.
Total: 15.642600 ms (FindLiveObjects: 0.751100 ms CreateObjectMapping: 0.357400 ms MarkObjects: 14.494600 ms  DeleteObjects: 0.036900 ms)

Prepare: number of updated asset objects reloaded= 0
AssetImportParameters requested are different than current active one (requested -> active):
  custom:container-demuxer-ogg: 62fdf1f143b41e24485cea50d1cbac27 -> 
  custom:video-decoder-ogg-theora: a1e56fd34408186e4bbccfd4996cb3dc -> 
  custom:framework-win-MediaFoundation: 216162199b28c13a410421893ffa2e32 -> 
  custom:CustomObjectIndexerAttribute: 9a22284fe3817be447336de3de66b15e -> 
  custom:container-demuxer-webm: 4f35f7cbe854078d1ac9338744f61a02 -> 
  custom:container-muxer-webm: aa71ff27fc2769a1b78a27578f13a17b -> 
  custom:video-decoder-webm-vp8: 9c59270c3fd7afecdb556c50c9e8de78 -> 
  custom:SearchIndexIgnoredProperties: e643bd26f0fe6173181afceb89e7c659 -> 
  custom:AudioImporter_EditorPlatform: d09bf68614088b80899f8185d706f6e7 -> 
  custom:video-encoder-webm-vp8: eb34c28f22e8b96e1ab97ce403110664 -> 
  custom:audio-decoder-ogg-vorbis: bf7c407c2cedff20999df2af8eb42d56 -> 
  custom:audio-encoder-webm-vorbis: bf7c407c2cedff20999df2af8eb42d56 -> 
Editor requested this worker to shutdown with reason: Scaling down because of idle timeout
TcpMessagingSession - receive error: operation aborted. errorcode: 995, details:  /   -       .
AssetImportWorker is now disconnected from the server
Process exiting
Exiting without the bug reporter. Application will terminate with return code 0