Using pre-set license
Built from '2022.3/release' branch; Version is '2022.3.48f1 (8bf49c377ebf) revision 9172124'; Using compiler version '192829333'; Build Type 'Release'
OS: 'Windows 11  (10.0.22631) 64bit Core' Language: 'ru' Physical Memory: 15693 MB
BatchMode: 1, IsHumanControllingUs: 0, StartBugReporterOnCrash: 0, Is64bit: 1, IsPro: 1

COMMAND LINE ARGUMENTS:
C:\Program Files\Unity\Hub\Editor\2022.3.48f1\Editor\Unity.exe
-adb2
-batchMode
-noUpm
-name
AssetImportWorker1
-projectPath
C:/Users/annam/unity_workspace/cellProject1
-logFile
Logs/AssetImportWorker1.log
-srvPort
59822
Successfully changed project path to: C:/Users/annam/unity_workspace/cellProject1
C:/Users/annam/unity_workspace/cellProject1
[UnityMemory] Configuration Parameters - Can be set up in boot.config
    "memorysetup-bucket-allocator-granularity=16"
    "memorysetup-bucket-allocator-bucket-count=8"
    "memorysetup-bucket-allocator-block-size=33554432"
    "memorysetup-bucket-allocator-block-count=8"
    "memorysetup-main-allocator-block-size=16777216"
    "memorysetup-thread-allocator-block-size=16777216"
    "memorysetup-gfx-main-allocator-block-size=16777216"
    "memorysetup-gfx-thread-allocator-block-size=16777216"
    "memorysetup-cache-allocator-block-size=4194304"
    "memorysetup-typetree-allocator-block-size=2097152"
    "memorysetup-profiler-bucket-allocator-granularity=16"
    "memorysetup-profiler-bucket-allocator-bucket-count=8"
    "memorysetup-profiler-bucket-allocator-block-size=33554432"
    "memorysetup-profiler-bucket-allocator-block-count=8"
    "memorysetup-profiler-allocator-block-size=16777216"
    "memorysetup-profiler-editor-allocator-block-size=1048576"
    "memorysetup-temp-allocator-size-main=16777216"
    "memorysetup-job-temp-allocator-block-size=2097152"
    "memorysetup-job-temp-allocator-block-size-background=1048576"
    "memorysetup-job-temp-allocator-reduction-small-platforms=262144"
    "memorysetup-allocator-temp-initial-block-size-main=262144"
    "memorysetup-allocator-temp-initial-block-size-worker=262144"
    "memorysetup-temp-allocator-size-background-worker=32768"
    "memorysetup-temp-allocator-size-job-worker=262144"
    "memorysetup-temp-allocator-size-preload-manager=33554432"
    "memorysetup-temp-allocator-size-nav-mesh-worker=65536"
    "memorysetup-temp-allocator-size-audio-worker=65536"
    "memorysetup-temp-allocator-size-cloud-worker=32768"
    "memorysetup-temp-allocator-size-gi-baking-worker=262144"
    "memorysetup-temp-allocator-size-gfx=262144"
Player connection [34460]  Target information:

Player connection [34460]  * "[IP] 192.168.56.1 [Port] 0 [Flags] 2 [Guid] 3477078490 [EditorId] 3477078490 [Version] 1048832 [Id] WindowsEditor(7,annamy) [Debug] 1 [PackageName] WindowsEditor [ProjectName] Editor" 

Player connection [34460]  * "[IP] 192.168.1.104 [Port] 0 [Flags] 2 [Guid] 3477078490 [EditorId] 3477078490 [Version] 1048832 [Id] WindowsEditor(7,annamy) [Debug] 1 [PackageName] WindowsEditor [ProjectName] Editor" 

Player connection [34460] Host joined multi-casting on [225.0.0.222:54997]...
Player connection [34460] Host joined alternative multi-casting on [225.0.0.222:34997]...
[PhysX] Initialized MultithreadedTaskDispatcher with 12 workers.
Refreshing native plugins compatible for Editor in 50.43 ms, found 4 plugins.
Preloading 0 native plugins for Editor in 0.00 ms.
Initialize engine version: 2022.3.48f1 (8bf49c377ebf)
[Subsystems] Discovering subsystems at path C:/Program Files/Unity/Hub/Editor/2022.3.48f1/Editor/Data/Resources/UnitySubsystems
[Subsystems] Discovering subsystems at path C:/Users/annam/unity_workspace/cellProject1/Assets
GfxDevice: creating device client; threaded=0; jobified=0
Direct3D:
    Version:  Direct3D 11.0 [level 11.1]
    Renderer: AMD Radeon(TM) Graphics (ID=0x164c)
    Vendor:   ATI
    VRAM:     7846 MB
    Driver:   31.0.21910.4002
Initialize mono
Mono path[0] = 'C:/Program Files/Unity/Hub/Editor/2022.3.48f1/Editor/Data/Managed'
Mono path[1] = 'C:/Program Files/Unity/Hub/Editor/2022.3.48f1/Editor/Data/MonoBleedingEdge/lib/mono/unityjit-win32'
Mono config path = 'C:/Program Files/Unity/Hub/Editor/2022.3.48f1/Editor/Data/MonoBleedingEdge/etc'
Using monoOptions --debugger-agent=transport=dt_socket,embedding=1,server=y,suspend=n,address=127.0.0.1:56912
Begin MonoManager ReloadAssembly
Registering precompiled unity dll's ...
Register platform support module: C:/Program Files/Unity/Hub/Editor/2022.3.48f1/Editor/Data/PlaybackEngines/WebGLSupport/UnityEditor.WebGL.Extensions.dll
Register platform support module: C:/Program Files/Unity/Hub/Editor/2022.3.48f1/Editor/Data/PlaybackEngines/AndroidPlayer/UnityEditor.Android.Extensions.dll
Register platform support module: C:/Program Files/Unity/Hub/Editor/2022.3.48f1/Editor/Data/PlaybackEngines/WindowsStandaloneSupport/UnityEditor.WindowsStandalone.Extensions.dll
Registered in 0.030681 seconds.
- Loaded All Assemblies, in  0.764 seconds
Native extension for WindowsStandalone target not found
Native extension for Android target not found
Android Extension - Scanning For ADB Devices 473 ms
Native extension for WebGL target not found
Mono: successfully reloaded assembly
- Finished resetting the current domain, in  1.014 seconds
Domain Reload Profiling: 1774ms
	BeginReloadAssembly (209ms)
		ExecutionOrderSort (0ms)
		DisableScriptedObjects (0ms)
		BackupInstance (0ms)
		ReleaseScriptingObjects (0ms)
		CreateAndSetChildDomain (1ms)
	RebuildCommonClasses (75ms)
	RebuildNativeTypeToScriptingClass (21ms)
	initialDomainReloadingComplete (138ms)
	LoadAllAssembliesAndSetupDomain (316ms)
		LoadAssemblies (206ms)
		RebuildTransferFunctionScriptingTraits (0ms)
		AnalyzeDomain (311ms)
			TypeCache.Refresh (309ms)
				TypeCache.ScanAssembly (285ms)
			ScanForSourceGeneratedMonoScriptInfo (1ms)
			ResolveRequiredComponents (1ms)
	FinalizeReload (1015ms)
		ReleaseScriptCaches (0ms)
		RebuildScriptCaches (0ms)
		SetupLoadedEditorAssemblies (933ms)
			LogAssemblyErrors (0ms)
			InitializePlatformSupportModulesInManaged (607ms)
			SetLoadedEditorAssemblies (6ms)
			RefreshPlugins (0ms)
			BeforeProcessingInitializeOnLoad (4ms)
			ProcessInitializeOnLoadAttributes (228ms)
			ProcessInitializeOnLoadMethodAttributes (88ms)
			AfterProcessingInitializeOnLoad (0ms)
			EditorAssembliesLoaded (0ms)
		ExecutionOrderSort2 (0ms)
		AwakeInstancesAfterBackupRestoration (0ms)
========================================================================
Worker process is ready to serve import requests
Caller must complete domain reload
0x00007ff68c9aeb4d (Unity) StackWalker::GetCurrentCallstack
0x00007ff68c9b3c29 (Unity) StackWalker::ShowCallstack
0x00007ff68d9a5041 (Unity) GetStacktrace
0x00007ff68e06020e (Unity) DebugStringToFile
0x00007ff68e05ff4a (Unity) AssertImplementation
0x00007ff68d8429cc (Unity) Internal_ADB_WorkerOnly_DomainReload
0x00007ff68dd29774 (Unity) WorkerDomainReloadV2
0x00007ff68dd4a39f (Unity) <lambda_943be6b2c5671afd01d59371cf3ef730>::operator()
0x00007ff68dd861b2 (Unity) asio::detail::completion_handler<core::mutable_function<void __cdecl(void)>,asio::io_context::basic_executor_type<std::allocator<void>,0> >::do_complete
0x00007ff68dd7215e (Unity) asio::detail::win_iocp_io_context::do_one
0x00007ff68dd73d8e (Unity) asio::detail::win_iocp_io_context::run
0x00007ff68dd8455c (Unity) IOService::Run
0x00007ff68dd579bf (Unity) AssetImportWorkerClient::Run
0x00007ff68dd23327 (Unity) RunAssetImportWorkerClientV2
0x00007ff68dd233ab (Unity) RunAssetImporterV2
0x00007ff68d51bdfe (Unity) Application::InitializeProject
0x00007ff68d9afcd5 (Unity) WinMain
0x00007ff68ed61d4e (Unity) __scrt_common_main_seh
0x00007ffbfbff259d (KERNEL32) BaseThreadInitThunk
0x00007ffbfe00af38 (ntdll) RtlUserThreadStart

Begin MonoManager ReloadAssembly
- Loaded All Assemblies, in  1.365 seconds
Native extension for WindowsStandalone target not found
Native extension for Android target not found
Native extension for WebGL target not found
System.Exception: Error! Visual Scripting: couldn't find visual scripting package
  at Unity.VisualScripting.PackageVersionUtility.get_version () [0x00043] in .\Library\PackageCache\com.unity.visualscripting@1.9.4\Editor\VisualScripting.Core\Utilities\PackageVersionUtility.cs:31 
  at Unity.VisualScripting.BoltCoreManifest.get_version () [0x00000] in .\Library\PackageCache\com.unity.visualscripting@1.9.4\Editor\VisualScripting.Core\Plugin\BoltCoreManifest.cs:11 
  at Unity.VisualScripting.PluginManifest.get_currentVersion () [0x00000] in .\Library\PackageCache\com.unity.visualscripting@1.9.4\Editor\VisualScripting.Core\Plugins\PluginManifest.cs:33 
  at Unity.VisualScripting.PluginManifest.get_versionMismatch () [0x00000] in .\Library\PackageCache\com.unity.visualscripting@1.9.4\Editor\VisualScripting.Core\Plugins\PluginManifest.cs:48 
  at Unity.VisualScripting.PluginContainer.Initialize () [0x00525] in .\Library\PackageCache\com.unity.visualscripting@1.9.4\Editor\VisualScripting.Core\Plugins\PluginContainer.cs:208 
  at Unity.VisualScripting.PluginContainer.InitializeOnLoad () [0x00009] in .\Library\PackageCache\com.unity.visualscripting@1.9.4\Editor\VisualScripting.Core\Plugins\PluginContainer.cs:32 
  at Unity.VisualScripting.VSUsageUtility.DoInitializeOnLoadCalls () [0x00034] in .\Library\PackageCache\com.unity.visualscripting@1.9.4\Editor\VisualScripting.Core\Utilities\VSUsageUtility.cs:76 
  at Unity.VisualScripting.VSUsageUtility.set_isVisualScriptingUsed (System.Boolean value) [0x0002c] in .\Library\PackageCache\com.unity.visualscripting@1.9.4\Editor\VisualScripting.Core\Utilities\VSUsageUtility.cs:114 
  at Unity.VisualScripting.VSUsageUtility.CheckAndSetIsVisualScriptingUsed () [0x00032] in .\Library\PackageCache\com.unity.visualscripting@1.9.4\Editor\VisualScripting.Core\Utilities\VSUsageUtility.cs:48 
  at Unity.VisualScripting.VSUsageUtility..cctor () [0x00000] in .\Library\PackageCache\com.unity.visualscripting@1.9.4\Editor\VisualScripting.Core\Utilities\VSUsageUtility.cs:22 
0x00007ff68c9aeb4d (Unity) StackWalker::GetCurrentCallstack
0x00007ff68c9b3c29 (Unity) StackWalker::ShowCallstack
0x00007ff68d9a5041 (Unity) GetStacktrace
0x00007ff68e06020e (Unity) DebugStringToFile
0x00007ff68b8f11b8 (Unity) DebugLogHandler_CUSTOM_Internal_Log
0x000001b6869be7f3 (Mono JIT Code) (wrapper managed-to-native) UnityEngine.DebugLogHandler:Internal_Log (UnityEngine.LogType,UnityEngine.LogOption,string,UnityEngine.Object)
0x000001b6869be4db (Mono JIT Code) UnityEngine.DebugLogHandler:LogFormat (UnityEngine.LogType,UnityEngine.Object,string,object[])
0x000001b6869bc630 (Mono JIT Code) UnityEngine.Logger:Log (UnityEngine.LogType,object)
0x000001b6869bc4f5 (Mono JIT Code) UnityEngine.Debug:LogError (object)
0x000001b675f30fbb (Mono JIT Code) UnityEditor.EditorAssemblies:ProcessInitializeOnLoadAttributes (System.Type[])
0x000001b675a994d8 (Mono JIT Code) (wrapper runtime-invoke) <Module>:runtime_invoke_void_object (object,intptr,intptr,intptr)
0x00007ffb66ee4c2e (mono-2.0-bdwgc) mono_jit_runtime_invoke (at C:/build/output/Unity-Technologies/mono/mono/mini/mini-runtime.c:3445)
0x00007ffb66e1d254 (mono-2.0-bdwgc) do_runtime_invoke (at C:/build/output/Unity-Technologies/mono/mono/metadata/object.c:3068)
0x00007ffb66e1d3cc (mono-2.0-bdwgc) mono_runtime_invoke (at C:/build/output/Unity-Technologies/mono/mono/metadata/object.c:3115)
0x00007ff68c8c7114 (Unity) scripting_method_invoke
0x00007ff68c8a4d24 (Unity) ScriptingInvocation::Invoke
0x00007ff68c89f845 (Unity) ScriptingInvocation::Invoke<void>
0x00007ff68c9f0e13 (Unity) Scripting::UnityEditor::EditorAssembliesProxy::ProcessInitializeOnLoadAttributes
0x00007ff68c8996f8 (Unity) MonoManager::SetupLoadedEditorAssemblies
0x00007ff68c88f584 (Unity) MonoManager::FinalizeReload
0x00007ff68c896d39 (Unity) MonoManager::ReloadAssembly
0x00007ff68d842b3b (Unity) LoadDomainAndUserAssemblies
0x00007ff68dd29774 (Unity) WorkerDomainReloadV2
0x00007ff68dd4a39f (Unity) <lambda_943be6b2c5671afd01d59371cf3ef730>::operator()
0x00007ff68dd861b2 (Unity) asio::detail::completion_handler<core::mutable_function<void __cdecl(void)>,asio::io_context::basic_executor_type<std::allocator<void>,0> >::do_complete
0x00007ff68dd7215e (Unity) asio::detail::win_iocp_io_context::do_one
0x00007ff68dd73d8e (Unity) asio::detail::win_iocp_io_context::run
0x00007ff68dd8455c (Unity) IOService::Run
0x00007ff68dd579bf (Unity) AssetImportWorkerClient::Run
0x00007ff68dd23327 (Unity) RunAssetImportWorkerClientV2
0x00007ff68dd233ab (Unity) RunAssetImporterV2
0x00007ff68d51bdfe (Unity) Application::InitializeProject
0x00007ff68d9afcd5 (Unity) WinMain
0x00007ff68ed61d4e (Unity) __scrt_common_main_seh
0x00007ffbfbff259d (KERNEL32) BaseThreadInitThunk
0x00007ffbfe00af38 (ntdll) RtlUserThreadStart

Package Manager log level set to [2]
[Package Manager] Server::EnsureServerProcessIsRunning -- launch failed, reason: Unity was launched with the -noUpm command-line argument
[Package Manager] UpmClient::Send -- Unable to send message (not connected to UPM process).
[Package Manager] Cannot connect to Unity Package Manager local server
Mono: successfully reloaded assembly
[Package Manager] Server::EnsureServerProcessIsRunning -- launch failed, reason: Unity was launched with the -noUpm command-line argument
[Package Manager] UpmClient::Send -- Unable to send message (not connected to UPM process).
[Package Manager] Cannot connect to Unity Package Manager local server
[Package Manager] Server::EnsureServerProcessIsRunning -- launch failed, reason: Unity was launched with the -noUpm command-line argument
[Package Manager] UpmClient::Send -- Unable to send message (not connected to UPM process).
[Package Manager] Cannot connect to Unity Package Manager local server
- Finished resetting the current domain, in  2.278 seconds
Domain Reload Profiling: 3635ms
	BeginReloadAssembly (263ms)
		ExecutionOrderSort (0ms)
		DisableScriptedObjects (8ms)
		BackupInstance (0ms)
		ReleaseScriptingObjects (0ms)
		CreateAndSetChildDomain (35ms)
	RebuildCommonClasses (60ms)
	RebuildNativeTypeToScriptingClass (19ms)
	initialDomainReloadingComplete (76ms)
	LoadAllAssembliesAndSetupDomain (939ms)
		LoadAssemblies (721ms)
		RebuildTransferFunctionScriptingTraits (0ms)
		AnalyzeDomain (372ms)
			TypeCache.Refresh (316ms)
				TypeCache.ScanAssembly (282ms)
			ScanForSourceGeneratedMonoScriptInfo (44ms)
			ResolveRequiredComponents (10ms)
	FinalizeReload (2279ms)
		ReleaseScriptCaches (0ms)
		RebuildScriptCaches (0ms)
		SetupLoadedEditorAssemblies (1993ms)
			LogAssemblyErrors (0ms)
			InitializePlatformSupportModulesInManaged (48ms)
			SetLoadedEditorAssemblies (7ms)
			RefreshPlugins (0ms)
			BeforeProcessingInitializeOnLoad (171ms)
			ProcessInitializeOnLoadAttributes (1693ms)
			ProcessInitializeOnLoadMethodAttributes (63ms)
			AfterProcessingInitializeOnLoad (11ms)
			EditorAssembliesLoaded (0ms)
		ExecutionOrderSort2 (0ms)
		AwakeInstancesAfterBackupRestoration (7ms)
Launched and connected shader compiler UnityShaderCompiler.exe after 0.07 seconds
Refreshing native plugins compatible for Editor in 17.96 ms, found 4 plugins.
Preloading 0 native plugins for Editor in 0.00 ms.
Unloading 4382 Unused Serialized files (Serialized files now loaded: 0)
Unloading 32 unused Assets / (57.8 KB). Loaded Objects now: 4858.
Memory consumption went from 151.7 MB to 151.6 MB.
Total: 15.354500 ms (FindLiveObjects: 0.411200 ms CreateObjectMapping: 0.189300 ms MarkObjects: 14.542100 ms  DeleteObjects: 0.209800 ms)

AssetImportParameters requested are different than current active one (requested -> active):
  custom:container-demuxer-ogg: 62fdf1f143b41e24485cea50d1cbac27 -> 
  custom:video-decoder-ogg-theora: a1e56fd34408186e4bbccfd4996cb3dc -> 
  custom:framework-win-MediaFoundation: 216162199b28c13a410421893ffa2e32 -> 
  custom:CustomObjectIndexerAttribute: 9a22284fe3817be447336de3de66b15e -> 
  custom:container-demuxer-webm: 4f35f7cbe854078d1ac9338744f61a02 -> 
  custom:container-muxer-webm: aa71ff27fc2769a1b78a27578f13a17b -> 
  custom:video-decoder-webm-vp8: 9c59270c3fd7afecdb556c50c9e8de78 -> 
  custom:SearchIndexIgnoredProperties: e643bd26f0fe6173181afceb89e7c659 -> 
  custom:AudioImporter_EditorPlatform: d09bf68614088b80899f8185d706f6e7 -> 
  custom:video-encoder-webm-vp8: eb34c28f22e8b96e1ab97ce403110664 -> 
  custom:audio-decoder-ogg-vorbis: bf7c407c2cedff20999df2af8eb42d56 -> 
  custom:audio-encoder-webm-vorbis: bf7c407c2cedff20999df2af8eb42d56 -> 
========================================================================
Received Import Request.
  Time since last request: 86369.440160 seconds.
  path: Assets/Scenes/MenuScene.unity
  artifactKey: Guid(6521375e1b57275418062e1e92b65d97) Importer(815301076,1909f56bfc062723c751e8b465ee728b)
Start importing Assets/Scenes/MenuScene.unity using Guid(6521375e1b57275418062e1e92b65d97) Importer(815301076,1909f56bfc062723c751e8b465ee728b) [PhysX] Initialized MultithreadedTaskDispatcher with 12 workers.
 -> (artifact id: 'b90d035a53bbd549faa896e0ea6b6f85') in 0.008548 seconds
Number of updated asset objects reloaded before import = 0
Number of asset objects unloaded after import = 0
========================================================================
Received Prepare
Caller must complete domain reload
0x00007ff68c9aeb4d (Unity) StackWalker::GetCurrentCallstack
0x00007ff68c9b3c29 (Unity) StackWalker::ShowCallstack
0x00007ff68d9a5041 (Unity) GetStacktrace
0x00007ff68e06020e (Unity) DebugStringToFile
0x00007ff68e05ff4a (Unity) AssertImplementation
0x00007ff68d8429cc (Unity) Internal_ADB_WorkerOnly_DomainReload
0x00007ff68dd29774 (Unity) WorkerDomainReloadV2
0x00007ff68dd4a985 (Unity) <lambda_b37b41f03089e3cb3f55061bbc93253d>::operator()
0x00007ff68dd861b2 (Unity) asio::detail::completion_handler<core::mutable_function<void __cdecl(void)>,asio::io_context::basic_executor_type<std::allocator<void>,0> >::do_complete
0x00007ff68dd7215e (Unity) asio::detail::win_iocp_io_context::do_one
0x00007ff68dd73dc4 (Unity) asio::detail::win_iocp_io_context::run
0x00007ff68dd8455c (Unity) IOService::Run
0x00007ff68dd579bf (Unity) AssetImportWorkerClient::Run
0x00007ff68dd23327 (Unity) RunAssetImportWorkerClientV2
0x00007ff68dd233ab (Unity) RunAssetImporterV2
0x00007ff68d51bdfe (Unity) Application::InitializeProject
0x00007ff68d9afcd5 (Unity) WinMain
0x00007ff68ed61d4e (Unity) __scrt_common_main_seh
0x00007ffbfbff259d (KERNEL32) BaseThreadInitThunk
0x00007ffbfe00af38 (ntdll) RtlUserThreadStart

Begin MonoManager ReloadAssembly
- Loaded All Assemblies, in  1.719 seconds
Native extension for WindowsStandalone target not found
Native extension for Android target not found
Native extension for WebGL target not found
Could not load the file 'NiceIO'.
0x00007ff68c9aeb4d (Unity) StackWalker::GetCurrentCallstack
0x00007ff68c9b3c29 (Unity) StackWalker::ShowCallstack
0x00007ff68d9a5041 (Unity) GetStacktrace
0x00007ff68e06020e (Unity) DebugStringToFile
0x00007ff68b8f11b8 (Unity) DebugLogHandler_CUSTOM_Internal_Log
0x000001b6749fb3a3 (Mono JIT Code) (wrapper managed-to-native) UnityEngine.DebugLogHandler:Internal_Log (UnityEngine.LogType,UnityEngine.LogOption,string,UnityEngine.Object)
0x000001b6749fb08b (Mono JIT Code) UnityEngine.DebugLogHandler:LogFormat (UnityEngine.LogType,UnityEngine.Object,string,object[])
0x000001b6749fae10 (Mono JIT Code) UnityEngine.Logger:Log (UnityEngine.LogType,object)
0x000001b6749facd8 (Mono JIT Code) UnityEngine.Debug:LogWarning (object)
0x000001b6749f69eb (Mono JIT Code) Unity.VisualScripting.Codebase:IsEditorAssembly (System.Reflection.Assembly,System.Collections.Generic.HashSet`1<string>) (at ./Library/PackageCache/com.unity.visualscripting@1.9.4/Editor/VisualScripting.Core/Reflection/Codebase.cs:384)
0x000001b6749f65d3 (Mono JIT Code) Unity.VisualScripting.Codebase:IsRuntimeAssembly (System.Reflection.Assembly) (at ./Library/PackageCache/com.unity.visualscripting@1.9.4/Editor/VisualScripting.Core/Reflection/Codebase.cs:404)
0x000001b6749f52f3 (Mono JIT Code) Unity.VisualScripting.Codebase:.cctor () (at ./Library/PackageCache/com.unity.visualscripting@1.9.4/Editor/VisualScripting.Core/Reflection/Codebase.cs:46)
0x000001b6749e51e5 (Mono JIT Code) (wrapper runtime-invoke) object:runtime_invoke_void (object,intptr,intptr,intptr)
0x00007ffb66ee4c2e (mono-2.0-bdwgc) mono_jit_runtime_invoke (at C:/build/output/Unity-Technologies/mono/mono/mini/mini-runtime.c:3445)
0x00007ffb66e1d254 (mono-2.0-bdwgc) do_runtime_invoke (at C:/build/output/Unity-Technologies/mono/mono/metadata/object.c:3068)
0x00007ffb66e17ff9 (mono-2.0-bdwgc) mono_runtime_class_init_full (at C:/build/output/Unity-Technologies/mono/mono/metadata/object.c:563)
0x00007ffb66edbbb5 (mono-2.0-bdwgc) mono_jit_compile_method_inner (at C:/build/output/Unity-Technologies/mono/mono/mini/mini.c:4228)
0x00007ffb66ee281c (mono-2.0-bdwgc) mono_jit_compile_method_with_opt (at C:/build/output/Unity-Technologies/mono/mono/mini/mini-runtime.c:2700)
0x00007ffb66fdce24 (mono-2.0-bdwgc) common_call_trampoline (at C:/build/output/Unity-Technologies/mono/mono/mini/mini-trampolines.c:641)
0x00007ffb66fdd8e8 (mono-2.0-bdwgc) mono_magic_trampoline (at C:/build/output/Unity-Technologies/mono/mono/mini/mini-trampolines.c:792)
0x000001b650bb03a6 ((<unknown>)) 
0x000001b6749f1053 (Mono JIT Code) Unity.VisualScripting.PluginContainer:Initialize () (at ./Library/PackageCache/com.unity.visualscripting@1.9.4/Editor/VisualScripting.Core/Plugins/PluginContainer.cs:86)
0x000001b6749f0b13 (Mono JIT Code) Unity.VisualScripting.PluginContainer:InitializeOnLoad () (at ./Library/PackageCache/com.unity.visualscripting@1.9.4/Editor/VisualScripting.Core/Plugins/PluginContainer.cs:33)
0x000001b6749e6073 (Mono JIT Code) Unity.VisualScripting.VSUsageUtility:DoInitializeOnLoadCalls () (at ./Library/PackageCache/com.unity.visualscripting@1.9.4/Editor/VisualScripting.Core/Utilities/VSUsageUtility.cs:78)
0x000001b6749e5cdb (Mono JIT Code) Unity.VisualScripting.VSUsageUtility:set_isVisualScriptingUsed (bool) (at ./Library/PackageCache/com.unity.visualscripting@1.9.4/Editor/VisualScripting.Core/Utilities/VSUsageUtility.cs:117)
0x000001b6749e5b5b (Mono JIT Code) Unity.VisualScripting.VSUsageUtility:CheckAndSetIsVisualScriptingUsed () (at ./Library/PackageCache/com.unity.visualscripting@1.9.4/Editor/VisualScripting.Core/Utilities/VSUsageUtility.cs:34)
0x000001b6749e50f3 (Mono JIT Code) Unity.VisualScripting.VSUsageUtility:.cctor () (at ./Library/PackageCache/com.unity.visualscripting@1.9.4/Editor/VisualScripting.Core/Utilities/VSUsageUtility.cs:23)
0x000001b6749e51e5 (Mono JIT Code) (wrapper runtime-invoke) object:runtime_invoke_void (object,intptr,intptr,intptr)
0x00007ffb66ee4c2e (mono-2.0-bdwgc) mono_jit_runtime_invoke (at C:/build/output/Unity-Technologies/mono/mono/mini/mini-runtime.c:3445)
0x00007ffb66e1d254 (mono-2.0-bdwgc) do_runtime_invoke (at C:/build/output/Unity-Technologies/mono/mono/metadata/object.c:3068)
0x00007ffb66e17ff9 (mono-2.0-bdwgc) mono_runtime_class_init_full (at C:/build/output/Unity-Technologies/mono/mono/metadata/object.c:563)
0x00007ffb66d4de07 (mono-2.0-bdwgc) ves_icall_System_Runtime_CompilerServices_RuntimeHelpers_RunClassConstructor (at C:/build/output/Unity-Technologies/mono/mono/metadata/icall.c:1292)
0x00007ffb66d7feec (mono-2.0-bdwgc) ves_icall_System_Runtime_CompilerServices_RuntimeHelpers_RunClassConstructor_raw (at C:/build/output/Unity-Technologies/mono/mono/metadata/icall-def.h:756)
0x000001b6865bae6a (Mono JIT Code) (wrapper managed-to-native) System.Runtime.CompilerServices.RuntimeHelpers:RunClassConstructor (intptr)
0x000001b6865bad7b (Mono JIT Code) System.Runtime.CompilerServices.RuntimeHelpers:RunClassConstructor (System.RuntimeTypeHandle)
0x000001b6865b70ab (Mono JIT Code) UnityEditor.EditorAssemblies:ProcessInitializeOnLoadAttributes (System.Type[])
0x000001b6767194d8 (Mono JIT Code) (wrapper runtime-invoke) <Module>:runtime_invoke_void_object (object,intptr,intptr,intptr)
0x00007ffb66ee4c2e (mono-2.0-bdwgc) mono_jit_runtime_invoke (at C:/build/output/Unity-Technologies/mono/mono/mini/mini-runtime.c:3445)
0x00007ffb66e1d254 (mono-2.0-bdwgc) do_runtime_invoke (at C:/build/output/Unity-Technologies/mono/mono/metadata/object.c:3068)
0x00007ffb66e1d3cc (mono-2.0-bdwgc) mono_runtime_invoke (at C:/build/output/Unity-Technologies/mono/mono/metadata/object.c:3115)
0x00007ff68c8c7114 (Unity) scripting_method_invoke
0x00007ff68c8a4d24 (Unity) ScriptingInvocation::Invoke
0x00007ff68c89f845 (Unity) ScriptingInvocation::Invoke<void>
0x00007ff68c9f0e13 (Unity) Scripting::UnityEditor::EditorAssembliesProxy::ProcessInitializeOnLoadAttributes
0x00007ff68c8996f8 (Unity) MonoManager::SetupLoadedEditorAssemblies
0x00007ff68c88f584 (Unity) MonoManager::FinalizeReload
0x00007ff68c896d39 (Unity) MonoManager::ReloadAssembly
0x00007ff68d842b3b (Unity) LoadDomainAndUserAssemblies
0x00007ff68dd29774 (Unity) WorkerDomainReloadV2
0x00007ff68dd4a985 (Unity) <lambda_b37b41f03089e3cb3f55061bbc93253d>::operator()
0x00007ff68dd861b2 (Unity) asio::detail::completion_handler<core::mutable_function<void __cdecl(void)>,asio::io_context::basic_executor_type<std::allocator<void>,0> >::do_complete
0x00007ff68dd7215e (Unity) asio::detail::win_iocp_io_context::do_one
0x00007ff68dd73dc4 (Unity) asio::detail::win_iocp_io_context::run
0x00007ff68dd8455c (Unity) IOService::Run
0x00007ff68dd579bf (Unity) AssetImportWorkerClient::Run
0x00007ff68dd23327 (Unity) RunAssetImportWorkerClientV2
0x00007ff68dd233ab (Unity) RunAssetImporterV2
0x00007ff68d51bdfe (Unity) Application::InitializeProject
0x00007ff68d9afcd5 (Unity) WinMain
0x00007ff68ed61d4e (Unity) __scrt_common_main_seh
0x00007ffbfbff259d (KERNEL32) BaseThreadInitThunk
0x00007ffbfe00af38 (ntdll) RtlUserThreadStart

System.Exception: Error! Visual Scripting: couldn't find visual scripting package
  at Unity.VisualScripting.PackageVersionUtility.get_version () [0x00043] in .\Library\PackageCache\com.unity.visualscripting@1.9.4\Editor\VisualScripting.Core\Utilities\PackageVersionUtility.cs:31 
  at Unity.VisualScripting.BoltCoreManifest.get_version () [0x00000] in .\Library\PackageCache\com.unity.visualscripting@1.9.4\Editor\VisualScripting.Core\Plugin\BoltCoreManifest.cs:11 
  at Unity.VisualScripting.PluginManifest.get_currentVersion () [0x00000] in .\Library\PackageCache\com.unity.visualscripting@1.9.4\Editor\VisualScripting.Core\Plugins\PluginManifest.cs:33 
  at Unity.VisualScripting.PluginManifest.get_versionMismatch () [0x00000] in .\Library\PackageCache\com.unity.visualscripting@1.9.4\Editor\VisualScripting.Core\Plugins\PluginManifest.cs:48 
  at Unity.VisualScripting.PluginContainer.Initialize () [0x00525] in .\Library\PackageCache\com.unity.visualscripting@1.9.4\Editor\VisualScripting.Core\Plugins\PluginContainer.cs:208 
  at Unity.VisualScripting.PluginContainer.InitializeOnLoad () [0x00009] in .\Library\PackageCache\com.unity.visualscripting@1.9.4\Editor\VisualScripting.Core\Plugins\PluginContainer.cs:32 
  at Unity.VisualScripting.VSUsageUtility.DoInitializeOnLoadCalls () [0x00034] in .\Library\PackageCache\com.unity.visualscripting@1.9.4\Editor\VisualScripting.Core\Utilities\VSUsageUtility.cs:76 
  at Unity.VisualScripting.VSUsageUtility.set_isVisualScriptingUsed (System.Boolean value) [0x0002c] in .\Library\PackageCache\com.unity.visualscripting@1.9.4\Editor\VisualScripting.Core\Utilities\VSUsageUtility.cs:114 
  at Unity.VisualScripting.VSUsageUtility.CheckAndSetIsVisualScriptingUsed () [0x0000d] in .\Library\PackageCache\com.unity.visualscripting@1.9.4\Editor\VisualScripting.Core\Utilities\VSUsageUtility.cs:33 
  at Unity.VisualScripting.VSUsageUtility..cctor () [0x00000] in .\Library\PackageCache\com.unity.visualscripting@1.9.4\Editor\VisualScripting.Core\Utilities\VSUsageUtility.cs:22 
0x00007ff68c9aeb4d (Unity) StackWalker::GetCurrentCallstack
0x00007ff68c9b3c29 (Unity) StackWalker::ShowCallstack
0x00007ff68d9a5041 (Unity) GetStacktrace
0x00007ff68e06020e (Unity) DebugStringToFile
0x00007ff68b8f11b8 (Unity) DebugLogHandler_CUSTOM_Internal_Log
0x000001b6749fb3a3 (Mono JIT Code) (wrapper managed-to-native) UnityEngine.DebugLogHandler:Internal_Log (UnityEngine.LogType,UnityEngine.LogOption,string,UnityEngine.Object)
0x000001b6749fb08b (Mono JIT Code) UnityEngine.DebugLogHandler:LogFormat (UnityEngine.LogType,UnityEngine.Object,string,object[])
0x000001b6749fae10 (Mono JIT Code) UnityEngine.Logger:Log (UnityEngine.LogType,object)
0x000001b68556b405 (Mono JIT Code) UnityEngine.Debug:LogError (object)
0x000001b6865b715b (Mono JIT Code) UnityEditor.EditorAssemblies:ProcessInitializeOnLoadAttributes (System.Type[])
0x000001b6767194d8 (Mono JIT Code) (wrapper runtime-invoke) <Module>:runtime_invoke_void_object (object,intptr,intptr,intptr)
0x00007ffb66ee4c2e (mono-2.0-bdwgc) mono_jit_runtime_invoke (at C:/build/output/Unity-Technologies/mono/mono/mini/mini-runtime.c:3445)
0x00007ffb66e1d254 (mono-2.0-bdwgc) do_runtime_invoke (at C:/build/output/Unity-Technologies/mono/mono/metadata/object.c:3068)
0x00007ffb66e1d3cc (mono-2.0-bdwgc) mono_runtime_invoke (at C:/build/output/Unity-Technologies/mono/mono/metadata/object.c:3115)
0x00007ff68c8c7114 (Unity) scripting_method_invoke
0x00007ff68c8a4d24 (Unity) ScriptingInvocation::Invoke
0x00007ff68c89f845 (Unity) ScriptingInvocation::Invoke<void>
0x00007ff68c9f0e13 (Unity) Scripting::UnityEditor::EditorAssembliesProxy::ProcessInitializeOnLoadAttributes
0x00007ff68c8996f8 (Unity) MonoManager::SetupLoadedEditorAssemblies
0x00007ff68c88f584 (Unity) MonoManager::FinalizeReload
0x00007ff68c896d39 (Unity) MonoManager::ReloadAssembly
0x00007ff68d842b3b (Unity) LoadDomainAndUserAssemblies
0x00007ff68dd29774 (Unity) WorkerDomainReloadV2
0x00007ff68dd4a985 (Unity) <lambda_b37b41f03089e3cb3f55061bbc93253d>::operator()
0x00007ff68dd861b2 (Unity) asio::detail::completion_handler<core::mutable_function<void __cdecl(void)>,asio::io_context::basic_executor_type<std::allocator<void>,0> >::do_complete
0x00007ff68dd7215e (Unity) asio::detail::win_iocp_io_context::do_one
0x00007ff68dd73dc4 (Unity) asio::detail::win_iocp_io_context::run
0x00007ff68dd8455c (Unity) IOService::Run
0x00007ff68dd579bf (Unity) AssetImportWorkerClient::Run
0x00007ff68dd23327 (Unity) RunAssetImportWorkerClientV2
0x00007ff68dd233ab (Unity) RunAssetImporterV2
0x00007ff68d51bdfe (Unity) Application::InitializeProject
0x00007ff68d9afcd5 (Unity) WinMain
0x00007ff68ed61d4e (Unity) __scrt_common_main_seh
0x00007ffbfbff259d (KERNEL32) BaseThreadInitThunk
0x00007ffbfe00af38 (ntdll) RtlUserThreadStart

[Package Manager] Server::EnsureServerProcessIsRunning -- launch failed, reason: Unity was launched with the -noUpm command-line argument
[Package Manager] UpmClient::Send -- Unable to send message (not connected to UPM process).
[Package Manager] Cannot connect to Unity Package Manager local server
Mono: successfully reloaded assembly
[Package Manager] Server::EnsureServerProcessIsRunning -- launch failed, reason: Unity was launched with the -noUpm command-line argument
[Package Manager] UpmClient::Send -- Unable to send message (not connected to UPM process).
[Package Manager] Cannot connect to Unity Package Manager local server
- Finished resetting the current domain, in  2.003 seconds
Domain Reload Profiling: 3714ms
	BeginReloadAssembly (1147ms)
		ExecutionOrderSort (0ms)
		DisableScriptedObjects (888ms)
		BackupInstance (0ms)
		ReleaseScriptingObjects (0ms)
		CreateAndSetChildDomain (60ms)
	RebuildCommonClasses (47ms)
	RebuildNativeTypeToScriptingClass (15ms)
	initialDomainReloadingComplete (43ms)
	LoadAllAssembliesAndSetupDomain (458ms)
		LoadAssemblies (554ms)
		RebuildTransferFunctionScriptingTraits (0ms)
		AnalyzeDomain (45ms)
			TypeCache.Refresh (14ms)
				TypeCache.ScanAssembly (1ms)
			ScanForSourceGeneratedMonoScriptInfo (19ms)
			ResolveRequiredComponents (11ms)
	FinalizeReload (2004ms)
		ReleaseScriptCaches (0ms)
		RebuildScriptCaches (0ms)
		SetupLoadedEditorAssemblies (1357ms)
			LogAssemblyErrors (0ms)
			InitializePlatformSupportModulesInManaged (30ms)
			SetLoadedEditorAssemblies (6ms)
			RefreshPlugins (0ms)
			BeforeProcessingInitializeOnLoad (129ms)
			ProcessInitializeOnLoadAttributes (1137ms)
			ProcessInitializeOnLoadMethodAttributes (45ms)
			AfterProcessingInitializeOnLoad (9ms)
			EditorAssembliesLoaded (0ms)
		ExecutionOrderSort2 (0ms)
		AwakeInstancesAfterBackupRestoration (15ms)
Refreshing native plugins compatible for Editor in 10.88 ms, found 4 plugins.
Preloading 0 native plugins for Editor in 0.00 ms.
Unloading 4358 Unused Serialized files (Serialized files now loaded: 0)
Unloading 19 unused Assets / (31.2 KB). Loaded Objects now: 4865.
Memory consumption went from 146.2 MB to 146.2 MB.
Total: 12.224300 ms (FindLiveObjects: 0.505400 ms CreateObjectMapping: 0.324100 ms MarkObjects: 11.329400 ms  DeleteObjects: 0.063300 ms)

Prepare: number of updated asset objects reloaded= 0
AssetImportParameters requested are different than current active one (requested -> active):
  custom:container-demuxer-ogg: 62fdf1f143b41e24485cea50d1cbac27 -> 
  custom:scripting/monoscript/fileName/cardScript.cs: c0fecbf179ff29e59586f22e02a928b0 -> 
  custom:video-decoder-ogg-theora: a1e56fd34408186e4bbccfd4996cb3dc -> 
  custom:framework-win-MediaFoundation: 216162199b28c13a410421893ffa2e32 -> 
  custom:CustomObjectIndexerAttribute: 9a22284fe3817be447336de3de66b15e -> 
  custom:container-demuxer-webm: 4f35f7cbe854078d1ac9338744f61a02 -> 
  custom:container-muxer-webm: aa71ff27fc2769a1b78a27578f13a17b -> 
  custom:video-decoder-webm-vp8: 9c59270c3fd7afecdb556c50c9e8de78 -> 
  custom:SearchIndexIgnoredProperties: e643bd26f0fe6173181afceb89e7c659 -> 
  custom:AudioImporter_EditorPlatform: d09bf68614088b80899f8185d706f6e7 -> 
  custom:video-encoder-webm-vp8: eb34c28f22e8b96e1ab97ce403110664 -> 
  custom:audio-decoder-ogg-vorbis: bf7c407c2cedff20999df2af8eb42d56 -> 
  custom:audio-encoder-webm-vorbis: bf7c407c2cedff20999df2af8eb42d56 -> 
  custom:scripting/precompiled-assembly-types:Assembly-CSharp: 2bf9171484329806614c6f4297efa76b -> 4dbacad0f05ff17afaebff7f5d06ff54
