Using pre-set license
Built from '2022.3/release' branch; Version is '2022.3.48f1 (8bf49c377ebf) revision 9172124'; Using compiler version '192829333'; Build Type 'Release'
OS: 'Windows 11  (10.0.22631) 64bit Core' Language: 'ru' Physical Memory: 15693 MB
BatchMode: 1, IsHumanControllingUs: 0, StartBugReporterOnCrash: 0, Is64bit: 1, IsPro: 1

COMMAND LINE ARGUMENTS:
C:\Program Files\Unity\Hub\Editor\2022.3.48f1\Editor\Unity.exe
-adb2
-batchMode
-noUpm
-name
AssetImportWorker7
-projectPath
C:/Users/annam/unity_workspace/cellProject1
-logFile
Logs/AssetImportWorker7.log
-srvPort
64163
Successfully changed project path to: C:/Users/annam/unity_workspace/cellProject1
C:/Users/annam/unity_workspace/cellProject1
[UnityMemory] Configuration Parameters - Can be set up in boot.config
    "memorysetup-bucket-allocator-granularity=16"
    "memorysetup-bucket-allocator-bucket-count=8"
    "memorysetup-bucket-allocator-block-size=33554432"
    "memorysetup-bucket-allocator-block-count=8"
    "memorysetup-main-allocator-block-size=16777216"
    "memorysetup-thread-allocator-block-size=16777216"
    "memorysetup-gfx-main-allocator-block-size=16777216"
    "memorysetup-gfx-thread-allocator-block-size=16777216"
    "memorysetup-cache-allocator-block-size=4194304"
    "memorysetup-typetree-allocator-block-size=2097152"
    "memorysetup-profiler-bucket-allocator-granularity=16"
    "memorysetup-profiler-bucket-allocator-bucket-count=8"
    "memorysetup-profiler-bucket-allocator-block-size=33554432"
    "memorysetup-profiler-bucket-allocator-block-count=8"
    "memorysetup-profiler-allocator-block-size=16777216"
    "memorysetup-profiler-editor-allocator-block-size=1048576"
    "memorysetup-temp-allocator-size-main=16777216"
    "memorysetup-job-temp-allocator-block-size=2097152"
    "memorysetup-job-temp-allocator-block-size-background=1048576"
    "memorysetup-job-temp-allocator-reduction-small-platforms=262144"
    "memorysetup-allocator-temp-initial-block-size-main=262144"
    "memorysetup-allocator-temp-initial-block-size-worker=262144"
    "memorysetup-temp-allocator-size-background-worker=32768"
    "memorysetup-temp-allocator-size-job-worker=262144"
    "memorysetup-temp-allocator-size-preload-manager=33554432"
    "memorysetup-temp-allocator-size-nav-mesh-worker=65536"
    "memorysetup-temp-allocator-size-audio-worker=65536"
    "memorysetup-temp-allocator-size-cloud-worker=32768"
    "memorysetup-temp-allocator-size-gi-baking-worker=262144"
    "memorysetup-temp-allocator-size-gfx=262144"
Player connection [77324]  Target information:

Player connection [77324]  * "[IP] 192.168.56.1 [Port] 0 [Flags] 2 [Guid] 162213736 [EditorId] 162213736 [Version] 1048832 [Id] WindowsEditor(7,annamy) [Debug] 1 [PackageName] WindowsEditor [ProjectName] Editor" 

Player connection [77324]  * "[IP] 192.168.1.104 [Port] 0 [Flags] 2 [Guid] 162213736 [EditorId] 162213736 [Version] 1048832 [Id] WindowsEditor(7,annamy) [Debug] 1 [PackageName] WindowsEditor [ProjectName] Editor" 

Player connection [77324] Host joined multi-casting on [225.0.0.222:54997]...
Player connection [77324] Host joined alternative multi-casting on [225.0.0.222:34997]...
[PhysX] Initialized MultithreadedTaskDispatcher with 12 workers.
Refreshing native plugins compatible for Editor in 47.02 ms, found 4 plugins.
Preloading 0 native plugins for Editor in 0.00 ms.
Initialize engine version: 2022.3.48f1 (8bf49c377ebf)
[Subsystems] Discovering subsystems at path C:/Program Files/Unity/Hub/Editor/2022.3.48f1/Editor/Data/Resources/UnitySubsystems
[Subsystems] Discovering subsystems at path C:/Users/annam/unity_workspace/cellProject1/Assets
GfxDevice: creating device client; threaded=0; jobified=0
Direct3D:
    Version:  Direct3D 11.0 [level 11.1]
    Renderer: AMD Radeon(TM) Graphics (ID=0x164c)
    Vendor:   ATI
    VRAM:     7846 MB
    Driver:   31.0.21910.4002
Initialize mono
Mono path[0] = 'C:/Program Files/Unity/Hub/Editor/2022.3.48f1/Editor/Data/Managed'
Mono path[1] = 'C:/Program Files/Unity/Hub/Editor/2022.3.48f1/Editor/Data/MonoBleedingEdge/lib/mono/unityjit-win32'
Mono config path = 'C:/Program Files/Unity/Hub/Editor/2022.3.48f1/Editor/Data/MonoBleedingEdge/etc'
Using monoOptions --debugger-agent=transport=dt_socket,embedding=1,server=y,suspend=n,address=127.0.0.1:56836
Begin MonoManager ReloadAssembly
Registering precompiled unity dll's ...
Register platform support module: C:/Program Files/Unity/Hub/Editor/2022.3.48f1/Editor/Data/PlaybackEngines/WebGLSupport/UnityEditor.WebGL.Extensions.dll
Register platform support module: C:/Program Files/Unity/Hub/Editor/2022.3.48f1/Editor/Data/PlaybackEngines/AndroidPlayer/UnityEditor.Android.Extensions.dll
Register platform support module: C:/Program Files/Unity/Hub/Editor/2022.3.48f1/Editor/Data/PlaybackEngines/WindowsStandaloneSupport/UnityEditor.WindowsStandalone.Extensions.dll
Registered in 0.031374 seconds.
- Loaded All Assemblies, in  0.804 seconds
Native extension for WindowsStandalone target not found
Native extension for Android target not found
Android Extension - Scanning For ADB Devices 516 ms
Native extension for WebGL target not found
Mono: successfully reloaded assembly
- Finished resetting the current domain, in  1.104 seconds
Domain Reload Profiling: 1904ms
	BeginReloadAssembly (252ms)
		ExecutionOrderSort (0ms)
		DisableScriptedObjects (0ms)
		BackupInstance (0ms)
		ReleaseScriptingObjects (0ms)
		CreateAndSetChildDomain (1ms)
	RebuildCommonClasses (82ms)
	RebuildNativeTypeToScriptingClass (19ms)
	initialDomainReloadingComplete (134ms)
	LoadAllAssembliesAndSetupDomain (313ms)
		LoadAssemblies (251ms)
		RebuildTransferFunctionScriptingTraits (0ms)
		AnalyzeDomain (306ms)
			TypeCache.Refresh (304ms)
				TypeCache.ScanAssembly (280ms)
			ScanForSourceGeneratedMonoScriptInfo (1ms)
			ResolveRequiredComponents (1ms)
	FinalizeReload (1105ms)
		ReleaseScriptCaches (0ms)
		RebuildScriptCaches (0ms)
		SetupLoadedEditorAssemblies (1015ms)
			LogAssemblyErrors (0ms)
			InitializePlatformSupportModulesInManaged (701ms)
			SetLoadedEditorAssemblies (7ms)
			RefreshPlugins (0ms)
			BeforeProcessingInitializeOnLoad (3ms)
			ProcessInitializeOnLoadAttributes (216ms)
			ProcessInitializeOnLoadMethodAttributes (88ms)
			AfterProcessingInitializeOnLoad (0ms)
			EditorAssembliesLoaded (0ms)
		ExecutionOrderSort2 (0ms)
		AwakeInstancesAfterBackupRestoration (0ms)
========================================================================
Worker process is ready to serve import requests
Caller must complete domain reload
0x00007ff7780ceb4d (Unity) StackWalker::GetCurrentCallstack
0x00007ff7780d3c29 (Unity) StackWalker::ShowCallstack
0x00007ff7790c5041 (Unity) GetStacktrace
0x00007ff77978020e (Unity) DebugStringToFile
0x00007ff77977ff4a (Unity) AssertImplementation
0x00007ff778f629cc (Unity) Internal_ADB_WorkerOnly_DomainReload
0x00007ff779449774 (Unity) WorkerDomainReloadV2
0x00007ff77946a39f (Unity) <lambda_943be6b2c5671afd01d59371cf3ef730>::operator()
0x00007ff7794a61b2 (Unity) asio::detail::completion_handler<core::mutable_function<void __cdecl(void)>,asio::io_context::basic_executor_type<std::allocator<void>,0> >::do_complete
0x00007ff77949215e (Unity) asio::detail::win_iocp_io_context::do_one
0x00007ff779493d8e (Unity) asio::detail::win_iocp_io_context::run
0x00007ff7794a455c (Unity) IOService::Run
0x00007ff7794779bf (Unity) AssetImportWorkerClient::Run
0x00007ff779443327 (Unity) RunAssetImportWorkerClientV2
0x00007ff7794433ab (Unity) RunAssetImporterV2
0x00007ff778c3bdfe (Unity) Application::InitializeProject
0x00007ff7790cfcd5 (Unity) WinMain
0x00007ff77a481d4e (Unity) __scrt_common_main_seh
0x00007ffbfbff259d (KERNEL32) BaseThreadInitThunk
0x00007ffbfe00af38 (ntdll) RtlUserThreadStart

Begin MonoManager ReloadAssembly
- Loaded All Assemblies, in  1.147 seconds
Native extension for WindowsStandalone target not found
Native extension for Android target not found
Native extension for WebGL target not found
System.Exception: Error! Visual Scripting: couldn't find visual scripting package
  at Unity.VisualScripting.PackageVersionUtility.get_version () [0x00043] in .\Library\PackageCache\com.unity.visualscripting@1.9.4\Editor\VisualScripting.Core\Utilities\PackageVersionUtility.cs:31 
  at Unity.VisualScripting.BoltCoreManifest.get_version () [0x00000] in .\Library\PackageCache\com.unity.visualscripting@1.9.4\Editor\VisualScripting.Core\Plugin\BoltCoreManifest.cs:11 
  at Unity.VisualScripting.PluginManifest.get_currentVersion () [0x00000] in .\Library\PackageCache\com.unity.visualscripting@1.9.4\Editor\VisualScripting.Core\Plugins\PluginManifest.cs:33 
  at Unity.VisualScripting.PluginManifest.get_versionMismatch () [0x00000] in .\Library\PackageCache\com.unity.visualscripting@1.9.4\Editor\VisualScripting.Core\Plugins\PluginManifest.cs:48 
  at Unity.VisualScripting.PluginContainer.Initialize () [0x00525] in .\Library\PackageCache\com.unity.visualscripting@1.9.4\Editor\VisualScripting.Core\Plugins\PluginContainer.cs:208 
  at Unity.VisualScripting.PluginContainer.InitializeOnLoad () [0x00009] in .\Library\PackageCache\com.unity.visualscripting@1.9.4\Editor\VisualScripting.Core\Plugins\PluginContainer.cs:32 
  at Unity.VisualScripting.VSUsageUtility.DoInitializeOnLoadCalls () [0x00034] in .\Library\PackageCache\com.unity.visualscripting@1.9.4\Editor\VisualScripting.Core\Utilities\VSUsageUtility.cs:76 
  at Unity.VisualScripting.VSUsageUtility.set_isVisualScriptingUsed (System.Boolean value) [0x0002c] in .\Library\PackageCache\com.unity.visualscripting@1.9.4\Editor\VisualScripting.Core\Utilities\VSUsageUtility.cs:114 
  at Unity.VisualScripting.VSUsageUtility.CheckAndSetIsVisualScriptingUsed () [0x00032] in .\Library\PackageCache\com.unity.visualscripting@1.9.4\Editor\VisualScripting.Core\Utilities\VSUsageUtility.cs:48 
  at Unity.VisualScripting.VSUsageUtility..cctor () [0x00000] in .\Library\PackageCache\com.unity.visualscripting@1.9.4\Editor\VisualScripting.Core\Utilities\VSUsageUtility.cs:22 
0x00007ff7780ceb4d (Unity) StackWalker::GetCurrentCallstack
0x00007ff7780d3c29 (Unity) StackWalker::ShowCallstack
0x00007ff7790c5041 (Unity) GetStacktrace
0x00007ff77978020e (Unity) DebugStringToFile
0x00007ff7770111b8 (Unity) DebugLogHandler_CUSTOM_Internal_Log
0x000001d40698e7f3 (Mono JIT Code) (wrapper managed-to-native) UnityEngine.DebugLogHandler:Internal_Log (UnityEngine.LogType,UnityEngine.LogOption,string,UnityEngine.Object)
0x000001d40698e4db (Mono JIT Code) UnityEngine.DebugLogHandler:LogFormat (UnityEngine.LogType,UnityEngine.Object,string,object[])
0x000001d40698c630 (Mono JIT Code) UnityEngine.Logger:Log (UnityEngine.LogType,object)
0x000001d40698c4f5 (Mono JIT Code) UnityEngine.Debug:LogError (object)
0x000001d3fdf70fbb (Mono JIT Code) UnityEditor.EditorAssemblies:ProcessInitializeOnLoadAttributes (System.Type[])
0x000001d3fb0894d8 (Mono JIT Code) (wrapper runtime-invoke) <Module>:runtime_invoke_void_object (object,intptr,intptr,intptr)
0x00007ffb99f04c2e (mono-2.0-bdwgc) mono_jit_runtime_invoke (at C:/build/output/Unity-Technologies/mono/mono/mini/mini-runtime.c:3445)
0x00007ffb99e3d254 (mono-2.0-bdwgc) do_runtime_invoke (at C:/build/output/Unity-Technologies/mono/mono/metadata/object.c:3068)
0x00007ffb99e3d3cc (mono-2.0-bdwgc) mono_runtime_invoke (at C:/build/output/Unity-Technologies/mono/mono/metadata/object.c:3115)
0x00007ff777fe7114 (Unity) scripting_method_invoke
0x00007ff777fc4d24 (Unity) ScriptingInvocation::Invoke
0x00007ff777fbf845 (Unity) ScriptingInvocation::Invoke<void>
0x00007ff778110e13 (Unity) Scripting::UnityEditor::EditorAssembliesProxy::ProcessInitializeOnLoadAttributes
0x00007ff777fb96f8 (Unity) MonoManager::SetupLoadedEditorAssemblies
0x00007ff777faf584 (Unity) MonoManager::FinalizeReload
0x00007ff777fb6d39 (Unity) MonoManager::ReloadAssembly
0x00007ff778f62b3b (Unity) LoadDomainAndUserAssemblies
0x00007ff779449774 (Unity) WorkerDomainReloadV2
0x00007ff77946a39f (Unity) <lambda_943be6b2c5671afd01d59371cf3ef730>::operator()
0x00007ff7794a61b2 (Unity) asio::detail::completion_handler<core::mutable_function<void __cdecl(void)>,asio::io_context::basic_executor_type<std::allocator<void>,0> >::do_complete
0x00007ff77949215e (Unity) asio::detail::win_iocp_io_context::do_one
0x00007ff779493d8e (Unity) asio::detail::win_iocp_io_context::run
0x00007ff7794a455c (Unity) IOService::Run
0x00007ff7794779bf (Unity) AssetImportWorkerClient::Run
0x00007ff779443327 (Unity) RunAssetImportWorkerClientV2
0x00007ff7794433ab (Unity) RunAssetImporterV2
0x00007ff778c3bdfe (Unity) Application::InitializeProject
0x00007ff7790cfcd5 (Unity) WinMain
0x00007ff77a481d4e (Unity) __scrt_common_main_seh
0x00007ffbfbff259d (KERNEL32) BaseThreadInitThunk
0x00007ffbfe00af38 (ntdll) RtlUserThreadStart

Package Manager log level set to [2]
[Package Manager] Server::EnsureServerProcessIsRunning -- launch failed, reason: Unity was launched with the -noUpm command-line argument
[Package Manager] UpmClient::Send -- Unable to send message (not connected to UPM process).
[Package Manager] Cannot connect to Unity Package Manager local server
Mono: successfully reloaded assembly
[Package Manager] Server::EnsureServerProcessIsRunning -- launch failed, reason: Unity was launched with the -noUpm command-line argument
[Package Manager] UpmClient::Send -- Unable to send message (not connected to UPM process).
[Package Manager] Cannot connect to Unity Package Manager local server
[Package Manager] Server::EnsureServerProcessIsRunning -- launch failed, reason: Unity was launched with the -noUpm command-line argument
[Package Manager] UpmClient::Send -- Unable to send message (not connected to UPM process).
[Package Manager] Cannot connect to Unity Package Manager local server
- Finished resetting the current domain, in  1.590 seconds
Domain Reload Profiling: 2728ms
	BeginReloadAssembly (234ms)
		ExecutionOrderSort (0ms)
		DisableScriptedObjects (11ms)
		BackupInstance (0ms)
		ReleaseScriptingObjects (0ms)
		CreateAndSetChildDomain (30ms)
	RebuildCommonClasses (46ms)
	RebuildNativeTypeToScriptingClass (15ms)
	initialDomainReloadingComplete (70ms)
	LoadAllAssembliesAndSetupDomain (772ms)
		LoadAssemblies (593ms)
		RebuildTransferFunctionScriptingTraits (0ms)
		AnalyzeDomain (321ms)
			TypeCache.Refresh (266ms)
				TypeCache.ScanAssembly (240ms)
			ScanForSourceGeneratedMonoScriptInfo (45ms)
			ResolveRequiredComponents (9ms)
	FinalizeReload (1591ms)
		ReleaseScriptCaches (0ms)
		RebuildScriptCaches (0ms)
		SetupLoadedEditorAssemblies (1361ms)
			LogAssemblyErrors (0ms)
			InitializePlatformSupportModulesInManaged (32ms)
			SetLoadedEditorAssemblies (5ms)
			RefreshPlugins (0ms)
			BeforeProcessingInitializeOnLoad (109ms)
			ProcessInitializeOnLoadAttributes (1148ms)
			ProcessInitializeOnLoadMethodAttributes (53ms)
			AfterProcessingInitializeOnLoad (14ms)
			EditorAssembliesLoaded (0ms)
		ExecutionOrderSort2 (0ms)
		AwakeInstancesAfterBackupRestoration (7ms)
Launched and connected shader compiler UnityShaderCompiler.exe after 0.10 seconds
Refreshing native plugins compatible for Editor in 24.53 ms, found 4 plugins.
Preloading 0 native plugins for Editor in 0.00 ms.
Unloading 4390 Unused Serialized files (Serialized files now loaded: 0)
Unloading 32 unused Assets / (57.4 KB). Loaded Objects now: 4866.
Memory consumption went from 151.9 MB to 151.9 MB.
Total: 18.553400 ms (FindLiveObjects: 0.584800 ms CreateObjectMapping: 0.263400 ms MarkObjects: 17.535100 ms  DeleteObjects: 0.167200 ms)

AssetImportParameters requested are different than current active one (requested -> active):
  custom:container-demuxer-ogg: 62fdf1f143b41e24485cea50d1cbac27 -> 
  custom:video-decoder-ogg-theora: a1e56fd34408186e4bbccfd4996cb3dc -> 
  custom:framework-win-MediaFoundation: 216162199b28c13a410421893ffa2e32 -> 
  custom:CustomObjectIndexerAttribute: 9a22284fe3817be447336de3de66b15e -> 
  custom:container-demuxer-webm: 4f35f7cbe854078d1ac9338744f61a02 -> 
  custom:container-muxer-webm: aa71ff27fc2769a1b78a27578f13a17b -> 
  custom:video-decoder-webm-vp8: 9c59270c3fd7afecdb556c50c9e8de78 -> 
  custom:SearchIndexIgnoredProperties: e643bd26f0fe6173181afceb89e7c659 -> 
  custom:AudioImporter_EditorPlatform: d09bf68614088b80899f8185d706f6e7 -> 
  custom:video-encoder-webm-vp8: eb34c28f22e8b96e1ab97ce403110664 -> 
  custom:audio-decoder-ogg-vorbis: bf7c407c2cedff20999df2af8eb42d56 -> 
  custom:audio-encoder-webm-vorbis: bf7c407c2cedff20999df2af8eb42d56 -> 
========================================================================
Received Prepare
Refreshing native plugins compatible for Editor in 17.47 ms, found 4 plugins.
Preloading 0 native plugins for Editor in 0.00 ms.
Unloading 2 Unused Serialized files (Serialized files now loaded: 0)
Unloading 1 unused Assets / (5.3 KB). Loaded Objects now: 4867.
Memory consumption went from 79.2 MB to 79.2 MB.
Total: 18.045400 ms (FindLiveObjects: 0.443100 ms CreateObjectMapping: 0.250900 ms MarkObjects: 17.312000 ms  DeleteObjects: 0.037100 ms)

Prepare: number of updated asset objects reloaded= 0
AssetImportParameters requested are different than current active one (requested -> active):
  custom:container-demuxer-ogg: 62fdf1f143b41e24485cea50d1cbac27 -> 
  custom:video-decoder-ogg-theora: a1e56fd34408186e4bbccfd4996cb3dc -> 
  custom:framework-win-MediaFoundation: 216162199b28c13a410421893ffa2e32 -> 
  custom:CustomObjectIndexerAttribute: 9a22284fe3817be447336de3de66b15e -> 
  custom:container-demuxer-webm: 4f35f7cbe854078d1ac9338744f61a02 -> 
  custom:container-muxer-webm: aa71ff27fc2769a1b78a27578f13a17b -> 
  custom:video-decoder-webm-vp8: 9c59270c3fd7afecdb556c50c9e8de78 -> 
  custom:SearchIndexIgnoredProperties: e643bd26f0fe6173181afceb89e7c659 -> 
  custom:AudioImporter_EditorPlatform: d09bf68614088b80899f8185d706f6e7 -> 
  custom:video-encoder-webm-vp8: eb34c28f22e8b96e1ab97ce403110664 -> 
  custom:audio-decoder-ogg-vorbis: bf7c407c2cedff20999df2af8eb42d56 -> 
  custom:audio-encoder-webm-vorbis: bf7c407c2cedff20999df2af8eb42d56 -> 
========================================================================
Received Prepare
Caller must complete domain reload
0x00007ff7780ceb4d (Unity) StackWalker::GetCurrentCallstack
0x00007ff7780d3c29 (Unity) StackWalker::ShowCallstack
0x00007ff7790c5041 (Unity) GetStacktrace
0x00007ff77978020e (Unity) DebugStringToFile
0x00007ff77977ff4a (Unity) AssertImplementation
0x00007ff778f629cc (Unity) Internal_ADB_WorkerOnly_DomainReload
0x00007ff779449774 (Unity) WorkerDomainReloadV2
0x00007ff77946a985 (Unity) <lambda_b37b41f03089e3cb3f55061bbc93253d>::operator()
0x00007ff7794a61b2 (Unity) asio::detail::completion_handler<core::mutable_function<void __cdecl(void)>,asio::io_context::basic_executor_type<std::allocator<void>,0> >::do_complete
0x00007ff77949215e (Unity) asio::detail::win_iocp_io_context::do_one
0x00007ff779493dc4 (Unity) asio::detail::win_iocp_io_context::run
0x00007ff7794a455c (Unity) IOService::Run
0x00007ff7794779bf (Unity) AssetImportWorkerClient::Run
0x00007ff779443327 (Unity) RunAssetImportWorkerClientV2
0x00007ff7794433ab (Unity) RunAssetImporterV2
0x00007ff778c3bdfe (Unity) Application::InitializeProject
0x00007ff7790cfcd5 (Unity) WinMain
0x00007ff77a481d4e (Unity) __scrt_common_main_seh
0x00007ffbfbff259d (KERNEL32) BaseThreadInitThunk
0x00007ffbfe00af38 (ntdll) RtlUserThreadStart

Begin MonoManager ReloadAssembly
- Loaded All Assemblies, in  1.924 seconds
Native extension for WindowsStandalone target not found
Native extension for Android target not found
Native extension for WebGL target not found
Could not load the file 'NiceIO'.
0x00007ff7780ceb4d (Unity) StackWalker::GetCurrentCallstack
0x00007ff7780d3c29 (Unity) StackWalker::ShowCallstack
0x00007ff7790c5041 (Unity) GetStacktrace
0x00007ff77978020e (Unity) DebugStringToFile
0x00007ff7770111b8 (Unity) DebugLogHandler_CUSTOM_Internal_Log
0x000001d3fafda4b3 (Mono JIT Code) (wrapper managed-to-native) UnityEngine.DebugLogHandler:Internal_Log (UnityEngine.LogType,UnityEngine.LogOption,string,UnityEngine.Object)
0x000001d3fafda19b (Mono JIT Code) UnityEngine.DebugLogHandler:LogFormat (UnityEngine.LogType,UnityEngine.Object,string,object[])
0x000001d3fafd9f20 (Mono JIT Code) UnityEngine.Logger:Log (UnityEngine.LogType,object)
0x000001d3fafd9de8 (Mono JIT Code) UnityEngine.Debug:LogWarning (object)
0x000001d3fafd5afb (Mono JIT Code) Unity.VisualScripting.Codebase:IsEditorAssembly (System.Reflection.Assembly,System.Collections.Generic.HashSet`1<string>) (at ./Library/PackageCache/com.unity.visualscripting@1.9.4/Editor/VisualScripting.Core/Reflection/Codebase.cs:384)
0x000001d3fafd56e3 (Mono JIT Code) Unity.VisualScripting.Codebase:IsRuntimeAssembly (System.Reflection.Assembly) (at ./Library/PackageCache/com.unity.visualscripting@1.9.4/Editor/VisualScripting.Core/Reflection/Codebase.cs:404)
0x000001d3fafd4403 (Mono JIT Code) Unity.VisualScripting.Codebase:.cctor () (at ./Library/PackageCache/com.unity.visualscripting@1.9.4/Editor/VisualScripting.Core/Reflection/Codebase.cs:46)
0x000001d3fafc2905 (Mono JIT Code) (wrapper runtime-invoke) object:runtime_invoke_void (object,intptr,intptr,intptr)
0x00007ffb99f04c2e (mono-2.0-bdwgc) mono_jit_runtime_invoke (at C:/build/output/Unity-Technologies/mono/mono/mini/mini-runtime.c:3445)
0x00007ffb99e3d254 (mono-2.0-bdwgc) do_runtime_invoke (at C:/build/output/Unity-Technologies/mono/mono/metadata/object.c:3068)
0x00007ffb99e37ff9 (mono-2.0-bdwgc) mono_runtime_class_init_full (at C:/build/output/Unity-Technologies/mono/mono/metadata/object.c:563)
0x00007ffb99efbbb5 (mono-2.0-bdwgc) mono_jit_compile_method_inner (at C:/build/output/Unity-Technologies/mono/mono/mini/mini.c:4228)
0x00007ffb99f0281c (mono-2.0-bdwgc) mono_jit_compile_method_with_opt (at C:/build/output/Unity-Technologies/mono/mono/mini/mini-runtime.c:2700)
0x00007ffb99ffce24 (mono-2.0-bdwgc) common_call_trampoline (at C:/build/output/Unity-Technologies/mono/mono/mini/mini-trampolines.c:641)
0x00007ffb99ffd8e8 (mono-2.0-bdwgc) mono_magic_trampoline (at C:/build/output/Unity-Technologies/mono/mono/mini/mini-trampolines.c:792)
0x000001d3d8c203a6 ((<unknown>)) 
0x000001d3fafd0163 (Mono JIT Code) Unity.VisualScripting.PluginContainer:Initialize () (at ./Library/PackageCache/com.unity.visualscripting@1.9.4/Editor/VisualScripting.Core/Plugins/PluginContainer.cs:86)
0x000001d3fafce273 (Mono JIT Code) Unity.VisualScripting.PluginContainer:InitializeOnLoad () (at ./Library/PackageCache/com.unity.visualscripting@1.9.4/Editor/VisualScripting.Core/Plugins/PluginContainer.cs:33)
0x000001d3fafc3793 (Mono JIT Code) Unity.VisualScripting.VSUsageUtility:DoInitializeOnLoadCalls () (at ./Library/PackageCache/com.unity.visualscripting@1.9.4/Editor/VisualScripting.Core/Utilities/VSUsageUtility.cs:78)
0x000001d3fafc33fb (Mono JIT Code) Unity.VisualScripting.VSUsageUtility:set_isVisualScriptingUsed (bool) (at ./Library/PackageCache/com.unity.visualscripting@1.9.4/Editor/VisualScripting.Core/Utilities/VSUsageUtility.cs:117)
0x000001d3fafc327b (Mono JIT Code) Unity.VisualScripting.VSUsageUtility:CheckAndSetIsVisualScriptingUsed () (at ./Library/PackageCache/com.unity.visualscripting@1.9.4/Editor/VisualScripting.Core/Utilities/VSUsageUtility.cs:34)
0x000001d3fafc2813 (Mono JIT Code) Unity.VisualScripting.VSUsageUtility:.cctor () (at ./Library/PackageCache/com.unity.visualscripting@1.9.4/Editor/VisualScripting.Core/Utilities/VSUsageUtility.cs:23)
0x000001d3fafc2905 (Mono JIT Code) (wrapper runtime-invoke) object:runtime_invoke_void (object,intptr,intptr,intptr)
0x00007ffb99f04c2e (mono-2.0-bdwgc) mono_jit_runtime_invoke (at C:/build/output/Unity-Technologies/mono/mono/mini/mini-runtime.c:3445)
0x00007ffb99e3d254 (mono-2.0-bdwgc) do_runtime_invoke (at C:/build/output/Unity-Technologies/mono/mono/metadata/object.c:3068)
0x00007ffb99e37ff9 (mono-2.0-bdwgc) mono_runtime_class_init_full (at C:/build/output/Unity-Technologies/mono/mono/metadata/object.c:563)
0x00007ffb99d6de07 (mono-2.0-bdwgc) ves_icall_System_Runtime_CompilerServices_RuntimeHelpers_RunClassConstructor (at C:/build/output/Unity-Technologies/mono/mono/metadata/icall.c:1292)
0x00007ffb99d9feec (mono-2.0-bdwgc) ves_icall_System_Runtime_CompilerServices_RuntimeHelpers_RunClassConstructor_raw (at C:/build/output/Unity-Technologies/mono/mono/metadata/icall-def.h:756)
0x000001d407e4895a (Mono JIT Code) (wrapper managed-to-native) System.Runtime.CompilerServices.RuntimeHelpers:RunClassConstructor (intptr)
0x000001d407e4886b (Mono JIT Code) System.Runtime.CompilerServices.RuntimeHelpers:RunClassConstructor (System.RuntimeTypeHandle)
0x000001d407e44b9b (Mono JIT Code) UnityEditor.EditorAssemblies:ProcessInitializeOnLoadAttributes (System.Type[])
0x000001d3fca394d8 (Mono JIT Code) (wrapper runtime-invoke) <Module>:runtime_invoke_void_object (object,intptr,intptr,intptr)
0x00007ffb99f04c2e (mono-2.0-bdwgc) mono_jit_runtime_invoke (at C:/build/output/Unity-Technologies/mono/mono/mini/mini-runtime.c:3445)
0x00007ffb99e3d254 (mono-2.0-bdwgc) do_runtime_invoke (at C:/build/output/Unity-Technologies/mono/mono/metadata/object.c:3068)
0x00007ffb99e3d3cc (mono-2.0-bdwgc) mono_runtime_invoke (at C:/build/output/Unity-Technologies/mono/mono/metadata/object.c:3115)
0x00007ff777fe7114 (Unity) scripting_method_invoke
0x00007ff777fc4d24 (Unity) ScriptingInvocation::Invoke
0x00007ff777fbf845 (Unity) ScriptingInvocation::Invoke<void>
0x00007ff778110e13 (Unity) Scripting::UnityEditor::EditorAssembliesProxy::ProcessInitializeOnLoadAttributes
0x00007ff777fb96f8 (Unity) MonoManager::SetupLoadedEditorAssemblies
0x00007ff777faf584 (Unity) MonoManager::FinalizeReload
0x00007ff777fb6d39 (Unity) MonoManager::ReloadAssembly
0x00007ff778f62b3b (Unity) LoadDomainAndUserAssemblies
0x00007ff779449774 (Unity) WorkerDomainReloadV2
0x00007ff77946a985 (Unity) <lambda_b37b41f03089e3cb3f55061bbc93253d>::operator()
0x00007ff7794a61b2 (Unity) asio::detail::completion_handler<core::mutable_function<void __cdecl(void)>,asio::io_context::basic_executor_type<std::allocator<void>,0> >::do_complete
0x00007ff77949215e (Unity) asio::detail::win_iocp_io_context::do_one
0x00007ff779493dc4 (Unity) asio::detail::win_iocp_io_context::run
0x00007ff7794a455c (Unity) IOService::Run
0x00007ff7794779bf (Unity) AssetImportWorkerClient::Run
0x00007ff779443327 (Unity) RunAssetImportWorkerClientV2
0x00007ff7794433ab (Unity) RunAssetImporterV2
0x00007ff778c3bdfe (Unity) Application::InitializeProject
0x00007ff7790cfcd5 (Unity) WinMain
0x00007ff77a481d4e (Unity) __scrt_common_main_seh
0x00007ffbfbff259d (KERNEL32) BaseThreadInitThunk
0x00007ffbfe00af38 (ntdll) RtlUserThreadStart

System.Exception: Error! Visual Scripting: couldn't find visual scripting package
  at Unity.VisualScripting.PackageVersionUtility.get_version () [0x00043] in .\Library\PackageCache\com.unity.visualscripting@1.9.4\Editor\VisualScripting.Core\Utilities\PackageVersionUtility.cs:31 
  at Unity.VisualScripting.BoltCoreManifest.get_version () [0x00000] in .\Library\PackageCache\com.unity.visualscripting@1.9.4\Editor\VisualScripting.Core\Plugin\BoltCoreManifest.cs:11 
  at Unity.VisualScripting.PluginManifest.get_currentVersion () [0x00000] in .\Library\PackageCache\com.unity.visualscripting@1.9.4\Editor\VisualScripting.Core\Plugins\PluginManifest.cs:33 
  at Unity.VisualScripting.PluginManifest.get_versionMismatch () [0x00000] in .\Library\PackageCache\com.unity.visualscripting@1.9.4\Editor\VisualScripting.Core\Plugins\PluginManifest.cs:48 
  at Unity.VisualScripting.PluginContainer.Initialize () [0x00525] in .\Library\PackageCache\com.unity.visualscripting@1.9.4\Editor\VisualScripting.Core\Plugins\PluginContainer.cs:208 
  at Unity.VisualScripting.PluginContainer.InitializeOnLoad () [0x00009] in .\Library\PackageCache\com.unity.visualscripting@1.9.4\Editor\VisualScripting.Core\Plugins\PluginContainer.cs:32 
  at Unity.VisualScripting.VSUsageUtility.DoInitializeOnLoadCalls () [0x00034] in .\Library\PackageCache\com.unity.visualscripting@1.9.4\Editor\VisualScripting.Core\Utilities\VSUsageUtility.cs:76 
  at Unity.VisualScripting.VSUsageUtility.set_isVisualScriptingUsed (System.Boolean value) [0x0002c] in .\Library\PackageCache\com.unity.visualscripting@1.9.4\Editor\VisualScripting.Core\Utilities\VSUsageUtility.cs:114 
  at Unity.VisualScripting.VSUsageUtility.CheckAndSetIsVisualScriptingUsed () [0x0000d] in .\Library\PackageCache\com.unity.visualscripting@1.9.4\Editor\VisualScripting.Core\Utilities\VSUsageUtility.cs:33 
  at Unity.VisualScripting.VSUsageUtility..cctor () [0x00000] in .\Library\PackageCache\com.unity.visualscripting@1.9.4\Editor\VisualScripting.Core\Utilities\VSUsageUtility.cs:22 
0x00007ff7780ceb4d (Unity) StackWalker::GetCurrentCallstack
0x00007ff7780d3c29 (Unity) StackWalker::ShowCallstack
0x00007ff7790c5041 (Unity) GetStacktrace
0x00007ff77978020e (Unity) DebugStringToFile
0x00007ff7770111b8 (Unity) DebugLogHandler_CUSTOM_Internal_Log
0x000001d3fafda4b3 (Mono JIT Code) (wrapper managed-to-native) UnityEngine.DebugLogHandler:Internal_Log (UnityEngine.LogType,UnityEngine.LogOption,string,UnityEngine.Object)
0x000001d3fafda19b (Mono JIT Code) UnityEngine.DebugLogHandler:LogFormat (UnityEngine.LogType,UnityEngine.Object,string,object[])
0x000001d3fafd9f20 (Mono JIT Code) UnityEngine.Logger:Log (UnityEngine.LogType,object)
0x000001d3ffac6de5 (Mono JIT Code) UnityEngine.Debug:LogError (object)
0x000001d407e44c4b (Mono JIT Code) UnityEditor.EditorAssemblies:ProcessInitializeOnLoadAttributes (System.Type[])
0x000001d3fca394d8 (Mono JIT Code) (wrapper runtime-invoke) <Module>:runtime_invoke_void_object (object,intptr,intptr,intptr)
0x00007ffb99f04c2e (mono-2.0-bdwgc) mono_jit_runtime_invoke (at C:/build/output/Unity-Technologies/mono/mono/mini/mini-runtime.c:3445)
0x00007ffb99e3d254 (mono-2.0-bdwgc) do_runtime_invoke (at C:/build/output/Unity-Technologies/mono/mono/metadata/object.c:3068)
0x00007ffb99e3d3cc (mono-2.0-bdwgc) mono_runtime_invoke (at C:/build/output/Unity-Technologies/mono/mono/metadata/object.c:3115)
0x00007ff777fe7114 (Unity) scripting_method_invoke
0x00007ff777fc4d24 (Unity) ScriptingInvocation::Invoke
0x00007ff777fbf845 (Unity) ScriptingInvocation::Invoke<void>
0x00007ff778110e13 (Unity) Scripting::UnityEditor::EditorAssembliesProxy::ProcessInitializeOnLoadAttributes
0x00007ff777fb96f8 (Unity) MonoManager::SetupLoadedEditorAssemblies
0x00007ff777faf584 (Unity) MonoManager::FinalizeReload
0x00007ff777fb6d39 (Unity) MonoManager::ReloadAssembly
0x00007ff778f62b3b (Unity) LoadDomainAndUserAssemblies
0x00007ff779449774 (Unity) WorkerDomainReloadV2
0x00007ff77946a985 (Unity) <lambda_b37b41f03089e3cb3f55061bbc93253d>::operator()
0x00007ff7794a61b2 (Unity) asio::detail::completion_handler<core::mutable_function<void __cdecl(void)>,asio::io_context::basic_executor_type<std::allocator<void>,0> >::do_complete
0x00007ff77949215e (Unity) asio::detail::win_iocp_io_context::do_one
0x00007ff779493dc4 (Unity) asio::detail::win_iocp_io_context::run
0x00007ff7794a455c (Unity) IOService::Run
0x00007ff7794779bf (Unity) AssetImportWorkerClient::Run
0x00007ff779443327 (Unity) RunAssetImportWorkerClientV2
0x00007ff7794433ab (Unity) RunAssetImporterV2
0x00007ff778c3bdfe (Unity) Application::InitializeProject
0x00007ff7790cfcd5 (Unity) WinMain
0x00007ff77a481d4e (Unity) __scrt_common_main_seh
0x00007ffbfbff259d (KERNEL32) BaseThreadInitThunk
0x00007ffbfe00af38 (ntdll) RtlUserThreadStart

[Package Manager] Server::EnsureServerProcessIsRunning -- launch failed, reason: Unity was launched with the -noUpm command-line argument
[Package Manager] UpmClient::Send -- Unable to send message (not connected to UPM process).
[Package Manager] Cannot connect to Unity Package Manager local server
Mono: successfully reloaded assembly
[Package Manager] Server::EnsureServerProcessIsRunning -- launch failed, reason: Unity was launched with the -noUpm command-line argument
[Package Manager] UpmClient::Send -- Unable to send message (not connected to UPM process).
[Package Manager] Cannot connect to Unity Package Manager local server
- Finished resetting the current domain, in  2.594 seconds
Domain Reload Profiling: 4510ms
	BeginReloadAssembly (1316ms)
		ExecutionOrderSort (0ms)
		DisableScriptedObjects (992ms)
		BackupInstance (0ms)
		ReleaseScriptingObjects (0ms)
		CreateAndSetChildDomain (86ms)
	RebuildCommonClasses (54ms)
	RebuildNativeTypeToScriptingClass (19ms)
	initialDomainReloadingComplete (59ms)
	LoadAllAssembliesAndSetupDomain (468ms)
		LoadAssemblies (604ms)
		RebuildTransferFunctionScriptingTraits (0ms)
		AnalyzeDomain (22ms)
			TypeCache.Refresh (8ms)
				TypeCache.ScanAssembly (0ms)
			ScanForSourceGeneratedMonoScriptInfo (0ms)
			ResolveRequiredComponents (12ms)
	FinalizeReload (2594ms)
		ReleaseScriptCaches (0ms)
		RebuildScriptCaches (0ms)
		SetupLoadedEditorAssemblies (1891ms)
			LogAssemblyErrors (0ms)
			InitializePlatformSupportModulesInManaged (45ms)
			SetLoadedEditorAssemblies (7ms)
			RefreshPlugins (0ms)
			BeforeProcessingInitializeOnLoad (130ms)
			ProcessInitializeOnLoadAttributes (1638ms)
			ProcessInitializeOnLoadMethodAttributes (56ms)
			AfterProcessingInitializeOnLoad (14ms)
			EditorAssembliesLoaded (0ms)
		ExecutionOrderSort2 (0ms)
		AwakeInstancesAfterBackupRestoration (21ms)
Refreshing native plugins compatible for Editor in 17.29 ms, found 4 plugins.
Preloading 0 native plugins for Editor in 0.00 ms.
Unloading 4366 Unused Serialized files (Serialized files now loaded: 0)
Unloading 20 unused Assets / (31.7 KB). Loaded Objects now: 4872.
Memory consumption went from 146.7 MB to 146.7 MB.
Total: 15.519700 ms (FindLiveObjects: 0.444600 ms CreateObjectMapping: 0.464300 ms MarkObjects: 14.521100 ms  DeleteObjects: 0.087900 ms)

Prepare: number of updated asset objects reloaded= 0
AssetImportParameters requested are different than current active one (requested -> active):
  custom:container-demuxer-ogg: 62fdf1f143b41e24485cea50d1cbac27 -> 
  custom:video-decoder-ogg-theora: a1e56fd34408186e4bbccfd4996cb3dc -> 
  custom:framework-win-MediaFoundation: 216162199b28c13a410421893ffa2e32 -> 
  custom:CustomObjectIndexerAttribute: 9a22284fe3817be447336de3de66b15e -> 
  custom:container-demuxer-webm: 4f35f7cbe854078d1ac9338744f61a02 -> 
  custom:container-muxer-webm: aa71ff27fc2769a1b78a27578f13a17b -> 
  custom:video-decoder-webm-vp8: 9c59270c3fd7afecdb556c50c9e8de78 -> 
  custom:SearchIndexIgnoredProperties: e643bd26f0fe6173181afceb89e7c659 -> 
  custom:AudioImporter_EditorPlatform: d09bf68614088b80899f8185d706f6e7 -> 
  custom:video-encoder-webm-vp8: eb34c28f22e8b96e1ab97ce403110664 -> 
  custom:audio-decoder-ogg-vorbis: bf7c407c2cedff20999df2af8eb42d56 -> 
  custom:audio-encoder-webm-vorbis: bf7c407c2cedff20999df2af8eb42d56 -> 
========================================================================
Received Import Request.
  Time since last request: 731536.589965 seconds.
  path: Assets/Apps/endGame.uxml
  artifactKey: Guid(90029a5b3b01c1a499839f2e4f641047) Importer(815301076,1909f56bfc062723c751e8b465ee728b)
Start importing Assets/Apps/endGame.uxml using Guid(90029a5b3b01c1a499839f2e4f641047) Importer(815301076,1909f56bfc062723c751e8b465ee728b) [PhysX] Initialized MultithreadedTaskDispatcher with 12 workers.
 -> (artifact id: '49a432577c20c155a3b6b765b7fc39c6') in 0.048066 seconds
Number of updated asset objects reloaded before import = 0
Number of asset objects unloaded after import = 8
========================================================================
Received Import Request.
  Time since last request: 0.000053 seconds.
  path: Assets/Apps/settings.uxml
  artifactKey: Guid(1d48ef9c42539104ab8575249ce71c2e) Importer(815301076,1909f56bfc062723c751e8b465ee728b)
Start importing Assets/Apps/settings.uxml using Guid(1d48ef9c42539104ab8575249ce71c2e) Importer(815301076,1909f56bfc062723c751e8b465ee728b) [PhysX] Initialized MultithreadedTaskDispatcher with 12 workers.
 -> (artifact id: 'e404c277e2a4aa5b8d2c094b7d729401') in 0.009029 seconds
Number of updated asset objects reloaded before import = 0
Number of asset objects unloaded after import = 7
========================================================================
Received Import Request.
  Time since last request: 0.000035 seconds.
  path: Assets/Apps/onecard.uxml
  artifactKey: Guid(99896c9b265cfb54081d156b88bf2a2f) Importer(815301076,1909f56bfc062723c751e8b465ee728b)
Start importing Assets/Apps/onecard.uxml using Guid(99896c9b265cfb54081d156b88bf2a2f) Importer(815301076,1909f56bfc062723c751e8b465ee728b) [PhysX] Initialized MultithreadedTaskDispatcher with 12 workers.
 -> (artifact id: 'cae65075e8c20ba57308b7e6b66bbe28') in 0.016055 seconds
Number of updated asset objects reloaded before import = 0
Number of asset objects unloaded after import = 8
========================================================================
Received Import Request.
  Time since last request: 16.210871 seconds.
  path: Assets/Apps/listitem.uxml
  artifactKey: Guid(7246948c5d85e6b45a4d7a3a0136ea5d) Importer(815301076,1909f56bfc062723c751e8b465ee728b)
Start importing Assets/Apps/listitem.uxml using Guid(7246948c5d85e6b45a4d7a3a0136ea5d) Importer(815301076,1909f56bfc062723c751e8b465ee728b) [PhysX] Initialized MultithreadedTaskDispatcher with 12 workers.
 -> (artifact id: '82bdcd7e388789a609638fe50f3af733') in 0.009154 seconds
Number of updated asset objects reloaded before import = 0
Number of asset objects unloaded after import = 7
========================================================================
Received Import Request.
  Time since last request: 0.000030 seconds.
  path: Assets/Apps/settings.uxml
  artifactKey: Guid(1d48ef9c42539104ab8575249ce71c2e) Importer(815301076,1909f56bfc062723c751e8b465ee728b)
Start importing Assets/Apps/settings.uxml using Guid(1d48ef9c42539104ab8575249ce71c2e) Importer(815301076,1909f56bfc062723c751e8b465ee728b) [PhysX] Initialized MultithreadedTaskDispatcher with 12 workers.
 -> (artifact id: '6f7257063aac747c7627e26d1980189c') in 0.009529 seconds
Number of updated asset objects reloaded before import = 0
Number of asset objects unloaded after import = 7
========================================================================
Received Import Request.
  Time since last request: 0.000038 seconds.
  path: Assets/Apps/onecard.uxml
  artifactKey: Guid(99896c9b265cfb54081d156b88bf2a2f) Importer(815301076,1909f56bfc062723c751e8b465ee728b)
Start importing Assets/Apps/onecard.uxml using Guid(99896c9b265cfb54081d156b88bf2a2f) Importer(815301076,1909f56bfc062723c751e8b465ee728b) [PhysX] Initialized MultithreadedTaskDispatcher with 12 workers.
 -> (artifact id: 'a559bcf49a06d14d43d6c7632c9a6116') in 0.014280 seconds
Number of updated asset objects reloaded before import = 0
Number of asset objects unloaded after import = 8
========================================================================
Received Prepare
Refreshing native plugins compatible for Editor in 20.97 ms, found 4 plugins.
Preloading 0 native plugins for Editor in 0.00 ms.
Unloading 1 Unused Serialized files (Serialized files now loaded: 0)
Unloading 1 unused Assets / (3.1 KB). Loaded Objects now: 4874.
Memory consumption went from 78.7 MB to 78.7 MB.
Total: 21.547200 ms (FindLiveObjects: 0.460400 ms CreateObjectMapping: 0.252200 ms MarkObjects: 20.787000 ms  DeleteObjects: 0.045900 ms)

Prepare: number of updated asset objects reloaded= 0
AssetImportParameters requested are different than current active one (requested -> active):
  custom:container-demuxer-ogg: 62fdf1f143b41e24485cea50d1cbac27 -> 
  custom:video-decoder-ogg-theora: a1e56fd34408186e4bbccfd4996cb3dc -> 
  custom:framework-win-MediaFoundation: 216162199b28c13a410421893ffa2e32 -> 
  custom:CustomObjectIndexerAttribute: 9a22284fe3817be447336de3de66b15e -> 
  custom:container-demuxer-webm: 4f35f7cbe854078d1ac9338744f61a02 -> 
  custom:container-muxer-webm: aa71ff27fc2769a1b78a27578f13a17b -> 
  custom:video-decoder-webm-vp8: 9c59270c3fd7afecdb556c50c9e8de78 -> 
  custom:SearchIndexIgnoredProperties: e643bd26f0fe6173181afceb89e7c659 -> 
  custom:AudioImporter_EditorPlatform: d09bf68614088b80899f8185d706f6e7 -> 
  custom:video-encoder-webm-vp8: eb34c28f22e8b96e1ab97ce403110664 -> 
  custom:audio-decoder-ogg-vorbis: bf7c407c2cedff20999df2af8eb42d56 -> 
  custom:audio-encoder-webm-vorbis: bf7c407c2cedff20999df2af8eb42d56 -> 
Editor requested this worker to shutdown with reason: Scaling down because of idle timeout
TcpMessagingSession - receive error: operation aborted. errorcode: 995, details: ќпераци€ ввода/вывода была прервана из-за завершени€ потока команд или по запросу приложени€.
AssetImportWorker is now disconnected from the server
Process exiting
Exiting without the bug reporter. Application will terminate with return code 0