Using pre-set license
Built from '2022.3/release' branch; Version is '2022.3.48f1 (8bf49c377ebf) revision 9172124'; Using compiler version '192829333'; Build Type 'Release'
OS: 'Windows 11  (10.0.22631) 64bit Core' Language: 'ru' Physical Memory: 15693 MB
BatchMode: 1, IsHumanControllingUs: 0, StartBugReporterOnCrash: 0, Is64bit: 1, IsPro: 1

COMMAND LINE ARGUMENTS:
C:\Program Files\Unity\Hub\Editor\2022.3.48f1\Editor\Unity.exe
-adb2
-batchMode
-noUpm
-name
AssetImportWorker9
-projectPath
C:/Users/annam/unity_workspace/cellProject1
-logFile
Logs/AssetImportWorker9.log
-srvPort
51528
Successfully changed project path to: C:/Users/annam/unity_workspace/cellProject1
C:/Users/annam/unity_workspace/cellProject1
[UnityMemory] Configuration Parameters - Can be set up in boot.config
    "memorysetup-bucket-allocator-granularity=16"
    "memorysetup-bucket-allocator-bucket-count=8"
    "memorysetup-bucket-allocator-block-size=33554432"
    "memorysetup-bucket-allocator-block-count=8"
    "memorysetup-main-allocator-block-size=16777216"
    "memorysetup-thread-allocator-block-size=16777216"
    "memorysetup-gfx-main-allocator-block-size=16777216"
    "memorysetup-gfx-thread-allocator-block-size=16777216"
    "memorysetup-cache-allocator-block-size=4194304"
    "memorysetup-typetree-allocator-block-size=2097152"
    "memorysetup-profiler-bucket-allocator-granularity=16"
    "memorysetup-profiler-bucket-allocator-bucket-count=8"
    "memorysetup-profiler-bucket-allocator-block-size=33554432"
    "memorysetup-profiler-bucket-allocator-block-count=8"
    "memorysetup-profiler-allocator-block-size=16777216"
    "memorysetup-profiler-editor-allocator-block-size=1048576"
    "memorysetup-temp-allocator-size-main=16777216"
    "memorysetup-job-temp-allocator-block-size=2097152"
    "memorysetup-job-temp-allocator-block-size-background=1048576"
    "memorysetup-job-temp-allocator-reduction-small-platforms=262144"
    "memorysetup-allocator-temp-initial-block-size-main=262144"
    "memorysetup-allocator-temp-initial-block-size-worker=262144"
    "memorysetup-temp-allocator-size-background-worker=32768"
    "memorysetup-temp-allocator-size-job-worker=262144"
    "memorysetup-temp-allocator-size-preload-manager=33554432"
    "memorysetup-temp-allocator-size-nav-mesh-worker=65536"
    "memorysetup-temp-allocator-size-audio-worker=65536"
    "memorysetup-temp-allocator-size-cloud-worker=32768"
    "memorysetup-temp-allocator-size-gi-baking-worker=262144"
    "memorysetup-temp-allocator-size-gfx=262144"
Player connection [49400]  Target information:

Player connection [49400]  * "[IP] 192.168.56.1 [Port] 0 [Flags] 2 [Guid] 962994371 [EditorId] 962994371 [Version] 1048832 [Id] WindowsEditor(7,annamy) [Debug] 1 [PackageName] WindowsEditor [ProjectName] Editor" 

Player connection [49400]  * "[IP] 192.168.1.104 [Port] 0 [Flags] 2 [Guid] 962994371 [EditorId] 962994371 [Version] 1048832 [Id] WindowsEditor(7,annamy) [Debug] 1 [PackageName] WindowsEditor [ProjectName] Editor" 

Player connection [49400] Host joined multi-casting on [225.0.0.222:54997]...
Player connection [49400] Host joined alternative multi-casting on [225.0.0.222:34997]...
[PhysX] Initialized MultithreadedTaskDispatcher with 12 workers.
Refreshing native plugins compatible for Editor in 190.11 ms, found 4 plugins.
Preloading 0 native plugins for Editor in 0.00 ms.
Initialize engine version: 2022.3.48f1 (8bf49c377ebf)
[Subsystems] Discovering subsystems at path C:/Program Files/Unity/Hub/Editor/2022.3.48f1/Editor/Data/Resources/UnitySubsystems
[Subsystems] Discovering subsystems at path C:/Users/annam/unity_workspace/cellProject1/Assets
GfxDevice: creating device client; threaded=0; jobified=0
Direct3D:
    Version:  Direct3D 11.0 [level 11.1]
    Renderer: AMD Radeon(TM) Graphics (ID=0x164c)
    Vendor:   ATI
    VRAM:     7846 MB
    Driver:   31.0.21910.4002
Initialize mono
Mono path[0] = 'C:/Program Files/Unity/Hub/Editor/2022.3.48f1/Editor/Data/Managed'
Mono path[1] = 'C:/Program Files/Unity/Hub/Editor/2022.3.48f1/Editor/Data/MonoBleedingEdge/lib/mono/unityjit-win32'
Mono config path = 'C:/Program Files/Unity/Hub/Editor/2022.3.48f1/Editor/Data/MonoBleedingEdge/etc'
Using monoOptions --debugger-agent=transport=dt_socket,embedding=1,server=y,suspend=n,address=127.0.0.1:56668
Begin MonoManager ReloadAssembly
Registering precompiled unity dll's ...
Register platform support module: C:/Program Files/Unity/Hub/Editor/2022.3.48f1/Editor/Data/PlaybackEngines/WebGLSupport/UnityEditor.WebGL.Extensions.dll
Register platform support module: C:/Program Files/Unity/Hub/Editor/2022.3.48f1/Editor/Data/PlaybackEngines/AndroidPlayer/UnityEditor.Android.Extensions.dll
Register platform support module: C:/Program Files/Unity/Hub/Editor/2022.3.48f1/Editor/Data/PlaybackEngines/WindowsStandaloneSupport/UnityEditor.WindowsStandalone.Extensions.dll
Registered in 0.020769 seconds.
- Loaded All Assemblies, in  0.777 seconds
Native extension for WindowsStandalone target not found
Native extension for Android target not found
Android Extension - Scanning For ADB Devices 323 ms
Native extension for WebGL target not found
Mono: successfully reloaded assembly
- Finished resetting the current domain, in  0.678 seconds
Domain Reload Profiling: 1453ms
	BeginReloadAssembly (111ms)
		ExecutionOrderSort (0ms)
		DisableScriptedObjects (0ms)
		BackupInstance (0ms)
		ReleaseScriptingObjects (0ms)
		CreateAndSetChildDomain (1ms)
	RebuildCommonClasses (206ms)
	RebuildNativeTypeToScriptingClass (12ms)
	initialDomainReloadingComplete (74ms)
	LoadAllAssembliesAndSetupDomain (372ms)
		LoadAssemblies (110ms)
		RebuildTransferFunctionScriptingTraits (0ms)
		AnalyzeDomain (369ms)
			TypeCache.Refresh (367ms)
				TypeCache.ScanAssembly (354ms)
			ScanForSourceGeneratedMonoScriptInfo (0ms)
			ResolveRequiredComponents (1ms)
	FinalizeReload (678ms)
		ReleaseScriptCaches (0ms)
		RebuildScriptCaches (0ms)
		SetupLoadedEditorAssemblies (625ms)
			LogAssemblyErrors (0ms)
			InitializePlatformSupportModulesInManaged (422ms)
			SetLoadedEditorAssemblies (6ms)
			RefreshPlugins (0ms)
			BeforeProcessingInitializeOnLoad (2ms)
			ProcessInitializeOnLoadAttributes (134ms)
			ProcessInitializeOnLoadMethodAttributes (61ms)
			AfterProcessingInitializeOnLoad (0ms)
			EditorAssembliesLoaded (0ms)
		ExecutionOrderSort2 (0ms)
		AwakeInstancesAfterBackupRestoration (0ms)
========================================================================
Worker process is ready to serve import requests
Caller must complete domain reload
0x00007ff7c029eb4d (Unity) StackWalker::GetCurrentCallstack
0x00007ff7c02a3c29 (Unity) StackWalker::ShowCallstack
0x00007ff7c1295041 (Unity) GetStacktrace
0x00007ff7c195020e (Unity) DebugStringToFile
0x00007ff7c194ff4a (Unity) AssertImplementation
0x00007ff7c11329cc (Unity) Internal_ADB_WorkerOnly_DomainReload
0x00007ff7c1619774 (Unity) WorkerDomainReloadV2
0x00007ff7c163a39f (Unity) <lambda_943be6b2c5671afd01d59371cf3ef730>::operator()
0x00007ff7c16761b2 (Unity) asio::detail::completion_handler<core::mutable_function<void __cdecl(void)>,asio::io_context::basic_executor_type<std::allocator<void>,0> >::do_complete
0x00007ff7c166215e (Unity) asio::detail::win_iocp_io_context::do_one
0x00007ff7c1663d8e (Unity) asio::detail::win_iocp_io_context::run
0x00007ff7c167455c (Unity) IOService::Run
0x00007ff7c16479bf (Unity) AssetImportWorkerClient::Run
0x00007ff7c1613327 (Unity) RunAssetImportWorkerClientV2
0x00007ff7c16133ab (Unity) RunAssetImporterV2
0x00007ff7c0e0bdfe (Unity) Application::InitializeProject
0x00007ff7c129fcd5 (Unity) WinMain
0x00007ff7c2651d4e (Unity) __scrt_common_main_seh
0x00007ffbfbff259d (KERNEL32) BaseThreadInitThunk
0x00007ffbfe00af38 (ntdll) RtlUserThreadStart

Begin MonoManager ReloadAssembly
- Loaded All Assemblies, in  0.794 seconds
Native extension for WindowsStandalone target not found
Native extension for Android target not found
Native extension for WebGL target not found
System.Exception: Error! Visual Scripting: couldn't find visual scripting package
  at Unity.VisualScripting.PackageVersionUtility.get_version () [0x00043] in .\Library\PackageCache\com.unity.visualscripting@1.9.4\Editor\VisualScripting.Core\Utilities\PackageVersionUtility.cs:31 
  at Unity.VisualScripting.BoltCoreManifest.get_version () [0x00000] in .\Library\PackageCache\com.unity.visualscripting@1.9.4\Editor\VisualScripting.Core\Plugin\BoltCoreManifest.cs:11 
  at Unity.VisualScripting.PluginManifest.get_currentVersion () [0x00000] in .\Library\PackageCache\com.unity.visualscripting@1.9.4\Editor\VisualScripting.Core\Plugins\PluginManifest.cs:33 
  at Unity.VisualScripting.PluginManifest.get_versionMismatch () [0x00000] in .\Library\PackageCache\com.unity.visualscripting@1.9.4\Editor\VisualScripting.Core\Plugins\PluginManifest.cs:48 
  at Unity.VisualScripting.PluginContainer.Initialize () [0x00525] in .\Library\PackageCache\com.unity.visualscripting@1.9.4\Editor\VisualScripting.Core\Plugins\PluginContainer.cs:208 
  at Unity.VisualScripting.PluginContainer.InitializeOnLoad () [0x00009] in .\Library\PackageCache\com.unity.visualscripting@1.9.4\Editor\VisualScripting.Core\Plugins\PluginContainer.cs:32 
  at Unity.VisualScripting.VSUsageUtility.DoInitializeOnLoadCalls () [0x00034] in .\Library\PackageCache\com.unity.visualscripting@1.9.4\Editor\VisualScripting.Core\Utilities\VSUsageUtility.cs:76 
  at Unity.VisualScripting.VSUsageUtility.set_isVisualScriptingUsed (System.Boolean value) [0x0002c] in .\Library\PackageCache\com.unity.visualscripting@1.9.4\Editor\VisualScripting.Core\Utilities\VSUsageUtility.cs:114 
  at Unity.VisualScripting.VSUsageUtility.CheckAndSetIsVisualScriptingUsed () [0x00032] in .\Library\PackageCache\com.unity.visualscripting@1.9.4\Editor\VisualScripting.Core\Utilities\VSUsageUtility.cs:48 
  at Unity.VisualScripting.VSUsageUtility..cctor () [0x00000] in .\Library\PackageCache\com.unity.visualscripting@1.9.4\Editor\VisualScripting.Core\Utilities\VSUsageUtility.cs:22 
0x00007ff7c029eb4d (Unity) StackWalker::GetCurrentCallstack
0x00007ff7c02a3c29 (Unity) StackWalker::ShowCallstack
0x00007ff7c1295041 (Unity) GetStacktrace
0x00007ff7c195020e (Unity) DebugStringToFile
0x00007ff7bf1e11b8 (Unity) DebugLogHandler_CUSTOM_Internal_Log
0x0000013ff964e7f3 (Mono JIT Code) (wrapper managed-to-native) UnityEngine.DebugLogHandler:Internal_Log (UnityEngine.LogType,UnityEngine.LogOption,string,UnityEngine.Object)
0x0000013ff964e4db (Mono JIT Code) UnityEngine.DebugLogHandler:LogFormat (UnityEngine.LogType,UnityEngine.Object,string,object[])
0x0000013ff964c630 (Mono JIT Code) UnityEngine.Logger:Log (UnityEngine.LogType,object)
0x0000013ff964c4f5 (Mono JIT Code) UnityEngine.Debug:LogError (object)
0x0000013ffc6e0fbb (Mono JIT Code) UnityEditor.EditorAssemblies:ProcessInitializeOnLoadAttributes (System.Type[])
0x0000013ffc2594d8 (Mono JIT Code) (wrapper runtime-invoke) <Module>:runtime_invoke_void_object (object,intptr,intptr,intptr)
0x00007ffb98a84c2e (mono-2.0-bdwgc) mono_jit_runtime_invoke (at C:/build/output/Unity-Technologies/mono/mono/mini/mini-runtime.c:3445)
0x00007ffb989bd254 (mono-2.0-bdwgc) do_runtime_invoke (at C:/build/output/Unity-Technologies/mono/mono/metadata/object.c:3068)
0x00007ffb989bd3cc (mono-2.0-bdwgc) mono_runtime_invoke (at C:/build/output/Unity-Technologies/mono/mono/metadata/object.c:3115)
0x00007ff7c01b7114 (Unity) scripting_method_invoke
0x00007ff7c0194d24 (Unity) ScriptingInvocation::Invoke
0x00007ff7c018f845 (Unity) ScriptingInvocation::Invoke<void>
0x00007ff7c02e0e13 (Unity) Scripting::UnityEditor::EditorAssembliesProxy::ProcessInitializeOnLoadAttributes
0x00007ff7c01896f8 (Unity) MonoManager::SetupLoadedEditorAssemblies
0x00007ff7c017f584 (Unity) MonoManager::FinalizeReload
0x00007ff7c0186d39 (Unity) MonoManager::ReloadAssembly
0x00007ff7c1132b3b (Unity) LoadDomainAndUserAssemblies
0x00007ff7c1619774 (Unity) WorkerDomainReloadV2
0x00007ff7c163a39f (Unity) <lambda_943be6b2c5671afd01d59371cf3ef730>::operator()
0x00007ff7c16761b2 (Unity) asio::detail::completion_handler<core::mutable_function<void __cdecl(void)>,asio::io_context::basic_executor_type<std::allocator<void>,0> >::do_complete
0x00007ff7c166215e (Unity) asio::detail::win_iocp_io_context::do_one
0x00007ff7c1663d8e (Unity) asio::detail::win_iocp_io_context::run
0x00007ff7c167455c (Unity) IOService::Run
0x00007ff7c16479bf (Unity) AssetImportWorkerClient::Run
0x00007ff7c1613327 (Unity) RunAssetImportWorkerClientV2
0x00007ff7c16133ab (Unity) RunAssetImporterV2
0x00007ff7c0e0bdfe (Unity) Application::InitializeProject
0x00007ff7c129fcd5 (Unity) WinMain
0x00007ff7c2651d4e (Unity) __scrt_common_main_seh
0x00007ffbfbff259d (KERNEL32) BaseThreadInitThunk
0x00007ffbfe00af38 (ntdll) RtlUserThreadStart

Package Manager log level set to [2]
[Package Manager] Server::EnsureServerProcessIsRunning -- launch failed, reason: Unity was launched with the -noUpm command-line argument
[Package Manager] UpmClient::Send -- Unable to send message (not connected to UPM process).
[Package Manager] Cannot connect to Unity Package Manager local server
Mono: successfully reloaded assembly
[Package Manager] Server::EnsureServerProcessIsRunning -- launch failed, reason: Unity was launched with the -noUpm command-line argument
[Package Manager] UpmClient::Send -- Unable to send message (not connected to UPM process).
[Package Manager] Cannot connect to Unity Package Manager local server
[Package Manager] Server::EnsureServerProcessIsRunning -- launch failed, reason: Unity was launched with the -noUpm command-line argument
[Package Manager] UpmClient::Send -- Unable to send message (not connected to UPM process).
[Package Manager] Cannot connect to Unity Package Manager local server
- Finished resetting the current domain, in  1.208 seconds
Domain Reload Profiling: 1996ms
	BeginReloadAssembly (172ms)
		ExecutionOrderSort (0ms)
		DisableScriptedObjects (5ms)
		BackupInstance (0ms)
		ReleaseScriptingObjects (0ms)
		CreateAndSetChildDomain (26ms)
	RebuildCommonClasses (43ms)
	RebuildNativeTypeToScriptingClass (12ms)
	initialDomainReloadingComplete (51ms)
	LoadAllAssembliesAndSetupDomain (510ms)
		LoadAssemblies (417ms)
		RebuildTransferFunctionScriptingTraits (0ms)
		AnalyzeDomain (194ms)
			TypeCache.Refresh (163ms)
				TypeCache.ScanAssembly (145ms)
			ScanForSourceGeneratedMonoScriptInfo (24ms)
			ResolveRequiredComponents (6ms)
	FinalizeReload (1208ms)
		ReleaseScriptCaches (0ms)
		RebuildScriptCaches (0ms)
		SetupLoadedEditorAssemblies (1033ms)
			LogAssemblyErrors (0ms)
			InitializePlatformSupportModulesInManaged (23ms)
			SetLoadedEditorAssemblies (6ms)
			RefreshPlugins (0ms)
			BeforeProcessingInitializeOnLoad (94ms)
			ProcessInitializeOnLoadAttributes (864ms)
			ProcessInitializeOnLoadMethodAttributes (37ms)
			AfterProcessingInitializeOnLoad (8ms)
			EditorAssembliesLoaded (0ms)
		ExecutionOrderSort2 (0ms)
		AwakeInstancesAfterBackupRestoration (5ms)
Launched and connected shader compiler UnityShaderCompiler.exe after 0.09 seconds
Refreshing native plugins compatible for Editor in 9.42 ms, found 4 plugins.
Preloading 0 native plugins for Editor in 0.00 ms.
Unloading 4388 Unused Serialized files (Serialized files now loaded: 0)
Unloading 32 unused Assets / (57.7 KB). Loaded Objects now: 4864.
Memory consumption went from 151.9 MB to 151.8 MB.
Total: 14.163600 ms (FindLiveObjects: 0.527800 ms CreateObjectMapping: 0.265300 ms MarkObjects: 13.226400 ms  DeleteObjects: 0.141900 ms)

AssetImportParameters requested are different than current active one (requested -> active):
  custom:container-demuxer-ogg: 62fdf1f143b41e24485cea50d1cbac27 -> 
  custom:video-decoder-ogg-theora: a1e56fd34408186e4bbccfd4996cb3dc -> 
  custom:framework-win-MediaFoundation: 216162199b28c13a410421893ffa2e32 -> 
  custom:CustomObjectIndexerAttribute: 9a22284fe3817be447336de3de66b15e -> 
  custom:container-demuxer-webm: 4f35f7cbe854078d1ac9338744f61a02 -> 
  custom:container-muxer-webm: aa71ff27fc2769a1b78a27578f13a17b -> 
  custom:video-decoder-webm-vp8: 9c59270c3fd7afecdb556c50c9e8de78 -> 
  custom:SearchIndexIgnoredProperties: e643bd26f0fe6173181afceb89e7c659 -> 
  custom:AudioImporter_EditorPlatform: d09bf68614088b80899f8185d706f6e7 -> 
  custom:video-encoder-webm-vp8: eb34c28f22e8b96e1ab97ce403110664 -> 
  custom:audio-decoder-ogg-vorbis: bf7c407c2cedff20999df2af8eb42d56 -> 
  custom:audio-encoder-webm-vorbis: bf7c407c2cedff20999df2af8eb42d56 -> 
========================================================================
Received Prepare
Refreshing native plugins compatible for Editor in 17.71 ms, found 4 plugins.
Preloading 0 native plugins for Editor in 0.00 ms.
Unloading 2 Unused Serialized files (Serialized files now loaded: 0)
Unloading 1 unused Assets / (5.3 KB). Loaded Objects now: 4865.
Memory consumption went from 79.2 MB to 79.2 MB.
Total: 20.341400 ms (FindLiveObjects: 0.556300 ms CreateObjectMapping: 0.365400 ms MarkObjects: 19.373800 ms  DeleteObjects: 0.043600 ms)

Prepare: number of updated asset objects reloaded= 0
AssetImportParameters requested are different than current active one (requested -> active):
  custom:container-demuxer-ogg: 62fdf1f143b41e24485cea50d1cbac27 -> 
  custom:video-decoder-ogg-theora: a1e56fd34408186e4bbccfd4996cb3dc -> 
  custom:framework-win-MediaFoundation: 216162199b28c13a410421893ffa2e32 -> 
  custom:CustomObjectIndexerAttribute: 9a22284fe3817be447336de3de66b15e -> 
  custom:container-demuxer-webm: 4f35f7cbe854078d1ac9338744f61a02 -> 
  custom:container-muxer-webm: aa71ff27fc2769a1b78a27578f13a17b -> 
  custom:video-decoder-webm-vp8: 9c59270c3fd7afecdb556c50c9e8de78 -> 
  custom:SearchIndexIgnoredProperties: e643bd26f0fe6173181afceb89e7c659 -> 
  custom:AudioImporter_EditorPlatform: d09bf68614088b80899f8185d706f6e7 -> 
  custom:video-encoder-webm-vp8: eb34c28f22e8b96e1ab97ce403110664 -> 
  custom:audio-decoder-ogg-vorbis: bf7c407c2cedff20999df2af8eb42d56 -> 
  custom:audio-encoder-webm-vorbis: bf7c407c2cedff20999df2af8eb42d56 -> 
========================================================================
Received Prepare
Caller must complete domain reload
0x00007ff7c029eb4d (Unity) StackWalker::GetCurrentCallstack
0x00007ff7c02a3c29 (Unity) StackWalker::ShowCallstack
0x00007ff7c1295041 (Unity) GetStacktrace
0x00007ff7c195020e (Unity) DebugStringToFile
0x00007ff7c194ff4a (Unity) AssertImplementation
0x00007ff7c11329cc (Unity) Internal_ADB_WorkerOnly_DomainReload
0x00007ff7c1619774 (Unity) WorkerDomainReloadV2
0x00007ff7c163a985 (Unity) <lambda_b37b41f03089e3cb3f55061bbc93253d>::operator()
0x00007ff7c16761b2 (Unity) asio::detail::completion_handler<core::mutable_function<void __cdecl(void)>,asio::io_context::basic_executor_type<std::allocator<void>,0> >::do_complete
0x00007ff7c166215e (Unity) asio::detail::win_iocp_io_context::do_one
0x00007ff7c1663dc4 (Unity) asio::detail::win_iocp_io_context::run
0x00007ff7c167455c (Unity) IOService::Run
0x00007ff7c16479bf (Unity) AssetImportWorkerClient::Run
0x00007ff7c1613327 (Unity) RunAssetImportWorkerClientV2
0x00007ff7c16133ab (Unity) RunAssetImporterV2
0x00007ff7c0e0bdfe (Unity) Application::InitializeProject
0x00007ff7c129fcd5 (Unity) WinMain
0x00007ff7c2651d4e (Unity) __scrt_common_main_seh
0x00007ffbfbff259d (KERNEL32) BaseThreadInitThunk
0x00007ffbfe00af38 (ntdll) RtlUserThreadStart

Begin MonoManager ReloadAssembly
- Loaded All Assemblies, in  1.817 seconds
Native extension for WindowsStandalone target not found
Native extension for Android target not found
Native extension for WebGL target not found
Could not load the file 'NiceIO'.
0x00007ff7c029eb4d (Unity) StackWalker::GetCurrentCallstack
0x00007ff7c02a3c29 (Unity) StackWalker::ShowCallstack
0x00007ff7c1295041 (Unity) GetStacktrace
0x00007ff7c195020e (Unity) DebugStringToFile
0x00007ff7bf1e11b8 (Unity) DebugLogHandler_CUSTOM_Internal_Log
0x0000013ff980a4b3 (Mono JIT Code) (wrapper managed-to-native) UnityEngine.DebugLogHandler:Internal_Log (UnityEngine.LogType,UnityEngine.LogOption,string,UnityEngine.Object)
0x0000013ff980a19b (Mono JIT Code) UnityEngine.DebugLogHandler:LogFormat (UnityEngine.LogType,UnityEngine.Object,string,object[])
0x0000013ff9809f20 (Mono JIT Code) UnityEngine.Logger:Log (UnityEngine.LogType,object)
0x0000013ff9809de8 (Mono JIT Code) UnityEngine.Debug:LogWarning (object)
0x0000013ff9805afb (Mono JIT Code) Unity.VisualScripting.Codebase:IsEditorAssembly (System.Reflection.Assembly,System.Collections.Generic.HashSet`1<string>) (at ./Library/PackageCache/com.unity.visualscripting@1.9.4/Editor/VisualScripting.Core/Reflection/Codebase.cs:384)
0x0000013ff98056e3 (Mono JIT Code) Unity.VisualScripting.Codebase:IsRuntimeAssembly (System.Reflection.Assembly) (at ./Library/PackageCache/com.unity.visualscripting@1.9.4/Editor/VisualScripting.Core/Reflection/Codebase.cs:404)
0x0000013ff9804403 (Mono JIT Code) Unity.VisualScripting.Codebase:.cctor () (at ./Library/PackageCache/com.unity.visualscripting@1.9.4/Editor/VisualScripting.Core/Reflection/Codebase.cs:46)
0x0000013ff97f2905 (Mono JIT Code) (wrapper runtime-invoke) object:runtime_invoke_void (object,intptr,intptr,intptr)
0x00007ffb98a84c2e (mono-2.0-bdwgc) mono_jit_runtime_invoke (at C:/build/output/Unity-Technologies/mono/mono/mini/mini-runtime.c:3445)
0x00007ffb989bd254 (mono-2.0-bdwgc) do_runtime_invoke (at C:/build/output/Unity-Technologies/mono/mono/metadata/object.c:3068)
0x00007ffb989b7ff9 (mono-2.0-bdwgc) mono_runtime_class_init_full (at C:/build/output/Unity-Technologies/mono/mono/metadata/object.c:563)
0x00007ffb98a7bbb5 (mono-2.0-bdwgc) mono_jit_compile_method_inner (at C:/build/output/Unity-Technologies/mono/mono/mini/mini.c:4228)
0x00007ffb98a8281c (mono-2.0-bdwgc) mono_jit_compile_method_with_opt (at C:/build/output/Unity-Technologies/mono/mono/mini/mini-runtime.c:2700)
0x00007ffb98b7ce24 (mono-2.0-bdwgc) common_call_trampoline (at C:/build/output/Unity-Technologies/mono/mono/mini/mini-trampolines.c:641)
0x00007ffb98b7d8e8 (mono-2.0-bdwgc) mono_magic_trampoline (at C:/build/output/Unity-Technologies/mono/mono/mini/mini-trampolines.c:792)
0x0000013fd73803a6 ((<unknown>)) 
0x0000013ff9800163 (Mono JIT Code) Unity.VisualScripting.PluginContainer:Initialize () (at ./Library/PackageCache/com.unity.visualscripting@1.9.4/Editor/VisualScripting.Core/Plugins/PluginContainer.cs:86)
0x0000013ff97fe273 (Mono JIT Code) Unity.VisualScripting.PluginContainer:InitializeOnLoad () (at ./Library/PackageCache/com.unity.visualscripting@1.9.4/Editor/VisualScripting.Core/Plugins/PluginContainer.cs:33)
0x0000013ff97f3793 (Mono JIT Code) Unity.VisualScripting.VSUsageUtility:DoInitializeOnLoadCalls () (at ./Library/PackageCache/com.unity.visualscripting@1.9.4/Editor/VisualScripting.Core/Utilities/VSUsageUtility.cs:78)
0x0000013ff97f33fb (Mono JIT Code) Unity.VisualScripting.VSUsageUtility:set_isVisualScriptingUsed (bool) (at ./Library/PackageCache/com.unity.visualscripting@1.9.4/Editor/VisualScripting.Core/Utilities/VSUsageUtility.cs:117)
0x0000013ff97f327b (Mono JIT Code) Unity.VisualScripting.VSUsageUtility:CheckAndSetIsVisualScriptingUsed () (at ./Library/PackageCache/com.unity.visualscripting@1.9.4/Editor/VisualScripting.Core/Utilities/VSUsageUtility.cs:34)
0x0000013ff97f2813 (Mono JIT Code) Unity.VisualScripting.VSUsageUtility:.cctor () (at ./Library/PackageCache/com.unity.visualscripting@1.9.4/Editor/VisualScripting.Core/Utilities/VSUsageUtility.cs:23)
0x0000013ff97f2905 (Mono JIT Code) (wrapper runtime-invoke) object:runtime_invoke_void (object,intptr,intptr,intptr)
0x00007ffb98a84c2e (mono-2.0-bdwgc) mono_jit_runtime_invoke (at C:/build/output/Unity-Technologies/mono/mono/mini/mini-runtime.c:3445)
0x00007ffb989bd254 (mono-2.0-bdwgc) do_runtime_invoke (at C:/build/output/Unity-Technologies/mono/mono/metadata/object.c:3068)
0x00007ffb989b7ff9 (mono-2.0-bdwgc) mono_runtime_class_init_full (at C:/build/output/Unity-Technologies/mono/mono/metadata/object.c:563)
0x00007ffb988ede07 (mono-2.0-bdwgc) ves_icall_System_Runtime_CompilerServices_RuntimeHelpers_RunClassConstructor (at C:/build/output/Unity-Technologies/mono/mono/metadata/icall.c:1292)
0x00007ffb9891feec (mono-2.0-bdwgc) ves_icall_System_Runtime_CompilerServices_RuntimeHelpers_RunClassConstructor_raw (at C:/build/output/Unity-Technologies/mono/mono/metadata/icall-def.h:756)
0x0000013ff963895a (Mono JIT Code) (wrapper managed-to-native) System.Runtime.CompilerServices.RuntimeHelpers:RunClassConstructor (intptr)
0x0000013ff963886b (Mono JIT Code) System.Runtime.CompilerServices.RuntimeHelpers:RunClassConstructor (System.RuntimeTypeHandle)
0x0000013ff9634b9b (Mono JIT Code) UnityEditor.EditorAssemblies:ProcessInitializeOnLoadAttributes (System.Type[])
0x0000013fd7ad94d8 (Mono JIT Code) (wrapper runtime-invoke) <Module>:runtime_invoke_void_object (object,intptr,intptr,intptr)
0x00007ffb98a84c2e (mono-2.0-bdwgc) mono_jit_runtime_invoke (at C:/build/output/Unity-Technologies/mono/mono/mini/mini-runtime.c:3445)
0x00007ffb989bd254 (mono-2.0-bdwgc) do_runtime_invoke (at C:/build/output/Unity-Technologies/mono/mono/metadata/object.c:3068)
0x00007ffb989bd3cc (mono-2.0-bdwgc) mono_runtime_invoke (at C:/build/output/Unity-Technologies/mono/mono/metadata/object.c:3115)
0x00007ff7c01b7114 (Unity) scripting_method_invoke
0x00007ff7c0194d24 (Unity) ScriptingInvocation::Invoke
0x00007ff7c018f845 (Unity) ScriptingInvocation::Invoke<void>
0x00007ff7c02e0e13 (Unity) Scripting::UnityEditor::EditorAssembliesProxy::ProcessInitializeOnLoadAttributes
0x00007ff7c01896f8 (Unity) MonoManager::SetupLoadedEditorAssemblies
0x00007ff7c017f584 (Unity) MonoManager::FinalizeReload
0x00007ff7c0186d39 (Unity) MonoManager::ReloadAssembly
0x00007ff7c1132b3b (Unity) LoadDomainAndUserAssemblies
0x00007ff7c1619774 (Unity) WorkerDomainReloadV2
0x00007ff7c163a985 (Unity) <lambda_b37b41f03089e3cb3f55061bbc93253d>::operator()
0x00007ff7c16761b2 (Unity) asio::detail::completion_handler<core::mutable_function<void __cdecl(void)>,asio::io_context::basic_executor_type<std::allocator<void>,0> >::do_complete
0x00007ff7c166215e (Unity) asio::detail::win_iocp_io_context::do_one
0x00007ff7c1663dc4 (Unity) asio::detail::win_iocp_io_context::run
0x00007ff7c167455c (Unity) IOService::Run
0x00007ff7c16479bf (Unity) AssetImportWorkerClient::Run
0x00007ff7c1613327 (Unity) RunAssetImportWorkerClientV2
0x00007ff7c16133ab (Unity) RunAssetImporterV2
0x00007ff7c0e0bdfe (Unity) Application::InitializeProject
0x00007ff7c129fcd5 (Unity) WinMain
0x00007ff7c2651d4e (Unity) __scrt_common_main_seh
0x00007ffbfbff259d (KERNEL32) BaseThreadInitThunk
0x00007ffbfe00af38 (ntdll) RtlUserThreadStart

System.Exception: Error! Visual Scripting: couldn't find visual scripting package
  at Unity.VisualScripting.PackageVersionUtility.get_version () [0x00043] in .\Library\PackageCache\com.unity.visualscripting@1.9.4\Editor\VisualScripting.Core\Utilities\PackageVersionUtility.cs:31 
  at Unity.VisualScripting.BoltCoreManifest.get_version () [0x00000] in .\Library\PackageCache\com.unity.visualscripting@1.9.4\Editor\VisualScripting.Core\Plugin\BoltCoreManifest.cs:11 
  at Unity.VisualScripting.PluginManifest.get_currentVersion () [0x00000] in .\Library\PackageCache\com.unity.visualscripting@1.9.4\Editor\VisualScripting.Core\Plugins\PluginManifest.cs:33 
  at Unity.VisualScripting.PluginManifest.get_versionMismatch () [0x00000] in .\Library\PackageCache\com.unity.visualscripting@1.9.4\Editor\VisualScripting.Core\Plugins\PluginManifest.cs:48 
  at Unity.VisualScripting.PluginContainer.Initialize () [0x00525] in .\Library\PackageCache\com.unity.visualscripting@1.9.4\Editor\VisualScripting.Core\Plugins\PluginContainer.cs:208 
  at Unity.VisualScripting.PluginContainer.InitializeOnLoad () [0x00009] in .\Library\PackageCache\com.unity.visualscripting@1.9.4\Editor\VisualScripting.Core\Plugins\PluginContainer.cs:32 
  at Unity.VisualScripting.VSUsageUtility.DoInitializeOnLoadCalls () [0x00034] in .\Library\PackageCache\com.unity.visualscripting@1.9.4\Editor\VisualScripting.Core\Utilities\VSUsageUtility.cs:76 
  at Unity.VisualScripting.VSUsageUtility.set_isVisualScriptingUsed (System.Boolean value) [0x0002c] in .\Library\PackageCache\com.unity.visualscripting@1.9.4\Editor\VisualScripting.Core\Utilities\VSUsageUtility.cs:114 
  at Unity.VisualScripting.VSUsageUtility.CheckAndSetIsVisualScriptingUsed () [0x0000d] in .\Library\PackageCache\com.unity.visualscripting@1.9.4\Editor\VisualScripting.Core\Utilities\VSUsageUtility.cs:33 
  at Unity.VisualScripting.VSUsageUtility..cctor () [0x00000] in .\Library\PackageCache\com.unity.visualscripting@1.9.4\Editor\VisualScripting.Core\Utilities\VSUsageUtility.cs:22 
0x00007ff7c029eb4d (Unity) StackWalker::GetCurrentCallstack
0x00007ff7c02a3c29 (Unity) StackWalker::ShowCallstack
0x00007ff7c1295041 (Unity) GetStacktrace
0x00007ff7c195020e (Unity) DebugStringToFile
0x00007ff7bf1e11b8 (Unity) DebugLogHandler_CUSTOM_Internal_Log
0x0000013ff980a4b3 (Mono JIT Code) (wrapper managed-to-native) UnityEngine.DebugLogHandler:Internal_Log (UnityEngine.LogType,UnityEngine.LogOption,string,UnityEngine.Object)
0x0000013ff980a19b (Mono JIT Code) UnityEngine.DebugLogHandler:LogFormat (UnityEngine.LogType,UnityEngine.Object,string,object[])
0x0000013ff9809f20 (Mono JIT Code) UnityEngine.Logger:Log (UnityEngine.LogType,object)
0x0000013ffde66de5 (Mono JIT Code) UnityEngine.Debug:LogError (object)
0x0000013ff9634c4b (Mono JIT Code) UnityEditor.EditorAssemblies:ProcessInitializeOnLoadAttributes (System.Type[])
0x0000013fd7ad94d8 (Mono JIT Code) (wrapper runtime-invoke) <Module>:runtime_invoke_void_object (object,intptr,intptr,intptr)
0x00007ffb98a84c2e (mono-2.0-bdwgc) mono_jit_runtime_invoke (at C:/build/output/Unity-Technologies/mono/mono/mini/mini-runtime.c:3445)
0x00007ffb989bd254 (mono-2.0-bdwgc) do_runtime_invoke (at C:/build/output/Unity-Technologies/mono/mono/metadata/object.c:3068)
0x00007ffb989bd3cc (mono-2.0-bdwgc) mono_runtime_invoke (at C:/build/output/Unity-Technologies/mono/mono/metadata/object.c:3115)
0x00007ff7c01b7114 (Unity) scripting_method_invoke
0x00007ff7c0194d24 (Unity) ScriptingInvocation::Invoke
0x00007ff7c018f845 (Unity) ScriptingInvocation::Invoke<void>
0x00007ff7c02e0e13 (Unity) Scripting::UnityEditor::EditorAssembliesProxy::ProcessInitializeOnLoadAttributes
0x00007ff7c01896f8 (Unity) MonoManager::SetupLoadedEditorAssemblies
0x00007ff7c017f584 (Unity) MonoManager::FinalizeReload
0x00007ff7c0186d39 (Unity) MonoManager::ReloadAssembly
0x00007ff7c1132b3b (Unity) LoadDomainAndUserAssemblies
0x00007ff7c1619774 (Unity) WorkerDomainReloadV2
0x00007ff7c163a985 (Unity) <lambda_b37b41f03089e3cb3f55061bbc93253d>::operator()
0x00007ff7c16761b2 (Unity) asio::detail::completion_handler<core::mutable_function<void __cdecl(void)>,asio::io_context::basic_executor_type<std::allocator<void>,0> >::do_complete
0x00007ff7c166215e (Unity) asio::detail::win_iocp_io_context::do_one
0x00007ff7c1663dc4 (Unity) asio::detail::win_iocp_io_context::run
0x00007ff7c167455c (Unity) IOService::Run
0x00007ff7c16479bf (Unity) AssetImportWorkerClient::Run
0x00007ff7c1613327 (Unity) RunAssetImportWorkerClientV2
0x00007ff7c16133ab (Unity) RunAssetImporterV2
0x00007ff7c0e0bdfe (Unity) Application::InitializeProject
0x00007ff7c129fcd5 (Unity) WinMain
0x00007ff7c2651d4e (Unity) __scrt_common_main_seh
0x00007ffbfbff259d (KERNEL32) BaseThreadInitThunk
0x00007ffbfe00af38 (ntdll) RtlUserThreadStart

[Package Manager] Server::EnsureServerProcessIsRunning -- launch failed, reason: Unity was launched with the -noUpm command-line argument
[Package Manager] UpmClient::Send -- Unable to send message (not connected to UPM process).
[Package Manager] Cannot connect to Unity Package Manager local server
Mono: successfully reloaded assembly
[Package Manager] Server::EnsureServerProcessIsRunning -- launch failed, reason: Unity was launched with the -noUpm command-line argument
[Package Manager] UpmClient::Send -- Unable to send message (not connected to UPM process).
[Package Manager] Cannot connect to Unity Package Manager local server
- Finished resetting the current domain, in  2.116 seconds
Domain Reload Profiling: 3927ms
	BeginReloadAssembly (1225ms)
		ExecutionOrderSort (0ms)
		DisableScriptedObjects (845ms)
		BackupInstance (0ms)
		ReleaseScriptingObjects (0ms)
		CreateAndSetChildDomain (120ms)
	RebuildCommonClasses (60ms)
	RebuildNativeTypeToScriptingClass (23ms)
	initialDomainReloadingComplete (61ms)
	LoadAllAssembliesAndSetupDomain (441ms)
		LoadAssemblies (609ms)
		RebuildTransferFunctionScriptingTraits (0ms)
		AnalyzeDomain (18ms)
			TypeCache.Refresh (7ms)
				TypeCache.ScanAssembly (0ms)
			ScanForSourceGeneratedMonoScriptInfo (0ms)
			ResolveRequiredComponents (9ms)
	FinalizeReload (2117ms)
		ReleaseScriptCaches (0ms)
		RebuildScriptCaches (0ms)
		SetupLoadedEditorAssemblies (1537ms)
			LogAssemblyErrors (0ms)
			InitializePlatformSupportModulesInManaged (32ms)
			SetLoadedEditorAssemblies (6ms)
			RefreshPlugins (0ms)
			BeforeProcessingInitializeOnLoad (123ms)
			ProcessInitializeOnLoadAttributes (1332ms)
			ProcessInitializeOnLoadMethodAttributes (34ms)
			AfterProcessingInitializeOnLoad (9ms)
			EditorAssembliesLoaded (0ms)
		ExecutionOrderSort2 (0ms)
		AwakeInstancesAfterBackupRestoration (13ms)
Refreshing native plugins compatible for Editor in 12.86 ms, found 4 plugins.
Preloading 0 native plugins for Editor in 0.00 ms.
Unloading 4364 Unused Serialized files (Serialized files now loaded: 0)
Unloading 20 unused Assets / (31.8 KB). Loaded Objects now: 4870.
Memory consumption went from 146.7 MB to 146.6 MB.
Total: 13.321800 ms (FindLiveObjects: 0.514300 ms CreateObjectMapping: 0.237300 ms MarkObjects: 12.493200 ms  DeleteObjects: 0.075000 ms)

Prepare: number of updated asset objects reloaded= 0
AssetImportParameters requested are different than current active one (requested -> active):
  custom:container-demuxer-ogg: 62fdf1f143b41e24485cea50d1cbac27 -> 
  custom:video-decoder-ogg-theora: a1e56fd34408186e4bbccfd4996cb3dc -> 
  custom:framework-win-MediaFoundation: 216162199b28c13a410421893ffa2e32 -> 
  custom:CustomObjectIndexerAttribute: 9a22284fe3817be447336de3de66b15e -> 
  custom:container-demuxer-webm: 4f35f7cbe854078d1ac9338744f61a02 -> 
  custom:container-muxer-webm: aa71ff27fc2769a1b78a27578f13a17b -> 
  custom:video-decoder-webm-vp8: 9c59270c3fd7afecdb556c50c9e8de78 -> 
  custom:SearchIndexIgnoredProperties: e643bd26f0fe6173181afceb89e7c659 -> 
  custom:AudioImporter_EditorPlatform: d09bf68614088b80899f8185d706f6e7 -> 
  custom:video-encoder-webm-vp8: eb34c28f22e8b96e1ab97ce403110664 -> 
  custom:audio-decoder-ogg-vorbis: bf7c407c2cedff20999df2af8eb42d56 -> 
  custom:audio-encoder-webm-vorbis: bf7c407c2cedff20999df2af8eb42d56 -> 
========================================================================
Received Import Request.
  Time since last request: 379598.548908 seconds.
  path: Assets/Apps/endGame.uxml
  artifactKey: Guid(90029a5b3b01c1a499839f2e4f641047) Importer(815301076,1909f56bfc062723c751e8b465ee728b)
Start importing Assets/Apps/endGame.uxml using Guid(90029a5b3b01c1a499839f2e4f641047) Importer(815301076,1909f56bfc062723c751e8b465ee728b) [PhysX] Initialized MultithreadedTaskDispatcher with 12 workers.
Unknown pseudo class "pressed"
0x00007ff7c029eb4d (Unity) StackWalker::GetCurrentCallstack
0x00007ff7c02a3c29 (Unity) StackWalker::ShowCallstack
0x00007ff7c1295041 (Unity) GetStacktrace
0x00007ff7c195020e (Unity) DebugStringToFile
0x00007ff7bf1e11b8 (Unity) DebugLogHandler_CUSTOM_Internal_Log
0x0000013ff980a4b3 (Mono JIT Code) (wrapper managed-to-native) UnityEngine.DebugLogHandler:Internal_Log (UnityEngine.LogType,UnityEngine.LogOption,string,UnityEngine.Object)
0x0000013ff980a19b (Mono JIT Code) UnityEngine.DebugLogHandler:LogFormat (UnityEngine.LogType,UnityEngine.Object,string,object[])
0x0000013fff32fb31 (Mono JIT Code) UnityEngine.Logger:LogFormat (UnityEngine.LogType,string,object[])
0x0000013fff32fa6d (Mono JIT Code) UnityEngine.Debug:LogWarningFormat (string,object[])
0x0000013fff32e533 (Mono JIT Code) UnityEngine.UIElements.StyleComplexSelector:CachePseudoStateMasks ()
0x0000013fff32d74b (Mono JIT Code) UnityEngine.UIElements.StyleSheet:SetupReferences ()
0x0000013fff32d4bb (Mono JIT Code) UnityEngine.UIElements.StyleSheet:OnEnable ()
0x0000013fd7b74b48 (Mono JIT Code) (wrapper runtime-invoke) object:runtime_invoke_void__this__ (object,intptr,intptr,intptr)
0x00007ffb98a84c2e (mono-2.0-bdwgc) mono_jit_runtime_invoke (at C:/build/output/Unity-Technologies/mono/mono/mini/mini-runtime.c:3445)
0x00007ffb989bd254 (mono-2.0-bdwgc) do_runtime_invoke (at C:/build/output/Unity-Technologies/mono/mono/metadata/object.c:3068)
0x00007ffb989bd3cc (mono-2.0-bdwgc) mono_runtime_invoke (at C:/build/output/Unity-Technologies/mono/mono/metadata/object.c:3115)
0x00007ff7c01b7114 (Unity) scripting_method_invoke
0x00007ff7c0194d24 (Unity) ScriptingInvocation::Invoke
0x00007ff7c0194e0e (Unity) ScriptingInvocation::InvokeChecked
0x00007ff7c0237be6 (Unity) SerializableManagedRef::CallMethod
0x00007ff7c017b511 (Unity) MonoBehaviour::AwakeFromLoad
0x00007ff7c027a64d (Unity) AwakeFromLoadQueue::InvokePersistentManagerAwake
0x00007ff7c027b621 (Unity) AwakeFromLoadQueue::PersistentManagerSingleQueueAwakeFromLoad
0x00007ff7c027b290 (Unity) AwakeFromLoadQueue::PersistentManagerAwakeFromLoad_NoChecks
0x00007ff7c024cd9f (Unity) PersistentManager::IntegrateAllThreadedObjects
0x00007ff7c024d5a0 (Unity) PersistentManager::LoadAndIntegrateAllPreallocatedObjects
0x00007ff7c0251972 (Unity) PersistentManager::ReadObject
0x00007ff7c156e572 (Unity) WritePreviews
0x00007ff7c15656d3 (Unity) PreviewImporter::GenerateAssetData
0x00007ff7c15aed9a (Unity) ImportToObjects
0x00007ff7c15ade4c (Unity) ImportAsset
0x00007ff7c15d2af8 (Unity) AssetImportWorker::Import
0x00007ff7c163b176 (Unity) <lambda_bb22b37f1864b0ddb585f90f93b1cadf>::operator()
0x00007ff7c16761b2 (Unity) asio::detail::completion_handler<core::mutable_function<void __cdecl(void)>,asio::io_context::basic_executor_type<std::allocator<void>,0> >::do_complete
0x00007ff7c166215e (Unity) asio::detail::win_iocp_io_context::do_one
0x00007ff7c1663dc4 (Unity) asio::detail::win_iocp_io_context::run
0x00007ff7c167455c (Unity) IOService::Run
0x00007ff7c16479bf (Unity) AssetImportWorkerClient::Run
0x00007ff7c1613327 (Unity) RunAssetImportWorkerClientV2
0x00007ff7c16133ab (Unity) RunAssetImporterV2
0x00007ff7c0e0bdfe (Unity) Application::InitializeProject
0x00007ff7c129fcd5 (Unity) WinMain
0x00007ff7c2651d4e (Unity) __scrt_common_main_seh
0x00007ffbfbff259d (KERNEL32) BaseThreadInitThunk
0x00007ffbfe00af38 (ntdll) RtlUserThreadStart

 -> (artifact id: '4f743083dbd34d044cc3a805b49dc08c') in 0.050022 seconds
Number of updated asset objects reloaded before import = 0
Number of asset objects unloaded after import = 8
========================================================================
Received Import Request.
  Time since last request: 0.000033 seconds.
  path: Assets/Apps/settings.uxml
  artifactKey: Guid(1d48ef9c42539104ab8575249ce71c2e) Importer(815301076,1909f56bfc062723c751e8b465ee728b)
Start importing Assets/Apps/settings.uxml using Guid(1d48ef9c42539104ab8575249ce71c2e) Importer(815301076,1909f56bfc062723c751e8b465ee728b) [PhysX] Initialized MultithreadedTaskDispatcher with 12 workers.
Unknown pseudo class "pressed"
0x00007ff7c029eb4d (Unity) StackWalker::GetCurrentCallstack
0x00007ff7c02a3c29 (Unity) StackWalker::ShowCallstack
0x00007ff7c1295041 (Unity) GetStacktrace
0x00007ff7c195020e (Unity) DebugStringToFile
0x00007ff7bf1e11b8 (Unity) DebugLogHandler_CUSTOM_Internal_Log
0x0000013ff980a4b3 (Mono JIT Code) (wrapper managed-to-native) UnityEngine.DebugLogHandler:Internal_Log (UnityEngine.LogType,UnityEngine.LogOption,string,UnityEngine.Object)
0x0000013ff980a19b (Mono JIT Code) UnityEngine.DebugLogHandler:LogFormat (UnityEngine.LogType,UnityEngine.Object,string,object[])
0x0000013fff32fb31 (Mono JIT Code) UnityEngine.Logger:LogFormat (UnityEngine.LogType,string,object[])
0x0000013fff32fa6d (Mono JIT Code) UnityEngine.Debug:LogWarningFormat (string,object[])
0x0000013fff32e533 (Mono JIT Code) UnityEngine.UIElements.StyleComplexSelector:CachePseudoStateMasks ()
0x0000013fff32d74b (Mono JIT Code) UnityEngine.UIElements.StyleSheet:SetupReferences ()
0x0000013fff32d4bb (Mono JIT Code) UnityEngine.UIElements.StyleSheet:OnEnable ()
0x0000013fd7b74b48 (Mono JIT Code) (wrapper runtime-invoke) object:runtime_invoke_void__this__ (object,intptr,intptr,intptr)
0x00007ffb98a84c2e (mono-2.0-bdwgc) mono_jit_runtime_invoke (at C:/build/output/Unity-Technologies/mono/mono/mini/mini-runtime.c:3445)
0x00007ffb989bd254 (mono-2.0-bdwgc) do_runtime_invoke (at C:/build/output/Unity-Technologies/mono/mono/metadata/object.c:3068)
0x00007ffb989bd3cc (mono-2.0-bdwgc) mono_runtime_invoke (at C:/build/output/Unity-Technologies/mono/mono/metadata/object.c:3115)
0x00007ff7c01b7114 (Unity) scripting_method_invoke
0x00007ff7c0194d24 (Unity) ScriptingInvocation::Invoke
0x00007ff7c0194e0e (Unity) ScriptingInvocation::InvokeChecked
0x00007ff7c0237be6 (Unity) SerializableManagedRef::CallMethod
0x00007ff7c017b511 (Unity) MonoBehaviour::AwakeFromLoad
0x00007ff7c027a64d (Unity) AwakeFromLoadQueue::InvokePersistentManagerAwake
0x00007ff7c027b621 (Unity) AwakeFromLoadQueue::PersistentManagerSingleQueueAwakeFromLoad
0x00007ff7c027b290 (Unity) AwakeFromLoadQueue::PersistentManagerAwakeFromLoad_NoChecks
0x00007ff7c024cd9f (Unity) PersistentManager::IntegrateAllThreadedObjects
0x00007ff7c024d5a0 (Unity) PersistentManager::LoadAndIntegrateAllPreallocatedObjects
0x00007ff7c0251972 (Unity) PersistentManager::ReadObject
0x00007ff7c156e572 (Unity) WritePreviews
0x00007ff7c15656d3 (Unity) PreviewImporter::GenerateAssetData
0x00007ff7c15aed9a (Unity) ImportToObjects
0x00007ff7c15ade4c (Unity) ImportAsset
0x00007ff7c15d2af8 (Unity) AssetImportWorker::Import
0x00007ff7c163b176 (Unity) <lambda_bb22b37f1864b0ddb585f90f93b1cadf>::operator()
0x00007ff7c16761b2 (Unity) asio::detail::completion_handler<core::mutable_function<void __cdecl(void)>,asio::io_context::basic_executor_type<std::allocator<void>,0> >::do_complete
0x00007ff7c166215e (Unity) asio::detail::win_iocp_io_context::do_one
0x00007ff7c1663dc4 (Unity) asio::detail::win_iocp_io_context::run
0x00007ff7c167455c (Unity) IOService::Run
0x00007ff7c16479bf (Unity) AssetImportWorkerClient::Run
0x00007ff7c1613327 (Unity) RunAssetImportWorkerClientV2
0x00007ff7c16133ab (Unity) RunAssetImporterV2
0x00007ff7c0e0bdfe (Unity) Application::InitializeProject
0x00007ff7c129fcd5 (Unity) WinMain
0x00007ff7c2651d4e (Unity) __scrt_common_main_seh
0x00007ffbfbff259d (KERNEL32) BaseThreadInitThunk
0x00007ffbfe00af38 (ntdll) RtlUserThreadStart

 -> (artifact id: 'dfb40d4d55fd31c7a44954dbe95a8784') in 0.011454 seconds
Number of updated asset objects reloaded before import = 0
Number of asset objects unloaded after import = 8
========================================================================
Received Import Request.
  Time since last request: 0.000039 seconds.
  path: Assets/Apps/onecard.uxml
  artifactKey: Guid(99896c9b265cfb54081d156b88bf2a2f) Importer(815301076,1909f56bfc062723c751e8b465ee728b)
Start importing Assets/Apps/onecard.uxml using Guid(99896c9b265cfb54081d156b88bf2a2f) Importer(815301076,1909f56bfc062723c751e8b465ee728b) [PhysX] Initialized MultithreadedTaskDispatcher with 12 workers.
Unknown pseudo class "pressed"
0x00007ff7c029eb4d (Unity) StackWalker::GetCurrentCallstack
0x00007ff7c02a3c29 (Unity) StackWalker::ShowCallstack
0x00007ff7c1295041 (Unity) GetStacktrace
0x00007ff7c195020e (Unity) DebugStringToFile
0x00007ff7bf1e11b8 (Unity) DebugLogHandler_CUSTOM_Internal_Log
0x0000013ff980a4b3 (Mono JIT Code) (wrapper managed-to-native) UnityEngine.DebugLogHandler:Internal_Log (UnityEngine.LogType,UnityEngine.LogOption,string,UnityEngine.Object)
0x0000013ff980a19b (Mono JIT Code) UnityEngine.DebugLogHandler:LogFormat (UnityEngine.LogType,UnityEngine.Object,string,object[])
0x0000013fff32fb31 (Mono JIT Code) UnityEngine.Logger:LogFormat (UnityEngine.LogType,string,object[])
0x0000013fff32fa6d (Mono JIT Code) UnityEngine.Debug:LogWarningFormat (string,object[])
0x0000013fff32e533 (Mono JIT Code) UnityEngine.UIElements.StyleComplexSelector:CachePseudoStateMasks ()
0x0000013fff32d74b (Mono JIT Code) UnityEngine.UIElements.StyleSheet:SetupReferences ()
0x0000013fff32d4bb (Mono JIT Code) UnityEngine.UIElements.StyleSheet:OnEnable ()
0x0000013fd7b74b48 (Mono JIT Code) (wrapper runtime-invoke) object:runtime_invoke_void__this__ (object,intptr,intptr,intptr)
0x00007ffb98a84c2e (mono-2.0-bdwgc) mono_jit_runtime_invoke (at C:/build/output/Unity-Technologies/mono/mono/mini/mini-runtime.c:3445)
0x00007ffb989bd254 (mono-2.0-bdwgc) do_runtime_invoke (at C:/build/output/Unity-Technologies/mono/mono/metadata/object.c:3068)
0x00007ffb989bd3cc (mono-2.0-bdwgc) mono_runtime_invoke (at C:/build/output/Unity-Technologies/mono/mono/metadata/object.c:3115)
0x00007ff7c01b7114 (Unity) scripting_method_invoke
0x00007ff7c0194d24 (Unity) ScriptingInvocation::Invoke
0x00007ff7c0194e0e (Unity) ScriptingInvocation::InvokeChecked
0x00007ff7c0237be6 (Unity) SerializableManagedRef::CallMethod
0x00007ff7c017b511 (Unity) MonoBehaviour::AwakeFromLoad
0x00007ff7c027a64d (Unity) AwakeFromLoadQueue::InvokePersistentManagerAwake
0x00007ff7c027b621 (Unity) AwakeFromLoadQueue::PersistentManagerSingleQueueAwakeFromLoad
0x00007ff7c027b290 (Unity) AwakeFromLoadQueue::PersistentManagerAwakeFromLoad_NoChecks
0x00007ff7c024cd9f (Unity) PersistentManager::IntegrateAllThreadedObjects
0x00007ff7c024d5a0 (Unity) PersistentManager::LoadAndIntegrateAllPreallocatedObjects
0x00007ff7c0251972 (Unity) PersistentManager::ReadObject
0x00007ff7c156e572 (Unity) WritePreviews
0x00007ff7c15656d3 (Unity) PreviewImporter::GenerateAssetData
0x00007ff7c15aed9a (Unity) ImportToObjects
0x00007ff7c15ade4c (Unity) ImportAsset
0x00007ff7c15d2af8 (Unity) AssetImportWorker::Import
0x00007ff7c163b176 (Unity) <lambda_bb22b37f1864b0ddb585f90f93b1cadf>::operator()
0x00007ff7c16761b2 (Unity) asio::detail::completion_handler<core::mutable_function<void __cdecl(void)>,asio::io_context::basic_executor_type<std::allocator<void>,0> >::do_complete
0x00007ff7c166215e (Unity) asio::detail::win_iocp_io_context::do_one
0x00007ff7c1663dc4 (Unity) asio::detail::win_iocp_io_context::run
0x00007ff7c167455c (Unity) IOService::Run
0x00007ff7c16479bf (Unity) AssetImportWorkerClient::Run
0x00007ff7c1613327 (Unity) RunAssetImportWorkerClientV2
0x00007ff7c16133ab (Unity) RunAssetImporterV2
0x00007ff7c0e0bdfe (Unity) Application::InitializeProject
0x00007ff7c129fcd5 (Unity) WinMain
0x00007ff7c2651d4e (Unity) __scrt_common_main_seh
0x00007ffbfbff259d (KERNEL32) BaseThreadInitThunk
0x00007ffbfe00af38 (ntdll) RtlUserThreadStart

 -> (artifact id: '0f33264cc8743f46dd425bb8704e098b') in 0.016007 seconds
Number of updated asset objects reloaded before import = 0
Number of asset objects unloaded after import = 8
========================================================================
Received Prepare
Refreshing native plugins compatible for Editor in 15.89 ms, found 4 plugins.
Preloading 0 native plugins for Editor in 0.00 ms.
Unloading 1 Unused Serialized files (Serialized files now loaded: 0)
Unloading 1 unused Assets / (4.8 KB). Loaded Objects now: 4872.
Memory consumption went from 78.7 MB to 78.7 MB.
Total: 16.384100 ms (FindLiveObjects: 0.478500 ms CreateObjectMapping: 0.273800 ms MarkObjects: 15.593600 ms  DeleteObjects: 0.036100 ms)

Prepare: number of updated asset objects reloaded= 0
AssetImportParameters requested are different than current active one (requested -> active):
  custom:container-demuxer-ogg: 62fdf1f143b41e24485cea50d1cbac27 -> 
  custom:video-decoder-ogg-theora: a1e56fd34408186e4bbccfd4996cb3dc -> 
  custom:framework-win-MediaFoundation: 216162199b28c13a410421893ffa2e32 -> 
  custom:CustomObjectIndexerAttribute: 9a22284fe3817be447336de3de66b15e -> 
  custom:container-demuxer-webm: 4f35f7cbe854078d1ac9338744f61a02 -> 
  custom:container-muxer-webm: aa71ff27fc2769a1b78a27578f13a17b -> 
  custom:video-decoder-webm-vp8: 9c59270c3fd7afecdb556c50c9e8de78 -> 
  custom:SearchIndexIgnoredProperties: e643bd26f0fe6173181afceb89e7c659 -> 
  custom:AudioImporter_EditorPlatform: d09bf68614088b80899f8185d706f6e7 -> 
  custom:video-encoder-webm-vp8: eb34c28f22e8b96e1ab97ce403110664 -> 
  custom:audio-decoder-ogg-vorbis: bf7c407c2cedff20999df2af8eb42d56 -> 
  custom:audio-encoder-webm-vorbis: bf7c407c2cedff20999df2af8eb42d56 -> 
Editor requested this worker to shutdown with reason: Scaling down because of idle timeout
TcpMessagingSession - receive error: operation aborted. errorcode: 995, details: ќпераци€ ввода/вывода была прервана из-за завершени€ потока команд или по запросу приложени€.
AssetImportWorker is now disconnected from the server
Process exiting
Exiting without the bug reporter. Application will terminate with return code 0