Using pre-set license
Built from '2022.3/release' branch; Version is '2022.3.48f1 (8bf49c377ebf) revision 9172124'; Using compiler version '192829333'; Build Type 'Release'
OS: 'Windows 11  (10.0.22631) 64bit Core' Language: 'ru' Physical Memory: 15693 MB
BatchMode: 1, IsHumanControllingUs: 0, StartBugReporterOnCrash: 0, Is64bit: 1, IsPro: 1

COMMAND LINE ARGUMENTS:
C:\Program Files\Unity\Hub\Editor\2022.3.48f1\Editor\Unity.exe
-adb2
-batchMode
-noUpm
-name
AssetImportWorker15
-projectPath
C:/Users/annam/unity_workspace/cellProject1
-logFile
Logs/AssetImportWorker15.log
-srvPort
51528
Successfully changed project path to: C:/Users/annam/unity_workspace/cellProject1
C:/Users/annam/unity_workspace/cellProject1
[UnityMemory] Configuration Parameters - Can be set up in boot.config
    "memorysetup-bucket-allocator-granularity=16"
    "memorysetup-bucket-allocator-bucket-count=8"
    "memorysetup-bucket-allocator-block-size=33554432"
    "memorysetup-bucket-allocator-block-count=8"
    "memorysetup-main-allocator-block-size=16777216"
    "memorysetup-thread-allocator-block-size=16777216"
    "memorysetup-gfx-main-allocator-block-size=16777216"
    "memorysetup-gfx-thread-allocator-block-size=16777216"
    "memorysetup-cache-allocator-block-size=4194304"
    "memorysetup-typetree-allocator-block-size=2097152"
    "memorysetup-profiler-bucket-allocator-granularity=16"
    "memorysetup-profiler-bucket-allocator-bucket-count=8"
    "memorysetup-profiler-bucket-allocator-block-size=33554432"
    "memorysetup-profiler-bucket-allocator-block-count=8"
    "memorysetup-profiler-allocator-block-size=16777216"
    "memorysetup-profiler-editor-allocator-block-size=1048576"
    "memorysetup-temp-allocator-size-main=16777216"
    "memorysetup-job-temp-allocator-block-size=2097152"
    "memorysetup-job-temp-allocator-block-size-background=1048576"
    "memorysetup-job-temp-allocator-reduction-small-platforms=262144"
    "memorysetup-allocator-temp-initial-block-size-main=262144"
    "memorysetup-allocator-temp-initial-block-size-worker=262144"
    "memorysetup-temp-allocator-size-background-worker=32768"
    "memorysetup-temp-allocator-size-job-worker=262144"
    "memorysetup-temp-allocator-size-preload-manager=33554432"
    "memorysetup-temp-allocator-size-nav-mesh-worker=65536"
    "memorysetup-temp-allocator-size-audio-worker=65536"
    "memorysetup-temp-allocator-size-cloud-worker=32768"
    "memorysetup-temp-allocator-size-gi-baking-worker=262144"
    "memorysetup-temp-allocator-size-gfx=262144"
Player connection [30532]  Target information:

Player connection [30532]  * "[IP] 192.168.56.1 [Port] 0 [Flags] 2 [Guid] 3564835702 [EditorId] 3564835702 [Version] 1048832 [Id] WindowsEditor(7,annamy) [Debug] 1 [PackageName] WindowsEditor [ProjectName] Editor" 

Player connection [30532]  * "[IP] 192.168.1.104 [Port] 0 [Flags] 2 [Guid] 3564835702 [EditorId] 3564835702 [Version] 1048832 [Id] WindowsEditor(7,annamy) [Debug] 1 [PackageName] WindowsEditor [ProjectName] Editor" 

Player connection [30532] Host joined multi-casting on [225.0.0.222:54997]...
Player connection [30532] Host joined alternative multi-casting on [225.0.0.222:34997]...
[PhysX] Initialized MultithreadedTaskDispatcher with 12 workers.
Refreshing native plugins compatible for Editor in 39.38 ms, found 4 plugins.
Preloading 0 native plugins for Editor in 0.00 ms.
Initialize engine version: 2022.3.48f1 (8bf49c377ebf)
[Subsystems] Discovering subsystems at path C:/Program Files/Unity/Hub/Editor/2022.3.48f1/Editor/Data/Resources/UnitySubsystems
[Subsystems] Discovering subsystems at path C:/Users/annam/unity_workspace/cellProject1/Assets
GfxDevice: creating device client; threaded=0; jobified=0
Direct3D:
    Version:  Direct3D 11.0 [level 11.1]
    Renderer: AMD Radeon(TM) Graphics (ID=0x164c)
    Vendor:   ATI
    VRAM:     7846 MB
    Driver:   31.0.21910.4002
Initialize mono
Mono path[0] = 'C:/Program Files/Unity/Hub/Editor/2022.3.48f1/Editor/Data/Managed'
Mono path[1] = 'C:/Program Files/Unity/Hub/Editor/2022.3.48f1/Editor/Data/MonoBleedingEdge/lib/mono/unityjit-win32'
Mono config path = 'C:/Program Files/Unity/Hub/Editor/2022.3.48f1/Editor/Data/MonoBleedingEdge/etc'
Using monoOptions --debugger-agent=transport=dt_socket,embedding=1,server=y,suspend=n,address=127.0.0.1:56452
Begin MonoManager ReloadAssembly
Registering precompiled unity dll's ...
Register platform support module: C:/Program Files/Unity/Hub/Editor/2022.3.48f1/Editor/Data/PlaybackEngines/WebGLSupport/UnityEditor.WebGL.Extensions.dll
Register platform support module: C:/Program Files/Unity/Hub/Editor/2022.3.48f1/Editor/Data/PlaybackEngines/AndroidPlayer/UnityEditor.Android.Extensions.dll
Register platform support module: C:/Program Files/Unity/Hub/Editor/2022.3.48f1/Editor/Data/PlaybackEngines/WindowsStandaloneSupport/UnityEditor.WindowsStandalone.Extensions.dll
Registered in 0.022697 seconds.
- Loaded All Assemblies, in  0.610 seconds
Native extension for WindowsStandalone target not found
Native extension for Android target not found
Android Extension - Scanning For ADB Devices 440 ms
Native extension for WebGL target not found
Mono: successfully reloaded assembly
- Finished resetting the current domain, in  0.886 seconds
Domain Reload Profiling: 1492ms
	BeginReloadAssembly (194ms)
		ExecutionOrderSort (0ms)
		DisableScriptedObjects (0ms)
		BackupInstance (0ms)
		ReleaseScriptingObjects (0ms)
		CreateAndSetChildDomain (1ms)
	RebuildCommonClasses (54ms)
	RebuildNativeTypeToScriptingClass (20ms)
	initialDomainReloadingComplete (102ms)
	LoadAllAssembliesAndSetupDomain (235ms)
		LoadAssemblies (190ms)
		RebuildTransferFunctionScriptingTraits (0ms)
		AnalyzeDomain (231ms)
			TypeCache.Refresh (229ms)
				TypeCache.ScanAssembly (208ms)
			ScanForSourceGeneratedMonoScriptInfo (1ms)
			ResolveRequiredComponents (1ms)
	FinalizeReload (887ms)
		ReleaseScriptCaches (0ms)
		RebuildScriptCaches (0ms)
		SetupLoadedEditorAssemblies (822ms)
			LogAssemblyErrors (0ms)
			InitializePlatformSupportModulesInManaged (579ms)
			SetLoadedEditorAssemblies (6ms)
			RefreshPlugins (0ms)
			BeforeProcessingInitializeOnLoad (3ms)
			ProcessInitializeOnLoadAttributes (172ms)
			ProcessInitializeOnLoadMethodAttributes (62ms)
			AfterProcessingInitializeOnLoad (0ms)
			EditorAssembliesLoaded (0ms)
		ExecutionOrderSort2 (0ms)
		AwakeInstancesAfterBackupRestoration (0ms)
========================================================================
Worker process is ready to serve import requests
Caller must complete domain reload
0x00007ff7c029eb4d (Unity) StackWalker::GetCurrentCallstack
0x00007ff7c02a3c29 (Unity) StackWalker::ShowCallstack
0x00007ff7c1295041 (Unity) GetStacktrace
0x00007ff7c195020e (Unity) DebugStringToFile
0x00007ff7c194ff4a (Unity) AssertImplementation
0x00007ff7c11329cc (Unity) Internal_ADB_WorkerOnly_DomainReload
0x00007ff7c1619774 (Unity) WorkerDomainReloadV2
0x00007ff7c163a39f (Unity) <lambda_943be6b2c5671afd01d59371cf3ef730>::operator()
0x00007ff7c16761b2 (Unity) asio::detail::completion_handler<core::mutable_function<void __cdecl(void)>,asio::io_context::basic_executor_type<std::allocator<void>,0> >::do_complete
0x00007ff7c166215e (Unity) asio::detail::win_iocp_io_context::do_one
0x00007ff7c1663d8e (Unity) asio::detail::win_iocp_io_context::run
0x00007ff7c167455c (Unity) IOService::Run
0x00007ff7c16479bf (Unity) AssetImportWorkerClient::Run
0x00007ff7c1613327 (Unity) RunAssetImportWorkerClientV2
0x00007ff7c16133ab (Unity) RunAssetImporterV2
0x00007ff7c0e0bdfe (Unity) Application::InitializeProject
0x00007ff7c129fcd5 (Unity) WinMain
0x00007ff7c2651d4e (Unity) __scrt_common_main_seh
0x00007ffbfbff259d (KERNEL32) BaseThreadInitThunk
0x00007ffbfe00af38 (ntdll) RtlUserThreadStart

Begin MonoManager ReloadAssembly
- Loaded All Assemblies, in  0.839 seconds
Native extension for WindowsStandalone target not found
Native extension for Android target not found
Native extension for WebGL target not found
System.Exception: Error! Visual Scripting: couldn't find visual scripting package
  at Unity.VisualScripting.PackageVersionUtility.get_version () [0x00043] in .\Library\PackageCache\com.unity.visualscripting@1.9.4\Editor\VisualScripting.Core\Utilities\PackageVersionUtility.cs:31 
  at Unity.VisualScripting.BoltCoreManifest.get_version () [0x00000] in .\Library\PackageCache\com.unity.visualscripting@1.9.4\Editor\VisualScripting.Core\Plugin\BoltCoreManifest.cs:11 
  at Unity.VisualScripting.PluginManifest.get_currentVersion () [0x00000] in .\Library\PackageCache\com.unity.visualscripting@1.9.4\Editor\VisualScripting.Core\Plugins\PluginManifest.cs:33 
  at Unity.VisualScripting.PluginManifest.get_versionMismatch () [0x00000] in .\Library\PackageCache\com.unity.visualscripting@1.9.4\Editor\VisualScripting.Core\Plugins\PluginManifest.cs:48 
  at Unity.VisualScripting.PluginContainer.Initialize () [0x00525] in .\Library\PackageCache\com.unity.visualscripting@1.9.4\Editor\VisualScripting.Core\Plugins\PluginContainer.cs:208 
  at Unity.VisualScripting.PluginContainer.InitializeOnLoad () [0x00009] in .\Library\PackageCache\com.unity.visualscripting@1.9.4\Editor\VisualScripting.Core\Plugins\PluginContainer.cs:32 
  at Unity.VisualScripting.VSUsageUtility.DoInitializeOnLoadCalls () [0x00034] in .\Library\PackageCache\com.unity.visualscripting@1.9.4\Editor\VisualScripting.Core\Utilities\VSUsageUtility.cs:76 
  at Unity.VisualScripting.VSUsageUtility.set_isVisualScriptingUsed (System.Boolean value) [0x0002c] in .\Library\PackageCache\com.unity.visualscripting@1.9.4\Editor\VisualScripting.Core\Utilities\VSUsageUtility.cs:114 
  at Unity.VisualScripting.VSUsageUtility.CheckAndSetIsVisualScriptingUsed () [0x00032] in .\Library\PackageCache\com.unity.visualscripting@1.9.4\Editor\VisualScripting.Core\Utilities\VSUsageUtility.cs:48 
  at Unity.VisualScripting.VSUsageUtility..cctor () [0x00000] in .\Library\PackageCache\com.unity.visualscripting@1.9.4\Editor\VisualScripting.Core\Utilities\VSUsageUtility.cs:22 
0x00007ff7c029eb4d (Unity) StackWalker::GetCurrentCallstack
0x00007ff7c02a3c29 (Unity) StackWalker::ShowCallstack
0x00007ff7c1295041 (Unity) GetStacktrace
0x00007ff7c195020e (Unity) DebugStringToFile
0x00007ff7bf1e11b8 (Unity) DebugLogHandler_CUSTOM_Internal_Log
0x000002667bdf2183 (Mono JIT Code) (wrapper managed-to-native) UnityEngine.DebugLogHandler:Internal_Log (UnityEngine.LogType,UnityEngine.LogOption,string,UnityEngine.Object)
0x000002667bdf1e6b (Mono JIT Code) UnityEngine.DebugLogHandler:LogFormat (UnityEngine.LogType,UnityEngine.Object,string,object[])
0x000002667bddffe0 (Mono JIT Code) UnityEngine.Logger:Log (UnityEngine.LogType,object)
0x000002667bdeff55 (Mono JIT Code) UnityEngine.Debug:LogError (object)
0x000002667e940fbb (Mono JIT Code) UnityEditor.EditorAssemblies:ProcessInitializeOnLoadAttributes (System.Type[])
0x000002667e4994d8 (Mono JIT Code) (wrapper runtime-invoke) <Module>:runtime_invoke_void_object (object,intptr,intptr,intptr)
0x00007ffb98a84c2e (mono-2.0-bdwgc) mono_jit_runtime_invoke (at C:/build/output/Unity-Technologies/mono/mono/mini/mini-runtime.c:3445)
0x00007ffb989bd254 (mono-2.0-bdwgc) do_runtime_invoke (at C:/build/output/Unity-Technologies/mono/mono/metadata/object.c:3068)
0x00007ffb989bd3cc (mono-2.0-bdwgc) mono_runtime_invoke (at C:/build/output/Unity-Technologies/mono/mono/metadata/object.c:3115)
0x00007ff7c01b7114 (Unity) scripting_method_invoke
0x00007ff7c0194d24 (Unity) ScriptingInvocation::Invoke
0x00007ff7c018f845 (Unity) ScriptingInvocation::Invoke<void>
0x00007ff7c02e0e13 (Unity) Scripting::UnityEditor::EditorAssembliesProxy::ProcessInitializeOnLoadAttributes
0x00007ff7c01896f8 (Unity) MonoManager::SetupLoadedEditorAssemblies
0x00007ff7c017f584 (Unity) MonoManager::FinalizeReload
0x00007ff7c0186d39 (Unity) MonoManager::ReloadAssembly
0x00007ff7c1132b3b (Unity) LoadDomainAndUserAssemblies
0x00007ff7c1619774 (Unity) WorkerDomainReloadV2
0x00007ff7c163a39f (Unity) <lambda_943be6b2c5671afd01d59371cf3ef730>::operator()
0x00007ff7c16761b2 (Unity) asio::detail::completion_handler<core::mutable_function<void __cdecl(void)>,asio::io_context::basic_executor_type<std::allocator<void>,0> >::do_complete
0x00007ff7c166215e (Unity) asio::detail::win_iocp_io_context::do_one
0x00007ff7c1663d8e (Unity) asio::detail::win_iocp_io_context::run
0x00007ff7c167455c (Unity) IOService::Run
0x00007ff7c16479bf (Unity) AssetImportWorkerClient::Run
0x00007ff7c1613327 (Unity) RunAssetImportWorkerClientV2
0x00007ff7c16133ab (Unity) RunAssetImporterV2
0x00007ff7c0e0bdfe (Unity) Application::InitializeProject
0x00007ff7c129fcd5 (Unity) WinMain
0x00007ff7c2651d4e (Unity) __scrt_common_main_seh
0x00007ffbfbff259d (KERNEL32) BaseThreadInitThunk
0x00007ffbfe00af38 (ntdll) RtlUserThreadStart

Package Manager log level set to [2]
[Package Manager] Server::EnsureServerProcessIsRunning -- launch failed, reason: Unity was launched with the -noUpm command-line argument
[Package Manager] UpmClient::Send -- Unable to send message (not connected to UPM process).
[Package Manager] Cannot connect to Unity Package Manager local server
Mono: successfully reloaded assembly
[Package Manager] Server::EnsureServerProcessIsRunning -- launch failed, reason: Unity was launched with the -noUpm command-line argument
[Package Manager] UpmClient::Send -- Unable to send message (not connected to UPM process).
[Package Manager] Cannot connect to Unity Package Manager local server
[Package Manager] Server::EnsureServerProcessIsRunning -- launch failed, reason: Unity was launched with the -noUpm command-line argument
[Package Manager] UpmClient::Send -- Unable to send message (not connected to UPM process).
[Package Manager] Cannot connect to Unity Package Manager local server
- Finished resetting the current domain, in  1.188 seconds
Domain Reload Profiling: 2021ms
	BeginReloadAssembly (177ms)
		ExecutionOrderSort (0ms)
		DisableScriptedObjects (5ms)
		BackupInstance (0ms)
		ReleaseScriptingObjects (0ms)
		CreateAndSetChildDomain (24ms)
	RebuildCommonClasses (44ms)
	RebuildNativeTypeToScriptingClass (11ms)
	initialDomainReloadingComplete (48ms)
	LoadAllAssembliesAndSetupDomain (552ms)
		LoadAssemblies (433ms)
		RebuildTransferFunctionScriptingTraits (0ms)
		AnalyzeDomain (206ms)
			TypeCache.Refresh (172ms)
				TypeCache.ScanAssembly (153ms)
			ScanForSourceGeneratedMonoScriptInfo (28ms)
			ResolveRequiredComponents (6ms)
	FinalizeReload (1188ms)
		ReleaseScriptCaches (0ms)
		RebuildScriptCaches (0ms)
		SetupLoadedEditorAssemblies (1026ms)
			LogAssemblyErrors (0ms)
			InitializePlatformSupportModulesInManaged (25ms)
			SetLoadedEditorAssemblies (4ms)
			RefreshPlugins (0ms)
			BeforeProcessingInitializeOnLoad (84ms)
			ProcessInitializeOnLoadAttributes (867ms)
			ProcessInitializeOnLoadMethodAttributes (38ms)
			AfterProcessingInitializeOnLoad (8ms)
			EditorAssembliesLoaded (0ms)
		ExecutionOrderSort2 (0ms)
		AwakeInstancesAfterBackupRestoration (5ms)
Launched and connected shader compiler UnityShaderCompiler.exe after 0.07 seconds
Refreshing native plugins compatible for Editor in 9.51 ms, found 4 plugins.
Preloading 0 native plugins for Editor in 0.00 ms.
Unloading 4388 Unused Serialized files (Serialized files now loaded: 0)
Unloading 32 unused Assets / (57.6 KB). Loaded Objects now: 4864.
Memory consumption went from 151.9 MB to 151.8 MB.
Total: 13.785900 ms (FindLiveObjects: 0.496000 ms CreateObjectMapping: 0.267700 ms MarkObjects: 12.824300 ms  DeleteObjects: 0.195500 ms)

AssetImportParameters requested are different than current active one (requested -> active):
  custom:container-demuxer-ogg: 62fdf1f143b41e24485cea50d1cbac27 -> 
  custom:video-decoder-ogg-theora: a1e56fd34408186e4bbccfd4996cb3dc -> 
  custom:framework-win-MediaFoundation: 216162199b28c13a410421893ffa2e32 -> 
  custom:CustomObjectIndexerAttribute: 9a22284fe3817be447336de3de66b15e -> 
  custom:container-demuxer-webm: 4f35f7cbe854078d1ac9338744f61a02 -> 
  custom:container-muxer-webm: aa71ff27fc2769a1b78a27578f13a17b -> 
  custom:video-decoder-webm-vp8: 9c59270c3fd7afecdb556c50c9e8de78 -> 
  custom:SearchIndexIgnoredProperties: e643bd26f0fe6173181afceb89e7c659 -> 
  custom:AudioImporter_EditorPlatform: d09bf68614088b80899f8185d706f6e7 -> 
  custom:video-encoder-webm-vp8: eb34c28f22e8b96e1ab97ce403110664 -> 
  custom:audio-decoder-ogg-vorbis: bf7c407c2cedff20999df2af8eb42d56 -> 
  custom:audio-encoder-webm-vorbis: bf7c407c2cedff20999df2af8eb42d56 -> 
========================================================================
Received Prepare
Refreshing native plugins compatible for Editor in 14.36 ms, found 4 plugins.
Preloading 0 native plugins for Editor in 0.00 ms.
Unloading 2 Unused Serialized files (Serialized files now loaded: 0)
Unloading 1 unused Assets / (5.3 KB). Loaded Objects now: 4865.
Memory consumption went from 79.2 MB to 79.2 MB.
Total: 17.844400 ms (FindLiveObjects: 0.550800 ms CreateObjectMapping: 0.460600 ms MarkObjects: 16.774100 ms  DeleteObjects: 0.057200 ms)

Prepare: number of updated asset objects reloaded= 0
AssetImportParameters requested are different than current active one (requested -> active):
  custom:container-demuxer-ogg: 62fdf1f143b41e24485cea50d1cbac27 -> 
  custom:video-decoder-ogg-theora: a1e56fd34408186e4bbccfd4996cb3dc -> 
  custom:framework-win-MediaFoundation: 216162199b28c13a410421893ffa2e32 -> 
  custom:CustomObjectIndexerAttribute: 9a22284fe3817be447336de3de66b15e -> 
  custom:container-demuxer-webm: 4f35f7cbe854078d1ac9338744f61a02 -> 
  custom:container-muxer-webm: aa71ff27fc2769a1b78a27578f13a17b -> 
  custom:video-decoder-webm-vp8: 9c59270c3fd7afecdb556c50c9e8de78 -> 
  custom:SearchIndexIgnoredProperties: e643bd26f0fe6173181afceb89e7c659 -> 
  custom:AudioImporter_EditorPlatform: d09bf68614088b80899f8185d706f6e7 -> 
  custom:video-encoder-webm-vp8: eb34c28f22e8b96e1ab97ce403110664 -> 
  custom:audio-decoder-ogg-vorbis: bf7c407c2cedff20999df2af8eb42d56 -> 
  custom:audio-encoder-webm-vorbis: bf7c407c2cedff20999df2af8eb42d56 -> 
========================================================================
Received Prepare
Caller must complete domain reload
0x00007ff7c029eb4d (Unity) StackWalker::GetCurrentCallstack
0x00007ff7c02a3c29 (Unity) StackWalker::ShowCallstack
0x00007ff7c1295041 (Unity) GetStacktrace
0x00007ff7c195020e (Unity) DebugStringToFile
0x00007ff7c194ff4a (Unity) AssertImplementation
0x00007ff7c11329cc (Unity) Internal_ADB_WorkerOnly_DomainReload
0x00007ff7c1619774 (Unity) WorkerDomainReloadV2
0x00007ff7c163a985 (Unity) <lambda_b37b41f03089e3cb3f55061bbc93253d>::operator()
0x00007ff7c16761b2 (Unity) asio::detail::completion_handler<core::mutable_function<void __cdecl(void)>,asio::io_context::basic_executor_type<std::allocator<void>,0> >::do_complete
0x00007ff7c166215e (Unity) asio::detail::win_iocp_io_context::do_one
0x00007ff7c1663dc4 (Unity) asio::detail::win_iocp_io_context::run
0x00007ff7c167455c (Unity) IOService::Run
0x00007ff7c16479bf (Unity) AssetImportWorkerClient::Run
0x00007ff7c1613327 (Unity) RunAssetImportWorkerClientV2
0x00007ff7c16133ab (Unity) RunAssetImporterV2
0x00007ff7c0e0bdfe (Unity) Application::InitializeProject
0x00007ff7c129fcd5 (Unity) WinMain
0x00007ff7c2651d4e (Unity) __scrt_common_main_seh
0x00007ffbfbff259d (KERNEL32) BaseThreadInitThunk
0x00007ffbfe00af38 (ntdll) RtlUserThreadStart

Begin MonoManager ReloadAssembly
- Loaded All Assemblies, in  1.625 seconds
Native extension for WindowsStandalone target not found
Native extension for Android target not found
Native extension for WebGL target not found
Could not load the file 'NiceIO'.
0x00007ff7c029eb4d (Unity) StackWalker::GetCurrentCallstack
0x00007ff7c02a3c29 (Unity) StackWalker::ShowCallstack
0x00007ff7c1295041 (Unity) GetStacktrace
0x00007ff7c195020e (Unity) DebugStringToFile
0x00007ff7bf1e11b8 (Unity) DebugLogHandler_CUSTOM_Internal_Log
0x000002667be6a4b3 (Mono JIT Code) (wrapper managed-to-native) UnityEngine.DebugLogHandler:Internal_Log (UnityEngine.LogType,UnityEngine.LogOption,string,UnityEngine.Object)
0x000002667be6a19b (Mono JIT Code) UnityEngine.DebugLogHandler:LogFormat (UnityEngine.LogType,UnityEngine.Object,string,object[])
0x000002667be69f20 (Mono JIT Code) UnityEngine.Logger:Log (UnityEngine.LogType,object)
0x000002667be69de8 (Mono JIT Code) UnityEngine.Debug:LogWarning (object)
0x000002667be65afb (Mono JIT Code) Unity.VisualScripting.Codebase:IsEditorAssembly (System.Reflection.Assembly,System.Collections.Generic.HashSet`1<string>) (at ./Library/PackageCache/com.unity.visualscripting@1.9.4/Editor/VisualScripting.Core/Reflection/Codebase.cs:384)
0x000002667be656e3 (Mono JIT Code) Unity.VisualScripting.Codebase:IsRuntimeAssembly (System.Reflection.Assembly) (at ./Library/PackageCache/com.unity.visualscripting@1.9.4/Editor/VisualScripting.Core/Reflection/Codebase.cs:404)
0x000002667be64403 (Mono JIT Code) Unity.VisualScripting.Codebase:.cctor () (at ./Library/PackageCache/com.unity.visualscripting@1.9.4/Editor/VisualScripting.Core/Reflection/Codebase.cs:46)
0x000002667be02515 (Mono JIT Code) (wrapper runtime-invoke) object:runtime_invoke_void (object,intptr,intptr,intptr)
0x00007ffb98a84c2e (mono-2.0-bdwgc) mono_jit_runtime_invoke (at C:/build/output/Unity-Technologies/mono/mono/mini/mini-runtime.c:3445)
0x00007ffb989bd254 (mono-2.0-bdwgc) do_runtime_invoke (at C:/build/output/Unity-Technologies/mono/mono/metadata/object.c:3068)
0x00007ffb989b7ff9 (mono-2.0-bdwgc) mono_runtime_class_init_full (at C:/build/output/Unity-Technologies/mono/mono/metadata/object.c:563)
0x00007ffb98a7bbb5 (mono-2.0-bdwgc) mono_jit_compile_method_inner (at C:/build/output/Unity-Technologies/mono/mono/mini/mini.c:4228)
0x00007ffb98a8281c (mono-2.0-bdwgc) mono_jit_compile_method_with_opt (at C:/build/output/Unity-Technologies/mono/mono/mini/mini-runtime.c:2700)
0x00007ffb98b7ce24 (mono-2.0-bdwgc) common_call_trampoline (at C:/build/output/Unity-Technologies/mono/mono/mini/mini-trampolines.c:641)
0x00007ffb98b7d8e8 (mono-2.0-bdwgc) mono_magic_trampoline (at C:/build/output/Unity-Technologies/mono/mono/mini/mini-trampolines.c:792)
0x00000266595b03a6 ((<unknown>)) 
0x000002667be60163 (Mono JIT Code) Unity.VisualScripting.PluginContainer:Initialize () (at ./Library/PackageCache/com.unity.visualscripting@1.9.4/Editor/VisualScripting.Core/Plugins/PluginContainer.cs:86)
0x000002667be0de83 (Mono JIT Code) Unity.VisualScripting.PluginContainer:InitializeOnLoad () (at ./Library/PackageCache/com.unity.visualscripting@1.9.4/Editor/VisualScripting.Core/Plugins/PluginContainer.cs:33)
0x000002667be033a3 (Mono JIT Code) Unity.VisualScripting.VSUsageUtility:DoInitializeOnLoadCalls () (at ./Library/PackageCache/com.unity.visualscripting@1.9.4/Editor/VisualScripting.Core/Utilities/VSUsageUtility.cs:78)
0x000002667be0300b (Mono JIT Code) Unity.VisualScripting.VSUsageUtility:set_isVisualScriptingUsed (bool) (at ./Library/PackageCache/com.unity.visualscripting@1.9.4/Editor/VisualScripting.Core/Utilities/VSUsageUtility.cs:117)
0x000002667be02e8b (Mono JIT Code) Unity.VisualScripting.VSUsageUtility:CheckAndSetIsVisualScriptingUsed () (at ./Library/PackageCache/com.unity.visualscripting@1.9.4/Editor/VisualScripting.Core/Utilities/VSUsageUtility.cs:34)
0x000002667be02423 (Mono JIT Code) Unity.VisualScripting.VSUsageUtility:.cctor () (at ./Library/PackageCache/com.unity.visualscripting@1.9.4/Editor/VisualScripting.Core/Utilities/VSUsageUtility.cs:23)
0x000002667be02515 (Mono JIT Code) (wrapper runtime-invoke) object:runtime_invoke_void (object,intptr,intptr,intptr)
0x00007ffb98a84c2e (mono-2.0-bdwgc) mono_jit_runtime_invoke (at C:/build/output/Unity-Technologies/mono/mono/mini/mini-runtime.c:3445)
0x00007ffb989bd254 (mono-2.0-bdwgc) do_runtime_invoke (at C:/build/output/Unity-Technologies/mono/mono/metadata/object.c:3068)
0x00007ffb989b7ff9 (mono-2.0-bdwgc) mono_runtime_class_init_full (at C:/build/output/Unity-Technologies/mono/mono/metadata/object.c:563)
0x00007ffb988ede07 (mono-2.0-bdwgc) ves_icall_System_Runtime_CompilerServices_RuntimeHelpers_RunClassConstructor (at C:/build/output/Unity-Technologies/mono/mono/metadata/icall.c:1292)
0x00007ffb9891feec (mono-2.0-bdwgc) ves_icall_System_Runtime_CompilerServices_RuntimeHelpers_RunClassConstructor_raw (at C:/build/output/Unity-Technologies/mono/mono/metadata/icall-def.h:756)
0x000002667be5895a (Mono JIT Code) (wrapper managed-to-native) System.Runtime.CompilerServices.RuntimeHelpers:RunClassConstructor (intptr)
0x000002667be5886b (Mono JIT Code) System.Runtime.CompilerServices.RuntimeHelpers:RunClassConstructor (System.RuntimeTypeHandle)
0x000002667be54b9b (Mono JIT Code) UnityEditor.EditorAssemblies:ProcessInitializeOnLoadAttributes (System.Type[])
0x0000026659d794d8 (Mono JIT Code) (wrapper runtime-invoke) <Module>:runtime_invoke_void_object (object,intptr,intptr,intptr)
0x00007ffb98a84c2e (mono-2.0-bdwgc) mono_jit_runtime_invoke (at C:/build/output/Unity-Technologies/mono/mono/mini/mini-runtime.c:3445)
0x00007ffb989bd254 (mono-2.0-bdwgc) do_runtime_invoke (at C:/build/output/Unity-Technologies/mono/mono/metadata/object.c:3068)
0x00007ffb989bd3cc (mono-2.0-bdwgc) mono_runtime_invoke (at C:/build/output/Unity-Technologies/mono/mono/metadata/object.c:3115)
0x00007ff7c01b7114 (Unity) scripting_method_invoke
0x00007ff7c0194d24 (Unity) ScriptingInvocation::Invoke
0x00007ff7c018f845 (Unity) ScriptingInvocation::Invoke<void>
0x00007ff7c02e0e13 (Unity) Scripting::UnityEditor::EditorAssembliesProxy::ProcessInitializeOnLoadAttributes
0x00007ff7c01896f8 (Unity) MonoManager::SetupLoadedEditorAssemblies
0x00007ff7c017f584 (Unity) MonoManager::FinalizeReload
0x00007ff7c0186d39 (Unity) MonoManager::ReloadAssembly
0x00007ff7c1132b3b (Unity) LoadDomainAndUserAssemblies
0x00007ff7c1619774 (Unity) WorkerDomainReloadV2
0x00007ff7c163a985 (Unity) <lambda_b37b41f03089e3cb3f55061bbc93253d>::operator()
0x00007ff7c16761b2 (Unity) asio::detail::completion_handler<core::mutable_function<void __cdecl(void)>,asio::io_context::basic_executor_type<std::allocator<void>,0> >::do_complete
0x00007ff7c166215e (Unity) asio::detail::win_iocp_io_context::do_one
0x00007ff7c1663dc4 (Unity) asio::detail::win_iocp_io_context::run
0x00007ff7c167455c (Unity) IOService::Run
0x00007ff7c16479bf (Unity) AssetImportWorkerClient::Run
0x00007ff7c1613327 (Unity) RunAssetImportWorkerClientV2
0x00007ff7c16133ab (Unity) RunAssetImporterV2
0x00007ff7c0e0bdfe (Unity) Application::InitializeProject
0x00007ff7c129fcd5 (Unity) WinMain
0x00007ff7c2651d4e (Unity) __scrt_common_main_seh
0x00007ffbfbff259d (KERNEL32) BaseThreadInitThunk
0x00007ffbfe00af38 (ntdll) RtlUserThreadStart

System.Exception: Error! Visual Scripting: couldn't find visual scripting package
  at Unity.VisualScripting.PackageVersionUtility.get_version () [0x00043] in .\Library\PackageCache\com.unity.visualscripting@1.9.4\Editor\VisualScripting.Core\Utilities\PackageVersionUtility.cs:31 
  at Unity.VisualScripting.BoltCoreManifest.get_version () [0x00000] in .\Library\PackageCache\com.unity.visualscripting@1.9.4\Editor\VisualScripting.Core\Plugin\BoltCoreManifest.cs:11 
  at Unity.VisualScripting.PluginManifest.get_currentVersion () [0x00000] in .\Library\PackageCache\com.unity.visualscripting@1.9.4\Editor\VisualScripting.Core\Plugins\PluginManifest.cs:33 
  at Unity.VisualScripting.PluginManifest.get_versionMismatch () [0x00000] in .\Library\PackageCache\com.unity.visualscripting@1.9.4\Editor\VisualScripting.Core\Plugins\PluginManifest.cs:48 
  at Unity.VisualScripting.PluginContainer.Initialize () [0x00525] in .\Library\PackageCache\com.unity.visualscripting@1.9.4\Editor\VisualScripting.Core\Plugins\PluginContainer.cs:208 
  at Unity.VisualScripting.PluginContainer.InitializeOnLoad () [0x00009] in .\Library\PackageCache\com.unity.visualscripting@1.9.4\Editor\VisualScripting.Core\Plugins\PluginContainer.cs:32 
  at Unity.VisualScripting.VSUsageUtility.DoInitializeOnLoadCalls () [0x00034] in .\Library\PackageCache\com.unity.visualscripting@1.9.4\Editor\VisualScripting.Core\Utilities\VSUsageUtility.cs:76 
  at Unity.VisualScripting.VSUsageUtility.set_isVisualScriptingUsed (System.Boolean value) [0x0002c] in .\Library\PackageCache\com.unity.visualscripting@1.9.4\Editor\VisualScripting.Core\Utilities\VSUsageUtility.cs:114 
  at Unity.VisualScripting.VSUsageUtility.CheckAndSetIsVisualScriptingUsed () [0x0000d] in .\Library\PackageCache\com.unity.visualscripting@1.9.4\Editor\VisualScripting.Core\Utilities\VSUsageUtility.cs:33 
  at Unity.VisualScripting.VSUsageUtility..cctor () [0x00000] in .\Library\PackageCache\com.unity.visualscripting@1.9.4\Editor\VisualScripting.Core\Utilities\VSUsageUtility.cs:22 
0x00007ff7c029eb4d (Unity) StackWalker::GetCurrentCallstack
0x00007ff7c02a3c29 (Unity) StackWalker::ShowCallstack
0x00007ff7c1295041 (Unity) GetStacktrace
0x00007ff7c195020e (Unity) DebugStringToFile
0x00007ff7bf1e11b8 (Unity) DebugLogHandler_CUSTOM_Internal_Log
0x000002667be6a4b3 (Mono JIT Code) (wrapper managed-to-native) UnityEngine.DebugLogHandler:Internal_Log (UnityEngine.LogType,UnityEngine.LogOption,string,UnityEngine.Object)
0x000002667be6a19b (Mono JIT Code) UnityEngine.DebugLogHandler:LogFormat (UnityEngine.LogType,UnityEngine.Object,string,object[])
0x000002667be69f20 (Mono JIT Code) UnityEngine.Logger:Log (UnityEngine.LogType,object)
0x000002667e806de5 (Mono JIT Code) UnityEngine.Debug:LogError (object)
0x000002667be54c4b (Mono JIT Code) UnityEditor.EditorAssemblies:ProcessInitializeOnLoadAttributes (System.Type[])
0x0000026659d794d8 (Mono JIT Code) (wrapper runtime-invoke) <Module>:runtime_invoke_void_object (object,intptr,intptr,intptr)
0x00007ffb98a84c2e (mono-2.0-bdwgc) mono_jit_runtime_invoke (at C:/build/output/Unity-Technologies/mono/mono/mini/mini-runtime.c:3445)
0x00007ffb989bd254 (mono-2.0-bdwgc) do_runtime_invoke (at C:/build/output/Unity-Technologies/mono/mono/metadata/object.c:3068)
0x00007ffb989bd3cc (mono-2.0-bdwgc) mono_runtime_invoke (at C:/build/output/Unity-Technologies/mono/mono/metadata/object.c:3115)
0x00007ff7c01b7114 (Unity) scripting_method_invoke
0x00007ff7c0194d24 (Unity) ScriptingInvocation::Invoke
0x00007ff7c018f845 (Unity) ScriptingInvocation::Invoke<void>
0x00007ff7c02e0e13 (Unity) Scripting::UnityEditor::EditorAssembliesProxy::ProcessInitializeOnLoadAttributes
0x00007ff7c01896f8 (Unity) MonoManager::SetupLoadedEditorAssemblies
0x00007ff7c017f584 (Unity) MonoManager::FinalizeReload
0x00007ff7c0186d39 (Unity) MonoManager::ReloadAssembly
0x00007ff7c1132b3b (Unity) LoadDomainAndUserAssemblies
0x00007ff7c1619774 (Unity) WorkerDomainReloadV2
0x00007ff7c163a985 (Unity) <lambda_b37b41f03089e3cb3f55061bbc93253d>::operator()
0x00007ff7c16761b2 (Unity) asio::detail::completion_handler<core::mutable_function<void __cdecl(void)>,asio::io_context::basic_executor_type<std::allocator<void>,0> >::do_complete
0x00007ff7c166215e (Unity) asio::detail::win_iocp_io_context::do_one
0x00007ff7c1663dc4 (Unity) asio::detail::win_iocp_io_context::run
0x00007ff7c167455c (Unity) IOService::Run
0x00007ff7c16479bf (Unity) AssetImportWorkerClient::Run
0x00007ff7c1613327 (Unity) RunAssetImportWorkerClientV2
0x00007ff7c16133ab (Unity) RunAssetImporterV2
0x00007ff7c0e0bdfe (Unity) Application::InitializeProject
0x00007ff7c129fcd5 (Unity) WinMain
0x00007ff7c2651d4e (Unity) __scrt_common_main_seh
0x00007ffbfbff259d (KERNEL32) BaseThreadInitThunk
0x00007ffbfe00af38 (ntdll) RtlUserThreadStart

[Package Manager] Server::EnsureServerProcessIsRunning -- launch failed, reason: Unity was launched with the -noUpm command-line argument
[Package Manager] UpmClient::Send -- Unable to send message (not connected to UPM process).
[Package Manager] Cannot connect to Unity Package Manager local server
Mono: successfully reloaded assembly
[Package Manager] Server::EnsureServerProcessIsRunning -- launch failed, reason: Unity was launched with the -noUpm command-line argument
[Package Manager] UpmClient::Send -- Unable to send message (not connected to UPM process).
[Package Manager] Cannot connect to Unity Package Manager local server
- Finished resetting the current domain, in  1.837 seconds
Domain Reload Profiling: 3456ms
	BeginReloadAssembly (1083ms)
		ExecutionOrderSort (0ms)
		DisableScriptedObjects (847ms)
		BackupInstance (0ms)
		ReleaseScriptingObjects (0ms)
		CreateAndSetChildDomain (65ms)
	RebuildCommonClasses (53ms)
	RebuildNativeTypeToScriptingClass (14ms)
	initialDomainReloadingComplete (50ms)
	LoadAllAssembliesAndSetupDomain (419ms)
		LoadAssemblies (509ms)
		RebuildTransferFunctionScriptingTraits (0ms)
		AnalyzeDomain (23ms)
			TypeCache.Refresh (8ms)
				TypeCache.ScanAssembly (0ms)
			ScanForSourceGeneratedMonoScriptInfo (0ms)
			ResolveRequiredComponents (13ms)
	FinalizeReload (1837ms)
		ReleaseScriptCaches (0ms)
		RebuildScriptCaches (0ms)
		SetupLoadedEditorAssemblies (1230ms)
			LogAssemblyErrors (0ms)
			InitializePlatformSupportModulesInManaged (31ms)
			SetLoadedEditorAssemblies (6ms)
			RefreshPlugins (0ms)
			BeforeProcessingInitializeOnLoad (124ms)
			ProcessInitializeOnLoadAttributes (1014ms)
			ProcessInitializeOnLoadMethodAttributes (42ms)
			AfterProcessingInitializeOnLoad (13ms)
			EditorAssembliesLoaded (0ms)
		ExecutionOrderSort2 (0ms)
		AwakeInstancesAfterBackupRestoration (12ms)
Refreshing native plugins compatible for Editor in 12.97 ms, found 4 plugins.
Preloading 0 native plugins for Editor in 0.00 ms.
Unloading 4364 Unused Serialized files (Serialized files now loaded: 0)
Unloading 20 unused Assets / (31.7 KB). Loaded Objects now: 4870.
Memory consumption went from 146.7 MB to 146.6 MB.
Total: 12.283100 ms (FindLiveObjects: 0.490400 ms CreateObjectMapping: 0.361000 ms MarkObjects: 11.366600 ms  DeleteObjects: 0.062700 ms)

Prepare: number of updated asset objects reloaded= 0
AssetImportParameters requested are different than current active one (requested -> active):
  custom:container-demuxer-ogg: 62fdf1f143b41e24485cea50d1cbac27 -> 
  custom:video-decoder-ogg-theora: a1e56fd34408186e4bbccfd4996cb3dc -> 
  custom:framework-win-MediaFoundation: 216162199b28c13a410421893ffa2e32 -> 
  custom:CustomObjectIndexerAttribute: 9a22284fe3817be447336de3de66b15e -> 
  custom:container-demuxer-webm: 4f35f7cbe854078d1ac9338744f61a02 -> 
  custom:container-muxer-webm: aa71ff27fc2769a1b78a27578f13a17b -> 
  custom:video-decoder-webm-vp8: 9c59270c3fd7afecdb556c50c9e8de78 -> 
  custom:SearchIndexIgnoredProperties: e643bd26f0fe6173181afceb89e7c659 -> 
  custom:AudioImporter_EditorPlatform: d09bf68614088b80899f8185d706f6e7 -> 
  custom:video-encoder-webm-vp8: eb34c28f22e8b96e1ab97ce403110664 -> 
  custom:audio-decoder-ogg-vorbis: bf7c407c2cedff20999df2af8eb42d56 -> 
  custom:audio-encoder-webm-vorbis: bf7c407c2cedff20999df2af8eb42d56 -> 
========================================================================
Received Import Request.
  Time since last request: 380567.760245 seconds.
  path: Assets/Apps/cards.uxml
  artifactKey: Guid(0a017c9c7396a824ba6c6e2d7d02d16b) Importer(815301076,1909f56bfc062723c751e8b465ee728b)
Start importing Assets/Apps/cards.uxml using Guid(0a017c9c7396a824ba6c6e2d7d02d16b) Importer(815301076,1909f56bfc062723c751e8b465ee728b) [PhysX] Initialized MultithreadedTaskDispatcher with 12 workers.
Unknown pseudo class "pressed"
0x00007ff7c029eb4d (Unity) StackWalker::GetCurrentCallstack
0x00007ff7c02a3c29 (Unity) StackWalker::ShowCallstack
0x00007ff7c1295041 (Unity) GetStacktrace
0x00007ff7c195020e (Unity) DebugStringToFile
0x00007ff7bf1e11b8 (Unity) DebugLogHandler_CUSTOM_Internal_Log
0x000002667be6a4b3 (Mono JIT Code) (wrapper managed-to-native) UnityEngine.DebugLogHandler:Internal_Log (UnityEngine.LogType,UnityEngine.LogOption,string,UnityEngine.Object)
0x000002667be6a19b (Mono JIT Code) UnityEngine.DebugLogHandler:LogFormat (UnityEngine.LogType,UnityEngine.Object,string,object[])
0x000002667e93fb31 (Mono JIT Code) UnityEngine.Logger:LogFormat (UnityEngine.LogType,string,object[])
0x000002667e93fa6d (Mono JIT Code) UnityEngine.Debug:LogWarningFormat (string,object[])
0x000002667e93e533 (Mono JIT Code) UnityEngine.UIElements.StyleComplexSelector:CachePseudoStateMasks ()
0x000002667e93d74b (Mono JIT Code) UnityEngine.UIElements.StyleSheet:SetupReferences ()
0x000002667e93d4bb (Mono JIT Code) UnityEngine.UIElements.StyleSheet:OnEnable ()
0x0000026659d94b48 (Mono JIT Code) (wrapper runtime-invoke) object:runtime_invoke_void__this__ (object,intptr,intptr,intptr)
0x00007ffb98a84c2e (mono-2.0-bdwgc) mono_jit_runtime_invoke (at C:/build/output/Unity-Technologies/mono/mono/mini/mini-runtime.c:3445)
0x00007ffb989bd254 (mono-2.0-bdwgc) do_runtime_invoke (at C:/build/output/Unity-Technologies/mono/mono/metadata/object.c:3068)
0x00007ffb989bd3cc (mono-2.0-bdwgc) mono_runtime_invoke (at C:/build/output/Unity-Technologies/mono/mono/metadata/object.c:3115)
0x00007ff7c01b7114 (Unity) scripting_method_invoke
0x00007ff7c0194d24 (Unity) ScriptingInvocation::Invoke
0x00007ff7c0194e0e (Unity) ScriptingInvocation::InvokeChecked
0x00007ff7c0237be6 (Unity) SerializableManagedRef::CallMethod
0x00007ff7c017b511 (Unity) MonoBehaviour::AwakeFromLoad
0x00007ff7c027a64d (Unity) AwakeFromLoadQueue::InvokePersistentManagerAwake
0x00007ff7c027b621 (Unity) AwakeFromLoadQueue::PersistentManagerSingleQueueAwakeFromLoad
0x00007ff7c027b290 (Unity) AwakeFromLoadQueue::PersistentManagerAwakeFromLoad_NoChecks
0x00007ff7c024cd9f (Unity) PersistentManager::IntegrateAllThreadedObjects
0x00007ff7c024d5a0 (Unity) PersistentManager::LoadAndIntegrateAllPreallocatedObjects
0x00007ff7c0251972 (Unity) PersistentManager::ReadObject
0x00007ff7c156e572 (Unity) WritePreviews
0x00007ff7c15656d3 (Unity) PreviewImporter::GenerateAssetData
0x00007ff7c15aed9a (Unity) ImportToObjects
0x00007ff7c15ade4c (Unity) ImportAsset
0x00007ff7c15d2af8 (Unity) AssetImportWorker::Import
0x00007ff7c163b176 (Unity) <lambda_bb22b37f1864b0ddb585f90f93b1cadf>::operator()
0x00007ff7c16761b2 (Unity) asio::detail::completion_handler<core::mutable_function<void __cdecl(void)>,asio::io_context::basic_executor_type<std::allocator<void>,0> >::do_complete
0x00007ff7c166215e (Unity) asio::detail::win_iocp_io_context::do_one
0x00007ff7c1663dc4 (Unity) asio::detail::win_iocp_io_context::run
0x00007ff7c167455c (Unity) IOService::Run
0x00007ff7c16479bf (Unity) AssetImportWorkerClient::Run
0x00007ff7c1613327 (Unity) RunAssetImportWorkerClientV2
0x00007ff7c16133ab (Unity) RunAssetImporterV2
0x00007ff7c0e0bdfe (Unity) Application::InitializeProject
0x00007ff7c129fcd5 (Unity) WinMain
0x00007ff7c2651d4e (Unity) __scrt_common_main_seh
0x00007ffbfbff259d (KERNEL32) BaseThreadInitThunk
0x00007ffbfe00af38 (ntdll) RtlUserThreadStart

 -> (artifact id: '5dc1c5aa669b194fef1d3f076504c71a') in 0.050929 seconds
Number of updated asset objects reloaded before import = 0
Number of asset objects unloaded after import = 7
========================================================================
Received Import Request.
  Time since last request: 0.000034 seconds.
  path: Assets/Apps/listitem.uxml
  artifactKey: Guid(7246948c5d85e6b45a4d7a3a0136ea5d) Importer(815301076,1909f56bfc062723c751e8b465ee728b)
Start importing Assets/Apps/listitem.uxml using Guid(7246948c5d85e6b45a4d7a3a0136ea5d) Importer(815301076,1909f56bfc062723c751e8b465ee728b) [PhysX] Initialized MultithreadedTaskDispatcher with 12 workers.
Unknown pseudo class "pressed"
0x00007ff7c029eb4d (Unity) StackWalker::GetCurrentCallstack
0x00007ff7c02a3c29 (Unity) StackWalker::ShowCallstack
0x00007ff7c1295041 (Unity) GetStacktrace
0x00007ff7c195020e (Unity) DebugStringToFile
0x00007ff7bf1e11b8 (Unity) DebugLogHandler_CUSTOM_Internal_Log
0x000002667be6a4b3 (Mono JIT Code) (wrapper managed-to-native) UnityEngine.DebugLogHandler:Internal_Log (UnityEngine.LogType,UnityEngine.LogOption,string,UnityEngine.Object)
0x000002667be6a19b (Mono JIT Code) UnityEngine.DebugLogHandler:LogFormat (UnityEngine.LogType,UnityEngine.Object,string,object[])
0x000002667e93fb31 (Mono JIT Code) UnityEngine.Logger:LogFormat (UnityEngine.LogType,string,object[])
0x000002667e93fa6d (Mono JIT Code) UnityEngine.Debug:LogWarningFormat (string,object[])
0x000002667e93e533 (Mono JIT Code) UnityEngine.UIElements.StyleComplexSelector:CachePseudoStateMasks ()
0x000002667e93d74b (Mono JIT Code) UnityEngine.UIElements.StyleSheet:SetupReferences ()
0x000002667e93d4bb (Mono JIT Code) UnityEngine.UIElements.StyleSheet:OnEnable ()
0x0000026659d94b48 (Mono JIT Code) (wrapper runtime-invoke) object:runtime_invoke_void__this__ (object,intptr,intptr,intptr)
0x00007ffb98a84c2e (mono-2.0-bdwgc) mono_jit_runtime_invoke (at C:/build/output/Unity-Technologies/mono/mono/mini/mini-runtime.c:3445)
0x00007ffb989bd254 (mono-2.0-bdwgc) do_runtime_invoke (at C:/build/output/Unity-Technologies/mono/mono/metadata/object.c:3068)
0x00007ffb989bd3cc (mono-2.0-bdwgc) mono_runtime_invoke (at C:/build/output/Unity-Technologies/mono/mono/metadata/object.c:3115)
0x00007ff7c01b7114 (Unity) scripting_method_invoke
0x00007ff7c0194d24 (Unity) ScriptingInvocation::Invoke
0x00007ff7c0194e0e (Unity) ScriptingInvocation::InvokeChecked
0x00007ff7c0237be6 (Unity) SerializableManagedRef::CallMethod
0x00007ff7c017b511 (Unity) MonoBehaviour::AwakeFromLoad
0x00007ff7c027a64d (Unity) AwakeFromLoadQueue::InvokePersistentManagerAwake
0x00007ff7c027b621 (Unity) AwakeFromLoadQueue::PersistentManagerSingleQueueAwakeFromLoad
0x00007ff7c027b290 (Unity) AwakeFromLoadQueue::PersistentManagerAwakeFromLoad_NoChecks
0x00007ff7c024cd9f (Unity) PersistentManager::IntegrateAllThreadedObjects
0x00007ff7c024d5a0 (Unity) PersistentManager::LoadAndIntegrateAllPreallocatedObjects
0x00007ff7c0251972 (Unity) PersistentManager::ReadObject
0x00007ff7c156e572 (Unity) WritePreviews
0x00007ff7c15656d3 (Unity) PreviewImporter::GenerateAssetData
0x00007ff7c15aed9a (Unity) ImportToObjects
0x00007ff7c15ade4c (Unity) ImportAsset
0x00007ff7c15d2af8 (Unity) AssetImportWorker::Import
0x00007ff7c163b176 (Unity) <lambda_bb22b37f1864b0ddb585f90f93b1cadf>::operator()
0x00007ff7c16761b2 (Unity) asio::detail::completion_handler<core::mutable_function<void __cdecl(void)>,asio::io_context::basic_executor_type<std::allocator<void>,0> >::do_complete
0x00007ff7c166215e (Unity) asio::detail::win_iocp_io_context::do_one
0x00007ff7c1663dc4 (Unity) asio::detail::win_iocp_io_context::run
0x00007ff7c167455c (Unity) IOService::Run
0x00007ff7c16479bf (Unity) AssetImportWorkerClient::Run
0x00007ff7c1613327 (Unity) RunAssetImportWorkerClientV2
0x00007ff7c16133ab (Unity) RunAssetImporterV2
0x00007ff7c0e0bdfe (Unity) Application::InitializeProject
0x00007ff7c129fcd5 (Unity) WinMain
0x00007ff7c2651d4e (Unity) __scrt_common_main_seh
0x00007ffbfbff259d (KERNEL32) BaseThreadInitThunk
0x00007ffbfe00af38 (ntdll) RtlUserThreadStart

 -> (artifact id: '1347e0b948839c6b9b9929ebff58cf3b') in 0.006793 seconds
Number of updated asset objects reloaded before import = 0
Number of asset objects unloaded after import = 6
========================================================================
Received Import Request.
  Time since last request: 0.000038 seconds.
  path: Assets/Apps/main.uxml
  artifactKey: Guid(9b5afdba04e02574f911aadc5ea76f12) Importer(815301076,1909f56bfc062723c751e8b465ee728b)
Start importing Assets/Apps/main.uxml using Guid(9b5afdba04e02574f911aadc5ea76f12) Importer(815301076,1909f56bfc062723c751e8b465ee728b) [PhysX] Initialized MultithreadedTaskDispatcher with 12 workers.
Unknown pseudo class "pressed"
0x00007ff7c029eb4d (Unity) StackWalker::GetCurrentCallstack
0x00007ff7c02a3c29 (Unity) StackWalker::ShowCallstack
0x00007ff7c1295041 (Unity) GetStacktrace
0x00007ff7c195020e (Unity) DebugStringToFile
0x00007ff7bf1e11b8 (Unity) DebugLogHandler_CUSTOM_Internal_Log
0x000002667be6a4b3 (Mono JIT Code) (wrapper managed-to-native) UnityEngine.DebugLogHandler:Internal_Log (UnityEngine.LogType,UnityEngine.LogOption,string,UnityEngine.Object)
0x000002667be6a19b (Mono JIT Code) UnityEngine.DebugLogHandler:LogFormat (UnityEngine.LogType,UnityEngine.Object,string,object[])
0x000002667e93fb31 (Mono JIT Code) UnityEngine.Logger:LogFormat (UnityEngine.LogType,string,object[])
0x000002667e93fa6d (Mono JIT Code) UnityEngine.Debug:LogWarningFormat (string,object[])
0x000002667e93e533 (Mono JIT Code) UnityEngine.UIElements.StyleComplexSelector:CachePseudoStateMasks ()
0x000002667e93d74b (Mono JIT Code) UnityEngine.UIElements.StyleSheet:SetupReferences ()
0x000002667e93d4bb (Mono JIT Code) UnityEngine.UIElements.StyleSheet:OnEnable ()
0x0000026659d94b48 (Mono JIT Code) (wrapper runtime-invoke) object:runtime_invoke_void__this__ (object,intptr,intptr,intptr)
0x00007ffb98a84c2e (mono-2.0-bdwgc) mono_jit_runtime_invoke (at C:/build/output/Unity-Technologies/mono/mono/mini/mini-runtime.c:3445)
0x00007ffb989bd254 (mono-2.0-bdwgc) do_runtime_invoke (at C:/build/output/Unity-Technologies/mono/mono/metadata/object.c:3068)
0x00007ffb989bd3cc (mono-2.0-bdwgc) mono_runtime_invoke (at C:/build/output/Unity-Technologies/mono/mono/metadata/object.c:3115)
0x00007ff7c01b7114 (Unity) scripting_method_invoke
0x00007ff7c0194d24 (Unity) ScriptingInvocation::Invoke
0x00007ff7c0194e0e (Unity) ScriptingInvocation::InvokeChecked
0x00007ff7c0237be6 (Unity) SerializableManagedRef::CallMethod
0x00007ff7c017b511 (Unity) MonoBehaviour::AwakeFromLoad
0x00007ff7c027a64d (Unity) AwakeFromLoadQueue::InvokePersistentManagerAwake
0x00007ff7c027b621 (Unity) AwakeFromLoadQueue::PersistentManagerSingleQueueAwakeFromLoad
0x00007ff7c027b290 (Unity) AwakeFromLoadQueue::PersistentManagerAwakeFromLoad_NoChecks
0x00007ff7c024cd9f (Unity) PersistentManager::IntegrateAllThreadedObjects
0x00007ff7c024d5a0 (Unity) PersistentManager::LoadAndIntegrateAllPreallocatedObjects
0x00007ff7c0251972 (Unity) PersistentManager::ReadObject
0x00007ff7c156e572 (Unity) WritePreviews
0x00007ff7c15656d3 (Unity) PreviewImporter::GenerateAssetData
0x00007ff7c15aed9a (Unity) ImportToObjects
0x00007ff7c15ade4c (Unity) ImportAsset
0x00007ff7c15d2af8 (Unity) AssetImportWorker::Import
0x00007ff7c163b176 (Unity) <lambda_bb22b37f1864b0ddb585f90f93b1cadf>::operator()
0x00007ff7c16761b2 (Unity) asio::detail::completion_handler<core::mutable_function<void __cdecl(void)>,asio::io_context::basic_executor_type<std::allocator<void>,0> >::do_complete
0x00007ff7c166215e (Unity) asio::detail::win_iocp_io_context::do_one
0x00007ff7c1663dc4 (Unity) asio::detail::win_iocp_io_context::run
0x00007ff7c167455c (Unity) IOService::Run
0x00007ff7c16479bf (Unity) AssetImportWorkerClient::Run
0x00007ff7c1613327 (Unity) RunAssetImportWorkerClientV2
0x00007ff7c16133ab (Unity) RunAssetImporterV2
0x00007ff7c0e0bdfe (Unity) Application::InitializeProject
0x00007ff7c129fcd5 (Unity) WinMain
0x00007ff7c2651d4e (Unity) __scrt_common_main_seh
0x00007ffbfbff259d (KERNEL32) BaseThreadInitThunk
0x00007ffbfe00af38 (ntdll) RtlUserThreadStart

 -> (artifact id: '85d21029d5b368c5cad98fc755c7f87c') in 0.020110 seconds
Number of updated asset objects reloaded before import = 0
Number of asset objects unloaded after import = 12
